#
# There is insufficient memory for the Java Runtime Environment to continue.
# Native memory allocation (mmap) failed to map 72351744 bytes for committing reserved memory.
# Possible reasons:
#   The system is out of physical RAM or swap space
#   In 32 bit mode, the process size limit was hit
# Possible solutions:
#   Reduce memory load on the system
#   Increase physical memory or swap space
#   Check if swap backing store is full
#   Use 64 bit Java on a 64 bit OS
#   Decrease Java heap size (-Xmx/-Xms)
#   Decrease number of Java threads
#   Decrease Java thread stack sizes (-Xss)
#   Set larger code cache with -XX:ReservedCodeCacheSize=
# This output file may be truncated or incomplete.
#
#  Out of Memory Error (os_linux.cpp:2630), pid=3173, tid=0x00007fdc507d9700
#
# JRE version: OpenJDK Runtime Environment (8.0_111-b14) (build 1.8.0_111-8u111-b14-2ubuntu0.16.04.2-b14)
# Java VM: OpenJDK 64-Bit Server VM (25.111-b14 mixed mode linux-amd64 compressed oops)
# Failed to write core dump. Core dumps have been disabled. To enable core dumping, try "ulimit -c unlimited" before starting Java again
#

---------------  T H R E A D  ---------------

Current thread (0x00007fdc64077800):  VMThread [stack: 0x00007fdc506d9000,0x00007fdc507da000] [id=3182]

Stack: [0x00007fdc506d9000,0x00007fdc507da000],  sp=0x00007fdc507d84c0,  free space=1021k
Native frames: (J=compiled Java code, j=interpreted, Vv=VM code, C=native code)
V  [libjvm.so+0xa64d2b]
V  [libjvm.so+0x4c2dac]
V  [libjvm.so+0x8b3ba0]
V  [libjvm.so+0x8ae01e]
V  [libjvm.so+0x9288f6]
V  [libjvm.so+0x929c23]
V  [libjvm.so+0x9262d3]
V  [libjvm.so+0x92659c]
V  [libjvm.so+0x8d8433]
V  [libjvm.so+0xa669e2]
V  [libjvm.so+0xa6bab7]
V  [libjvm.so+0xa69287]
V  [libjvm.so+0xa6a70f]
V  [libjvm.so+0xa6ac01]
V  [libjvm.so+0x8b1082]

VM_Operation (0x00007fdc3b43cd30): ParallelGCFailedAllocation, mode: safepoint, requested by thread 0x00007fdc64188800


---------------  P R O C E S S  ---------------

Java Threads: ( => current thread )
  0x00007fdc64192000 JavaThread "pool-2-thread-4" [_thread_blocked, id=3195, stack(0x00007fdc3af3a000,0x00007fdc3b03b000)]
  0x00007fdc6418e000 JavaThread "pool-2-thread-3" [_thread_blocked, id=3194, stack(0x00007fdc3b03b000,0x00007fdc3b13c000)]
  0x00007fdc6418c800 JavaThread "pool-2-thread-2" [_thread_blocked, id=3193, stack(0x00007fdc3b13c000,0x00007fdc3b23d000)]
  0x00007fdc6418b000 JavaThread "pool-3-thread-1" [_thread_blocked, id=3192, stack(0x00007fdc3b23d000,0x00007fdc3b33e000)]
  0x00007fdc64188800 JavaThread "pool-2-thread-1" [_thread_blocked, id=3191, stack(0x00007fdc3b33e000,0x00007fdc3b43f000)]
  0x00007fdc640ca800 JavaThread "Service Thread" daemon [_thread_blocked, id=3189, stack(0x00007fdc3b540000,0x00007fdc3b641000)]
  0x00007fdc640b3000 JavaThread "C1 CompilerThread2" daemon [_thread_blocked, id=3188, stack(0x00007fdc500d3000,0x00007fdc501d4000)]
  0x00007fdc640b1000 JavaThread "C2 CompilerThread1" daemon [_thread_blocked, id=3187, stack(0x00007fdc501d4000,0x00007fdc502d5000)]
  0x00007fdc640ae800 JavaThread "C2 CompilerThread0" daemon [_thread_blocked, id=3186, stack(0x00007fdc502d5000,0x00007fdc503d6000)]
  0x00007fdc640ac000 JavaThread "Signal Dispatcher" daemon [_thread_blocked, id=3185, stack(0x00007fdc503d6000,0x00007fdc504d7000)]
  0x00007fdc64084000 JavaThread "Finalizer" daemon [_thread_blocked, id=3184, stack(0x00007fdc504d7000,0x00007fdc505d8000)]
  0x00007fdc6407f800 JavaThread "Reference Handler" daemon [_thread_blocked, id=3183, stack(0x00007fdc505d8000,0x00007fdc506d9000)]
  0x00007fdc6400a000 JavaThread "main" [_thread_blocked, id=3175, stack(0x00007fdc6b498000,0x00007fdc6b599000)]

Other Threads:
=>0x00007fdc64077800 VMThread [stack: 0x00007fdc506d9000,0x00007fdc507da000] [id=3182]
  0x00007fdc640cd000 WatcherThread [stack: 0x00007fdc3b43f000,0x00007fdc3b540000] [id=3190]

VM state:at safepoint (normal execution)

VM Mutex/Monitor currently owned by a thread:  ([mutex/lock_event])
[0x00007fdc640067a0] Threads_lock - owner thread: 0x00007fdc64077800
[0x00007fdc64006ca0] Heap_lock - owner thread: 0x00007fdc64188800

Heap:
 PSYoungGen      total 71168K, used 8677K [0x00000000eab00000, 0x00000000efa00000, 0x0000000100000000)
  eden space 62464K, 0% used [0x00000000eab00000,0x00000000eab00000,0x00000000ee800000)
  from space 8704K, 99% used [0x00000000ee800000,0x00000000ef079448,0x00000000ef080000)
  to   space 7680K, 0% used [0x00000000ef080000,0x00000000ef080000,0x00000000ef800000)
 ParOldGen       total 42496K, used 21484K [0x00000000c0000000, 0x00000000c2980000, 0x00000000eab00000)
  object space 42496K, 50% used [0x00000000c0000000,0x00000000c14fb178,0x00000000c2980000)
 Metaspace       used 6171K, capacity 7064K, committed 7424K, reserved 1056768K
  class space    used 602K, capacity 656K, committed 768K, reserved 1048576K

Card table byte_map: [0x00007fdc54836000,0x00007fdc54a37000] byte_map_base: 0x00007fdc54236000

Marking Bits: (ParMarkBitMap*) 0x00007fdc6a762220
 Begin Bits: [0x00007fdc523dd000, 0x00007fdc533dd000)
 End Bits:   [0x00007fdc533dd000, 0x00007fdc543dd000)

Polling page: 0x00007fdc6b5b4000

CodeCache: size=245760Kb used=6423Kb max_used=6423Kb free=239336Kb
 bounds [0x00007fdc54df7000, 0x00007fdc55447000, 0x00007fdc63df7000]
 total_blobs=1840 nmethods=1572 adapters=182
 compilation: enabled

Compilation events (10 events):
Event: 46,589 Thread 0x00007fdc640b3000 nmethod 1846 0x00007fdc55403690 code [0x00007fdc554037e0, 0x00007fdc55403930]
Event: 46,589 Thread 0x00007fdc640b3000 1848       2       com.android.dx.dex.cf.AttributeTranslator::getParameterAnnotations (69 bytes)
Event: 46,590 Thread 0x00007fdc640b3000 nmethod 1848 0x00007fdc5543e490 code [0x00007fdc5543e680, 0x00007fdc5543eab8]
Event: 46,590 Thread 0x00007fdc640b3000 1834       2       com.android.dx.rop.code.Insn$BaseVisitor::visitThrowingInsn (1 bytes)
Event: 46,590 Thread 0x00007fdc640b3000 nmethod 1834 0x00007fdc5543edd0 code [0x00007fdc5543ef20, 0x00007fdc5543f070]
Event: 46,590 Thread 0x00007fdc640b3000 1847       2       com.android.dx.dex.cf.AttributeTranslator::getMethodAnnotations (37 bytes)
Event: 46,591 Thread 0x00007fdc640b3000 nmethod 1847 0x00007fdc5543f110 code [0x00007fdc5543f340, 0x00007fdc5543f998]
Event: 46,591 Thread 0x00007fdc640b3000 1849       2       com.android.dx.dex.file.EncodedMethod::<init> (68 bytes)
Event: 46,591 Thread 0x00007fdc640b3000 nmethod 1849 0x00007fdc5543ff90 code [0x00007fdc55440120, 0x00007fdc55440438]
Event: 46,591 Thread 0x00007fdc640b3000 1892       2       com.android.dx.cf.code.LocalVariableList::concat (97 bytes)

GC Heap History (10 events):
Event: 3,373 GC heap after
Heap after GC invocations=2 (full 0):
 PSYoungGen      total 18432K, used 2528K [0x00000000eab00000, 0x00000000ecf00000, 0x0000000100000000)
  eden space 15872K, 0% used [0x00000000eab00000,0x00000000eab00000,0x00000000eba80000)
  from space 2560K, 98% used [0x00000000ebd00000,0x00000000ebf78038,0x00000000ebf80000)
  to   space 2560K, 0% used [0x00000000eba80000,0x00000000eba80000,0x00000000ebd00000)
 ParOldGen       total 42496K, used 3492K [0x00000000c0000000, 0x00000000c2980000, 0x00000000eab00000)
  object space 42496K, 8% used [0x00000000c0000000,0x00000000c03691b8,0x00000000c2980000)
 Metaspace       used 5720K, capacity 6704K, committed 6784K, reserved 1056768K
  class space    used 581K, capacity 616K, committed 640K, reserved 1048576K
}
Event: 10,028 GC heap before
{Heap before GC invocations=3 (full 0):
 PSYoungGen      total 18432K, used 18400K [0x00000000eab00000, 0x00000000ecf00000, 0x0000000100000000)
  eden space 15872K, 100% used [0x00000000eab00000,0x00000000eba80000,0x00000000eba80000)
  from space 2560K, 98% used [0x00000000ebd00000,0x00000000ebf78038,0x00000000ebf80000)
  to   space 2560K, 0% used [0x00000000eba80000,0x00000000eba80000,0x00000000ebd00000)
 ParOldGen       total 42496K, used 3492K [0x00000000c0000000, 0x00000000c2980000, 0x00000000eab00000)
  object space 42496K, 8% used [0x00000000c0000000,0x00000000c03691b8,0x00000000c2980000)
 Metaspace       used 5875K, capacity 6808K, committed 7168K, reserved 1056768K
  class space    used 600K, capacity 656K, committed 768K, reserved 1048576K
Event: 14,127 GC heap after
Heap after GC invocations=3 (full 0):
 PSYoungGen      total 18432K, used 2528K [0x00000000eab00000, 0x00000000ecf00000, 0x0000000100000000)
  eden space 15872K, 0% used [0x00000000eab00000,0x00000000eab00000,0x00000000eba80000)
  from space 2560K, 98% used [0x00000000eba80000,0x00000000ebcf8018,0x00000000ebd00000)
  to   space 2560K, 0% used [0x00000000ecc80000,0x00000000ecc80000,0x00000000ecf00000)
 ParOldGen       total 42496K, used 6919K [0x00000000c0000000, 0x00000000c2980000, 0x00000000eab00000)
  object space 42496K, 16% used [0x00000000c0000000,0x00000000c06c1fa0,0x00000000c2980000)
 Metaspace       used 5875K, capacity 6808K, committed 7168K, reserved 1056768K
  class space    used 600K, capacity 656K, committed 768K, reserved 1048576K
}
Event: 22,684 GC heap before
{Heap before GC invocations=4 (full 0):
 PSYoungGen      total 18432K, used 18400K [0x00000000eab00000, 0x00000000ecf00000, 0x0000000100000000)
  eden space 15872K, 100% used [0x00000000eab00000,0x00000000eba80000,0x00000000eba80000)
  from space 2560K, 98% used [0x00000000eba80000,0x00000000ebcf8018,0x00000000ebd00000)
  to   space 2560K, 0% used [0x00000000ecc80000,0x00000000ecc80000,0x00000000ecf00000)
 ParOldGen       total 42496K, used 6919K [0x00000000c0000000, 0x00000000c2980000, 0x00000000eab00000)
  object space 42496K, 16% used [0x00000000c0000000,0x00000000c06c1fa0,0x00000000c2980000)
 Metaspace       used 5982K, capacity 6936K, committed 7168K, reserved 1056768K
  class space    used 600K, capacity 656K, committed 768K, reserved 1048576K
Event: 24,345 GC heap after
Heap after GC invocations=4 (full 0):
 PSYoungGen      total 34304K, used 2552K [0x00000000eab00000, 0x00000000ecf00000, 0x0000000100000000)
  eden space 31744K, 0% used [0x00000000eab00000,0x00000000eab00000,0x00000000eca00000)
  from space 2560K, 99% used [0x00000000ecc80000,0x00000000ecefe218,0x00000000ecf00000)
  to   space 2560K, 0% used [0x00000000eca00000,0x00000000eca00000,0x00000000ecc80000)
 ParOldGen       total 42496K, used 9406K [0x00000000c0000000, 0x00000000c2980000, 0x00000000eab00000)
  object space 42496K, 22% used [0x00000000c0000000,0x00000000c092f9f8,0x00000000c2980000)
 Metaspace       used 5982K, capacity 6936K, committed 7168K, reserved 1056768K
  class space    used 600K, capacity 656K, committed 768K, reserved 1048576K
}
Event: 45,205 GC heap before
{Heap before GC invocations=5 (full 0):
 PSYoungGen      total 34304K, used 34296K [0x00000000eab00000, 0x00000000ecf00000, 0x0000000100000000)
  eden space 31744K, 100% used [0x00000000eab00000,0x00000000eca00000,0x00000000eca00000)
  from space 2560K, 99% used [0x00000000ecc80000,0x00000000ecefe218,0x00000000ecf00000)
  to   space 2560K, 0% used [0x00000000eca00000,0x00000000eca00000,0x00000000ecc80000)
 ParOldGen       total 42496K, used 9406K [0x00000000c0000000, 0x00000000c2980000, 0x00000000eab00000)
  object space 42496K, 22% used [0x00000000c0000000,0x00000000c092f9f8,0x00000000c2980000)
 Metaspace       used 6050K, capacity 6936K, committed 7168K, reserved 1056768K
  class space    used 601K, capacity 656K, committed 768K, reserved 1048576K
Event: 45,297 GC heap after
Heap after GC invocations=5 (full 0):
 PSYoungGen      total 34304K, used 2544K [0x00000000eab00000, 0x00000000ef800000, 0x0000000100000000)
  eden space 31744K, 0% used [0x00000000eab00000,0x00000000eab00000,0x00000000eca00000)
  from space 2560K, 99% used [0x00000000eca00000,0x00000000ecc7c250,0x00000000ecc80000)
  to   space 7680K, 0% used [0x00000000ef080000,0x00000000ef080000,0x00000000ef800000)
 ParOldGen       total 42496K, used 13987K [0x00000000c0000000, 0x00000000c2980000, 0x00000000eab00000)
  object space 42496K, 32% used [0x00000000c0000000,0x00000000c0da8da8,0x00000000c2980000)
 Metaspace       used 6050K, capacity 6936K, committed 7168K, reserved 1056768K
  class space    used 601K, capacity 656K, committed 768K, reserved 1048576K
}
Event: 46,196 GC heap before
{Heap before GC invocations=6 (full 0):
 PSYoungGen      total 34304K, used 34288K [0x00000000eab00000, 0x00000000ef800000, 0x0000000100000000)
  eden space 31744K, 100% used [0x00000000eab00000,0x00000000eca00000,0x00000000eca00000)
  from space 2560K, 99% used [0x00000000eca00000,0x00000000ecc7c250,0x00000000ecc80000)
  to   space 7680K, 0% used [0x00000000ef080000,0x00000000ef080000,0x00000000ef800000)
 ParOldGen       total 42496K, used 13987K [0x00000000c0000000, 0x00000000c2980000, 0x00000000eab00000)
  object space 42496K, 32% used [0x00000000c0000000,0x00000000c0da8da8,0x00000000c2980000)
 Metaspace       used 6136K, capacity 7064K, committed 7424K, reserved 1056768K
  class space    used 602K, capacity 656K, committed 768K, reserved 1048576K
Event: 46,227 GC heap after
Heap after GC invocations=6 (full 0):
 PSYoungGen      total 70144K, used 7388K [0x00000000eab00000, 0x00000000efa00000, 0x0000000100000000)
  eden space 62464K, 0% used [0x00000000eab00000,0x00000000eab00000,0x00000000ee800000)
  from space 7680K, 96% used [0x00000000ef080000,0x00000000ef7b7210,0x00000000ef800000)
  to   space 8704K, 0% used [0x00000000ee800000,0x00000000ee800000,0x00000000ef080000)
 ParOldGen       total 42496K, used 13987K [0x00000000c0000000, 0x00000000c2980000, 0x00000000eab00000)
  object space 42496K, 32% used [0x00000000c0000000,0x00000000c0da8da8,0x00000000c2980000)
 Metaspace       used 6136K, capacity 7064K, committed 7424K, reserved 1056768K
  class space    used 602K, capacity 656K, committed 768K, reserved 1048576K
}
Event: 46,603 GC heap before
{Heap before GC invocations=7 (full 0):
 PSYoungGen      total 70144K, used 69852K [0x00000000eab00000, 0x00000000efa00000, 0x0000000100000000)
  eden space 62464K, 100% used [0x00000000eab00000,0x00000000ee800000,0x00000000ee800000)
  from space 7680K, 96% used [0x00000000ef080000,0x00000000ef7b7210,0x00000000ef800000)
  to   space 8704K, 0% used [0x00000000ee800000,0x00000000ee800000,0x00000000ef080000)
 ParOldGen       total 42496K, used 13987K [0x00000000c0000000, 0x00000000c2980000, 0x00000000eab00000)
  object space 42496K, 32% used [0x00000000c0000000,0x00000000c0da8da8,0x00000000c2980000)
 Metaspace       used 6171K, capacity 7064K, committed 7424K, reserved 1056768K
  class space    used 602K, capacity 656K, committed 768K, reserved 1048576K

Deoptimization events (9 events):
Event: 2,036 Thread 0x00007fdc64192000 Uncommon trap: reason=unstable_if action=reinterpret pc=0x00007fdc54ff6f00 method=java.util.HashMap.getNode(ILjava/lang/Object;)Ljava/util/HashMap$Node; @ 62
Event: 2,695 Thread 0x00007fdc6418e000 Uncommon trap: reason=bimorphic action=maybe_recompile pc=0x00007fdc55026280 method=java.util.HashMap.getNode(ILjava/lang/Object;)Ljava/util/HashMap$Node; @ 126
Event: 2,695 Thread 0x00007fdc6418e000 Uncommon trap: reason=bimorphic action=maybe_recompile pc=0x00007fdc55026280 method=java.util.HashMap.getNode(ILjava/lang/Object;)Ljava/util/HashMap$Node; @ 126
Event: 2,866 Thread 0x00007fdc6400a000 Uncommon trap: reason=bimorphic action=maybe_recompile pc=0x00007fdc55026280 method=java.util.HashMap.getNode(ILjava/lang/Object;)Ljava/util/HashMap$Node; @ 126
Event: 9,969 Thread 0x00007fdc6418e000 Uncommon trap: reason=bimorphic action=maybe_recompile pc=0x00007fdc55026280 method=java.util.HashMap.getNode(ILjava/lang/Object;)Ljava/util/HashMap$Node; @ 126
Event: 9,973 Thread 0x00007fdc6418e000 Uncommon trap: reason=unstable_if action=reinterpret pc=0x00007fdc5502eaf4 method=java.util.HashMap.getNode(ILjava/lang/Object;)Ljava/util/HashMap$Node; @ 84
Event: 10,014 Thread 0x00007fdc6400a000 Uncommon trap: reason=unstable_if action=reinterpret pc=0x00007fdc5511c8ac method=java.util.HashMap.putVal(ILjava/lang/Object;Ljava/lang/Object;ZZ)Ljava/lang/Object; @ 109
Event: 10,018 Thread 0x00007fdc6400a000 Uncommon trap: reason=null_check action=make_not_entrant pc=0x00007fdc550ca760 method=com.android.dx.ssa.SsaRenamer.getLocalForNewReg(I)Lcom/android/dx/rop/code/LocalItem; @ 19
Event: 10,018 Thread 0x00007fdc6400a000 Uncommon trap: reason=null_check action=make_not_entrant pc=0x00007fdc550a4ce8 method=com.android.dx.ssa.SsaRenamer.getLocalForNewReg(I)Lcom/android/dx/rop/code/LocalItem; @ 19

Internal exceptions (7 events):
Event: 0,122 Thread 0x00007fdc6400a000 Exception <a 'java/lang/NoSuchMethodError': Method sun.misc.Unsafe.defineClass(Ljava/lang/String;[BII)Ljava/lang/Class; name or signature does not match> (0x00000000eab07c78) thrown at [/build/openjdk-8-8jAw7G/openjdk-8-8u111-b14/src/hotspot/src/share/vm/
Event: 0,122 Thread 0x00007fdc6400a000 Exception <a 'java/lang/NoSuchMethodError': Method sun.misc.Unsafe.prefetchRead(Ljava/lang/Object;J)V name or signature does not match> (0x00000000eab07f60) thrown at [/build/openjdk-8-8jAw7G/openjdk-8-8u111-b14/src/hotspot/src/share/vm/prims/jni.cpp, lin
Event: 9,457 Thread 0x00007fdc6418e000 Exception <a 'java/lang/ArrayIndexOutOfBoundsException': 18> (0x00000000eb03e5b8) thrown at [/build/openjdk-8-8jAw7G/openjdk-8-8u111-b14/src/hotspot/src/share/vm/interpreter/interpreterRuntime.cpp, line 366]
Event: 9,457 Thread 0x00007fdc6418e000 Exception <a 'java/lang/ArrayIndexOutOfBoundsException': 145> (0x00000000eb040138) thrown at [/build/openjdk-8-8jAw7G/openjdk-8-8u111-b14/src/hotspot/src/share/vm/interpreter/interpreterRuntime.cpp, line 366]
Event: 9,898 Thread 0x00007fdc6418e000 Exception <a 'java/lang/ArrayIndexOutOfBoundsException'> (0x00000000eb041420) thrown at [/build/openjdk-8-8jAw7G/openjdk-8-8u111-b14/src/hotspot/src/share/vm/runtime/sharedRuntime.cpp, line 605]
Event: 10,018 Thread 0x00007fdc6400a000 Implicit null exception at 0x00007fdc550c8132 to 0x00007fdc550ca715
Event: 10,018 Thread 0x00007fdc6400a000 Implicit null exception at 0x00007fdc550a2a0d to 0x00007fdc550a4cc9

Events (10 events):
Event: 46,445 Thread 0x00007fdc6400a000 DEOPT UNPACKING pc=0x00007fdc54e3e373 sp=0x00007fdc6b596780 mode 0
Event: 46,476 Thread 0x00007fdc6418e000 DEOPT PACKING pc=0x00007fdc552641b4 sp=0x00007fdc3b13a1b0
Event: 46,476 Thread 0x00007fdc6418e000 DEOPT UNPACKING pc=0x00007fdc54e3e373 sp=0x00007fdc3b139f60 mode 0
Event: 46,496 Thread 0x00007fdc6418c800 DEOPT PACKING pc=0x00007fdc553451d1 sp=0x00007fdc3b23b210
Event: 46,496 Thread 0x00007fdc6418c800 DEOPT UNPACKING pc=0x00007fdc54e3e373 sp=0x00007fdc3b23b018 mode 0
Event: 46,524 Thread 0x00007fdc6418c800 DEOPT PACKING pc=0x00007fdc55091359 sp=0x00007fdc3b23b160
Event: 46,524 Thread 0x00007fdc6418c800 DEOPT UNPACKING pc=0x00007fdc54e3e373 sp=0x00007fdc3b23ae98 mode 0
Event: 46,578 Thread 0x00007fdc6400a000 DEOPT PACKING pc=0x00007fdc552a81bd sp=0x00007fdc6b596720
Event: 46,578 Thread 0x00007fdc6400a000 DEOPT UNPACKING pc=0x00007fdc54e3e373 sp=0x00007fdc6b5964a8 mode 0
Event: 46,596 Executing VM operation: ParallelGCFailedAllocation


Dynamic libraries:
00400000-00401000 r-xp 00000000 08:06 2239412                            /usr/lib/jvm/java-8-openjdk-amd64/jre/bin/java
00600000-00601000 r--p 00000000 08:06 2239412                            /usr/lib/jvm/java-8-openjdk-amd64/jre/bin/java
00601000-00602000 rw-p 00001000 08:06 2239412                            /usr/lib/jvm/java-8-openjdk-amd64/jre/bin/java
00e44000-00e65000 rw-p 00000000 00:00 0                                  [heap]
c0000000-c2980000 rw-p 00000000 00:00 0 
c2980000-eab00000 ---p 00000000 00:00 0 
eab00000-efa00000 rw-p 00000000 00:00 0 
f3f00000-100000000 ---p 00000000 00:00 0 
100000000-1000c0000 rw-p 00000000 00:00 0 
1000c0000-140000000 ---p 00000000 00:00 0 
7fdc00000000-7fdc0002e000 rw-p 00000000 00:00 0 
7fdc0002e000-7fdc04000000 ---p 00000000 00:00 0 
7fdc08000000-7fdc0802b000 rw-p 00000000 00:00 0 
7fdc0802b000-7fdc0c000000 ---p 00000000 00:00 0 
7fdc0c000000-7fdc0c021000 rw-p 00000000 00:00 0 
7fdc0c021000-7fdc10000000 ---p 00000000 00:00 0 
7fdc10000000-7fdc10024000 rw-p 00000000 00:00 0 
7fdc10024000-7fdc14000000 ---p 00000000 00:00 0 
7fdc14000000-7fdc14021000 rw-p 00000000 00:00 0 
7fdc14021000-7fdc18000000 ---p 00000000 00:00 0 
7fdc18000000-7fdc18021000 rw-p 00000000 00:00 0 
7fdc18021000-7fdc1c000000 ---p 00000000 00:00 0 
7fdc1c000000-7fdc1c021000 rw-p 00000000 00:00 0 
7fdc1c021000-7fdc20000000 ---p 00000000 00:00 0 
7fdc20000000-7fdc20efa000 rw-p 00000000 00:00 0 
7fdc20efa000-7fdc24000000 ---p 00000000 00:00 0 
7fdc24000000-7fdc24021000 rw-p 00000000 00:00 0 
7fdc24021000-7fdc28000000 ---p 00000000 00:00 0 
7fdc28000000-7fdc29f4d000 rw-p 00000000 00:00 0 
7fdc29f4d000-7fdc2c000000 ---p 00000000 00:00 0 
7fdc2c000000-7fdc2c684000 rw-p 00000000 00:00 0 
7fdc2c684000-7fdc30000000 ---p 00000000 00:00 0 
7fdc30000000-7fdc30021000 rw-p 00000000 00:00 0 
7fdc30021000-7fdc34000000 ---p 00000000 00:00 0 
7fdc34000000-7fdc34021000 rw-p 00000000 00:00 0 
7fdc34021000-7fdc38000000 ---p 00000000 00:00 0 
7fdc3af3a000-7fdc3af3d000 ---p 00000000 00:00 0 
7fdc3af3d000-7fdc3b03b000 rw-p 00000000 00:00 0 
7fdc3b03b000-7fdc3b03e000 ---p 00000000 00:00 0 
7fdc3b03e000-7fdc3b13c000 rw-p 00000000 00:00 0 
7fdc3b13c000-7fdc3b13f000 ---p 00000000 00:00 0 
7fdc3b13f000-7fdc3b23d000 rw-p 00000000 00:00 0 
7fdc3b23d000-7fdc3b240000 ---p 00000000 00:00 0 
7fdc3b240000-7fdc3b33e000 rw-p 00000000 00:00 0 
7fdc3b33e000-7fdc3b341000 ---p 00000000 00:00 0 
7fdc3b341000-7fdc3b43f000 rw-p 00000000 00:00 0 
7fdc3b43f000-7fdc3b440000 ---p 00000000 00:00 0 
7fdc3b440000-7fdc3b540000 rw-p 00000000 00:00 0 
7fdc3b540000-7fdc3b543000 ---p 00000000 00:00 0 
7fdc3b543000-7fdc3b641000 rw-p 00000000 00:00 0 
7fdc3b641000-7fdc3c000000 r--p 00000000 08:06 2236332                    /usr/lib/locale/locale-archive
7fdc3c000000-7fdc3c021000 rw-p 00000000 00:00 0 
7fdc3c021000-7fdc40000000 ---p 00000000 00:00 0 
7fdc40000000-7fdc40021000 rw-p 00000000 00:00 0 
7fdc40021000-7fdc44000000 ---p 00000000 00:00 0 
7fdc44000000-7fdc44021000 rw-p 00000000 00:00 0 
7fdc44021000-7fdc48000000 ---p 00000000 00:00 0 
7fdc48000000-7fdc48021000 rw-p 00000000 00:00 0 
7fdc48021000-7fdc4c000000 ---p 00000000 00:00 0 
7fdc4c000000-7fdc4c021000 rw-p 00000000 00:00 0 
7fdc4c021000-7fdc50000000 ---p 00000000 00:00 0 
7fdc5009c000-7fdc500a1000 r--s 0004f000 08:06 658031                     /home/pedro/.gradle/caches/modules-2/files-2.1/com.squareup.okhttp3/okhttp/3.3.1/19047bdb6a4fc00a44124f64ca98e88fc204e7e3/okhttp-3.3.1.jar
7fdc500a1000-7fdc500b0000 r--s 000df000 08:06 677257                     /home/pedro/Android/Sdk/build-tools/23.0.3/lib/dx.jar
7fdc500b0000-7fdc500b1000 r--s 0000a000 08:06 2237423                    /usr/lib/jvm/java-8-openjdk-amd64/jre/lib/ext/jaccess.jar
7fdc500b1000-7fdc500b6000 r--s 0003b000 08:06 2236619                    /usr/lib/jvm/java-8-openjdk-amd64/jre/lib/ext/sunjce_provider.jar
7fdc500b6000-7fdc500b8000 r--s 00001000 08:06 2237437                    /usr/lib/jvm/java-8-openjdk-amd64/jre/lib/ext/dnsns.jar
7fdc500b8000-7fdc500d3000 r--s 00394000 08:06 2236603                    /usr/lib/jvm/java-8-openjdk-amd64/jre/lib/ext/cldrdata.jar
7fdc500d3000-7fdc500d6000 ---p 00000000 00:00 0 
7fdc500d6000-7fdc501d4000 rw-p 00000000 00:00 0 
7fdc501d4000-7fdc501d7000 ---p 00000000 00:00 0 
7fdc501d7000-7fdc502d5000 rw-p 00000000 00:00 0 
7fdc502d5000-7fdc502d8000 ---p 00000000 00:00 0 
7fdc502d8000-7fdc503d6000 rw-p 00000000 00:00 0 
7fdc503d6000-7fdc503d9000 ---p 00000000 00:00 0 
7fdc503d9000-7fdc504d7000 rw-p 00000000 00:00 0 
7fdc504d7000-7fdc504da000 ---p 00000000 00:00 0 
7fdc504da000-7fdc505d8000 rw-p 00000000 00:00 0 
7fdc505d8000-7fdc505db000 ---p 00000000 00:00 0 
7fdc505db000-7fdc506d9000 rw-p 00000000 00:00 0 
7fdc506d9000-7fdc506da000 ---p 00000000 00:00 0 
7fdc506da000-7fdc51799000 rw-p 00000000 00:00 0 
7fdc51799000-7fdc51967000 r--s 03bf1000 08:06 2238589                    /usr/lib/jvm/java-8-openjdk-amd64/jre/lib/rt.jar
7fdc51967000-7fdc5205d000 rw-p 00000000 00:00 0 
7fdc5205d000-7fdc521dd000 ---p 00000000 00:00 0 
7fdc521dd000-7fdc543dd000 rw-p 00000000 00:00 0 
7fdc543dd000-7fdc543de000 ---p 00000000 00:00 0 
7fdc543de000-7fdc544de000 rw-p 00000000 00:00 0 
7fdc544de000-7fdc544df000 ---p 00000000 00:00 0 
7fdc544df000-7fdc545df000 rw-p 00000000 00:00 0 
7fdc545df000-7fdc545e0000 ---p 00000000 00:00 0 
7fdc545e0000-7fdc546f5000 rw-p 00000000 00:00 0 
7fdc546f5000-7fdc54836000 ---p 00000000 00:00 0 
7fdc54836000-7fdc5484b000 rw-p 00000000 00:00 0 
7fdc5484b000-7fdc5498b000 ---p 00000000 00:00 0 
7fdc5498b000-7fdc549b3000 rw-p 00000000 00:00 0 
7fdc549b3000-7fdc54a36000 ---p 00000000 00:00 0 
7fdc54a36000-7fdc54a51000 rw-p 00000000 00:00 0 
7fdc54a51000-7fdc54df7000 ---p 00000000 00:00 0 
7fdc54df7000-7fdc55447000 rwxp 00000000 00:00 0 
7fdc55447000-7fdc63df7000 ---p 00000000 00:00 0 
7fdc63df7000-7fdc63dff000 r-xp 00000000 08:06 2235101                    /usr/lib/jvm/java-8-openjdk-amd64/jre/lib/amd64/libzip.so
7fdc63dff000-7fdc63ffe000 ---p 00008000 08:06 2235101                    /usr/lib/jvm/java-8-openjdk-amd64/jre/lib/amd64/libzip.so
7fdc63ffe000-7fdc63fff000 r--p 00007000 08:06 2235101                    /usr/lib/jvm/java-8-openjdk-amd64/jre/lib/amd64/libzip.so
7fdc63fff000-7fdc64000000 rw-p 00008000 08:06 2235101                    /usr/lib/jvm/java-8-openjdk-amd64/jre/lib/amd64/libzip.so
7fdc64000000-7fdc641be000 rw-p 00000000 00:00 0 
7fdc641be000-7fdc68000000 ---p 00000000 00:00 0 
7fdc68000000-7fdc6801b000 r--s 001d5000 08:06 2236604                    /usr/lib/jvm/java-8-openjdk-amd64/jre/lib/ext/nashorn.jar
7fdc6801b000-7fdc6801c000 ---p 00000000 00:00 0 
7fdc6801c000-7fdc6811c000 rw-p 00000000 00:00 0 
7fdc6811c000-7fdc68127000 r-xp 00000000 08:06 2890961                    /lib/x86_64-linux-gnu/libnss_files-2.23.so
7fdc68127000-7fdc68326000 ---p 0000b000 08:06 2890961                    /lib/x86_64-linux-gnu/libnss_files-2.23.so
7fdc68326000-7fdc68327000 r--p 0000a000 08:06 2890961                    /lib/x86_64-linux-gnu/libnss_files-2.23.so
7fdc68327000-7fdc68328000 rw-p 0000b000 08:06 2890961                    /lib/x86_64-linux-gnu/libnss_files-2.23.so
7fdc68328000-7fdc6832e000 rw-p 00000000 00:00 0 
7fdc6832e000-7fdc68339000 r-xp 00000000 08:06 2890958                    /lib/x86_64-linux-gnu/libnss_nis-2.23.so
7fdc68339000-7fdc68538000 ---p 0000b000 08:06 2890958                    /lib/x86_64-linux-gnu/libnss_nis-2.23.so
7fdc68538000-7fdc68539000 r--p 0000a000 08:06 2890958                    /lib/x86_64-linux-gnu/libnss_nis-2.23.so
7fdc68539000-7fdc6853a000 rw-p 0000b000 08:06 2890958                    /lib/x86_64-linux-gnu/libnss_nis-2.23.so
7fdc6853a000-7fdc68550000 r-xp 00000000 08:06 2890956                    /lib/x86_64-linux-gnu/libnsl-2.23.so
7fdc68550000-7fdc6874f000 ---p 00016000 08:06 2890956                    /lib/x86_64-linux-gnu/libnsl-2.23.so
7fdc6874f000-7fdc68750000 r--p 00015000 08:06 2890956                    /lib/x86_64-linux-gnu/libnsl-2.23.so
7fdc68750000-7fdc68751000 rw-p 00016000 08:06 2890956                    /lib/x86_64-linux-gnu/libnsl-2.23.so
7fdc68751000-7fdc68753000 rw-p 00000000 00:00 0 
7fdc68753000-7fdc6875b000 r-xp 00000000 08:06 2890954                    /lib/x86_64-linux-gnu/libnss_compat-2.23.so
7fdc6875b000-7fdc6895a000 ---p 00008000 08:06 2890954                    /lib/x86_64-linux-gnu/libnss_compat-2.23.so
7fdc6895a000-7fdc6895b000 r--p 00007000 08:06 2890954                    /lib/x86_64-linux-gnu/libnss_compat-2.23.so
7fdc6895b000-7fdc6895c000 rw-p 00008000 08:06 2890954                    /lib/x86_64-linux-gnu/libnss_compat-2.23.so
7fdc6895c000-7fdc68989000 r-xp 00000000 08:06 2234896                    /usr/lib/jvm/java-8-openjdk-amd64/jre/lib/amd64/libjava.so
7fdc68989000-7fdc68b88000 ---p 0002d000 08:06 2234896                    /usr/lib/jvm/java-8-openjdk-amd64/jre/lib/amd64/libjava.so
7fdc68b88000-7fdc68b89000 r--p 0002c000 08:06 2234896                    /usr/lib/jvm/java-8-openjdk-amd64/jre/lib/amd64/libjava.so
7fdc68b89000-7fdc68b8b000 rw-p 0002d000 08:06 2234896                    /usr/lib/jvm/java-8-openjdk-amd64/jre/lib/amd64/libjava.so
7fdc68b8b000-7fdc68b9a000 r-xp 00000000 08:06 2235039                    /usr/lib/jvm/java-8-openjdk-amd64/jre/lib/amd64/libverify.so
7fdc68b9a000-7fdc68d99000 ---p 0000f000 08:06 2235039                    /usr/lib/jvm/java-8-openjdk-amd64/jre/lib/amd64/libverify.so
7fdc68d99000-7fdc68d9b000 r--p 0000e000 08:06 2235039                    /usr/lib/jvm/java-8-openjdk-amd64/jre/lib/amd64/libverify.so
7fdc68d9b000-7fdc68d9c000 rw-p 00010000 08:06 2235039                    /usr/lib/jvm/java-8-openjdk-amd64/jre/lib/amd64/libverify.so
7fdc68d9c000-7fdc68da3000 r-xp 00000000 08:06 2890970                    /lib/x86_64-linux-gnu/librt-2.23.so
7fdc68da3000-7fdc68fa2000 ---p 00007000 08:06 2890970                    /lib/x86_64-linux-gnu/librt-2.23.so
7fdc68fa2000-7fdc68fa3000 r--p 00006000 08:06 2890970                    /lib/x86_64-linux-gnu/librt-2.23.so
7fdc68fa3000-7fdc68fa4000 rw-p 00007000 08:06 2890970                    /lib/x86_64-linux-gnu/librt-2.23.so
7fdc68fa4000-7fdc68fba000 r-xp 00000000 08:06 2888468                    /lib/x86_64-linux-gnu/libgcc_s.so.1
7fdc68fba000-7fdc691b9000 ---p 00016000 08:06 2888468                    /lib/x86_64-linux-gnu/libgcc_s.so.1
7fdc691b9000-7fdc691ba000 rw-p 00015000 08:06 2888468                    /lib/x86_64-linux-gnu/libgcc_s.so.1
7fdc691ba000-7fdc692c2000 r-xp 00000000 08:06 2890967                    /lib/x86_64-linux-gnu/libm-2.23.so
7fdc692c2000-7fdc694c1000 ---p 00108000 08:06 2890967                    /lib/x86_64-linux-gnu/libm-2.23.so
7fdc694c1000-7fdc694c2000 r--p 00107000 08:06 2890967                    /lib/x86_64-linux-gnu/libm-2.23.so
7fdc694c2000-7fdc694c3000 rw-p 00108000 08:06 2890967                    /lib/x86_64-linux-gnu/libm-2.23.so
7fdc694c3000-7fdc69635000 r-xp 00000000 08:06 2231152                    /usr/lib/x86_64-linux-gnu/libstdc++.so.6.0.21
7fdc69635000-7fdc69835000 ---p 00172000 08:06 2231152                    /usr/lib/x86_64-linux-gnu/libstdc++.so.6.0.21
7fdc69835000-7fdc6983f000 r--p 00172000 08:06 2231152                    /usr/lib/x86_64-linux-gnu/libstdc++.so.6.0.21
7fdc6983f000-7fdc69841000 rw-p 0017c000 08:06 2231152                    /usr/lib/x86_64-linux-gnu/libstdc++.so.6.0.21
7fdc69841000-7fdc69845000 rw-p 00000000 00:00 0 
7fdc69845000-7fdc6a494000 r-xp 00000000 08:06 2235248                    /usr/lib/jvm/java-8-openjdk-amd64/jre/lib/amd64/server/libjvm.so
7fdc6a494000-7fdc6a693000 ---p 00c4f000 08:06 2235248                    /usr/lib/jvm/java-8-openjdk-amd64/jre/lib/amd64/server/libjvm.so
7fdc6a693000-7fdc6a726000 r--p 00c4e000 08:06 2235248                    /usr/lib/jvm/java-8-openjdk-amd64/jre/lib/amd64/server/libjvm.so
7fdc6a726000-7fdc6a74f000 rw-p 00ce1000 08:06 2235248                    /usr/lib/jvm/java-8-openjdk-amd64/jre/lib/amd64/server/libjvm.so
7fdc6a74f000-7fdc6a77f000 rw-p 00000000 00:00 0 
7fdc6a77f000-7fdc6a797000 r-xp 00000000 08:06 2890974                    /lib/x86_64-linux-gnu/libpthread-2.23.so
7fdc6a797000-7fdc6a996000 ---p 00018000 08:06 2890974                    /lib/x86_64-linux-gnu/libpthread-2.23.so
7fdc6a996000-7fdc6a997000 r--p 00017000 08:06 2890974                    /lib/x86_64-linux-gnu/libpthread-2.23.so
7fdc6a997000-7fdc6a998000 rw-p 00018000 08:06 2890974                    /lib/x86_64-linux-gnu/libpthread-2.23.so
7fdc6a998000-7fdc6a99c000 rw-p 00000000 00:00 0 
7fdc6a99c000-7fdc6a99f000 r-xp 00000000 08:06 2890976                    /lib/x86_64-linux-gnu/libdl-2.23.so
7fdc6a99f000-7fdc6ab9e000 ---p 00003000 08:06 2890976                    /lib/x86_64-linux-gnu/libdl-2.23.so
7fdc6ab9e000-7fdc6ab9f000 r--p 00002000 08:06 2890976                    /lib/x86_64-linux-gnu/libdl-2.23.so
7fdc6ab9f000-7fdc6aba0000 rw-p 00003000 08:06 2890976                    /lib/x86_64-linux-gnu/libdl-2.23.so
7fdc6aba0000-7fdc6abb9000 r-xp 00000000 08:06 2888621                    /lib/x86_64-linux-gnu/libz.so.1.2.8
7fdc6abb9000-7fdc6adb8000 ---p 00019000 08:06 2888621                    /lib/x86_64-linux-gnu/libz.so.1.2.8
7fdc6adb8000-7fdc6adb9000 r--p 00018000 08:06 2888621                    /lib/x86_64-linux-gnu/libz.so.1.2.8
7fdc6adb9000-7fdc6adba000 rw-p 00019000 08:06 2888621                    /lib/x86_64-linux-gnu/libz.so.1.2.8
7fdc6adba000-7fdc6af79000 r-xp 00000000 08:06 2890975                    /lib/x86_64-linux-gnu/libc-2.23.so
7fdc6af79000-7fdc6b179000 ---p 001bf000 08:06 2890975                    /lib/x86_64-linux-gnu/libc-2.23.so
7fdc6b179000-7fdc6b17d000 r--p 001bf000 08:06 2890975                    /lib/x86_64-linux-gnu/libc-2.23.so
7fdc6b17d000-7fdc6b17f000 rw-p 001c3000 08:06 2890975                    /lib/x86_64-linux-gnu/libc-2.23.so
7fdc6b17f000-7fdc6b183000 rw-p 00000000 00:00 0 
7fdc6b183000-7fdc6b190000 r-xp 00000000 08:06 2235020                    /usr/lib/jvm/java-8-openjdk-amd64/jre/lib/amd64/jli/libjli.so
7fdc6b190000-7fdc6b390000 ---p 0000d000 08:06 2235020                    /usr/lib/jvm/java-8-openjdk-amd64/jre/lib/amd64/jli/libjli.so
7fdc6b390000-7fdc6b391000 r--p 0000d000 08:06 2235020                    /usr/lib/jvm/java-8-openjdk-amd64/jre/lib/amd64/jli/libjli.so
7fdc6b391000-7fdc6b392000 rw-p 0000e000 08:06 2235020                    /usr/lib/jvm/java-8-openjdk-amd64/jre/lib/amd64/jli/libjli.so
7fdc6b392000-7fdc6b3b8000 r-xp 00000000 08:06 2890971                    /lib/x86_64-linux-gnu/ld-2.23.so
7fdc6b3b8000-7fdc6b3bb000 r--s 0000f000 08:06 2237436                    /usr/lib/jvm/java-8-openjdk-amd64/jre/lib/ext/icedtea-sound.jar
7fdc6b3bb000-7fdc6b3bf000 r--s 00037000 08:06 2236620                    /usr/lib/jvm/java-8-openjdk-amd64/jre/lib/ext/sunpkcs11.jar
7fdc6b3bf000-7fdc6b498000 rw-p 00000000 00:00 0 
7fdc6b498000-7fdc6b49b000 ---p 00000000 00:00 0 
7fdc6b49b000-7fdc6b59e000 rw-p 00000000 00:00 0 
7fdc6b59e000-7fdc6b59f000 r--s 00010000 08:06 2237435                    /usr/lib/jvm/java-8-openjdk-amd64/jre/lib/ext/zipfs.jar
7fdc6b59f000-7fdc6b5a9000 r--s 00116000 08:06 2237434                    /usr/lib/jvm/java-8-openjdk-amd64/jre/lib/ext/localedata.jar
7fdc6b5a9000-7fdc6b5ab000 r--s 00008000 08:06 2237426                    /usr/lib/jvm/java-8-openjdk-amd64/jre/lib/ext/sunec.jar
7fdc6b5ab000-7fdc6b5b3000 rw-s 00000000 08:06 668059                     /tmp/hsperfdata_pedro/3173
7fdc6b5b3000-7fdc6b5b4000 rw-p 00000000 00:00 0 
7fdc6b5b4000-7fdc6b5b5000 ---p 00000000 00:00 0 
7fdc6b5b5000-7fdc6b5b7000 rw-p 00000000 00:00 0 
7fdc6b5b7000-7fdc6b5b8000 r--p 00025000 08:06 2890971                    /lib/x86_64-linux-gnu/ld-2.23.so
7fdc6b5b8000-7fdc6b5b9000 rw-p 00026000 08:06 2890971                    /lib/x86_64-linux-gnu/ld-2.23.so
7fdc6b5b9000-7fdc6b5ba000 rw-p 00000000 00:00 0 
7ffcc500d000-7ffcc502f000 rw-p 00000000 00:00 0                          [stack]
7ffcc514b000-7ffcc514d000 r--p 00000000 00:00 0                          [vvar]
7ffcc514d000-7ffcc514f000 r-xp 00000000 00:00 0                          [vdso]
ffffffffff600000-ffffffffff601000 r-xp 00000000 00:00 0                  [vsyscall]

VM Arguments:
jvm_args: -Djava.awt.headless=true -Xmx1024M -Dfile.encoding=UTF-8 -Duser.country=US -Duser.language=en -Duser.variant 
java_command: com.android.dx.command.Main --dex --force-jumbo --num-threads=4 --multi-dex --output /home/pedro/TW314/tw314Mobile/app/build/intermediates/transforms/dex/debug/folders/1000/10/okhttp-3.3.1_efbdebfb325cb238680a14809aab4394eedeee36 /home/pedro/.gradle/caches/modules-2/files-2.1/com.squareup.okhttp3/okhttp/3.3.1/19047bdb6a4fc00a44124f64ca98e88fc204e7e3/okhttp-3.3.1.jar
java_class_path (initial): /home/pedro/Android/Sdk/build-tools/23.0.3/lib/dx.jar
Launcher Type: SUN_STANDARD

Environment Variables:
PATH=/home/pedro/bin:/home/pedro/.local/bin:/usr/local/sbin:/usr/local/bin:/usr/sbin:/usr/bin:/sbin:/bin:/usr/games:/usr/local/games:/snap/bin
LD_LIBRARY_PATH=.:
SHELL=/bin/bash
DISPLAY=:0

Signal Handlers:
SIGSEGV: [libjvm.so+0xa65880], sa_mask[0]=11111111011111111101111111111110, sa_flags=SA_RESTART|SA_SIGINFO
SIGBUS: [libjvm.so+0xa65880], sa_mask[0]=11111111011111111101111111111110, sa_flags=SA_RESTART|SA_SIGINFO
SIGFPE: [libjvm.so+0x8af1c0], sa_mask[0]=11111111011111111101111111111110, sa_flags=SA_RESTART|SA_SIGINFO
SIGPIPE: [libjvm.so+0x8af1c0], sa_mask[0]=11111111011111111101111111111110, sa_flags=SA_RESTART|SA_SIGINFO
SIGXFSZ: [libjvm.so+0x8af1c0], sa_mask[0]=11111111011111111101111111111110, sa_flags=SA_RESTART|SA_SIGINFO
SIGILL: [libjvm.so+0x8af1c0], sa_mask[0]=11111111011111111101111111111110, sa_flags=SA_RESTART|SA_SIGINFO
SIGUSR1: SIG_DFL, sa_mask[0]=00000000000000000000000000000000, sa_flags=none
SIGUSR2: [libjvm.so+0x8af070], sa_mask[0]=00100000000000000000000000000000, sa_flags=SA_RESTART|SA_SIGINFO
SIGHUP: [libjvm.so+0x8af540], sa_mask[0]=11111111011111111101111111111110, sa_flags=SA_RESTART|SA_SIGINFO
SIGINT: [libjvm.so+0x8af540], sa_mask[0]=11111111011111111101111111111110, sa_flags=SA_RESTART|SA_SIGINFO
SIGTERM: [libjvm.so+0x8af540], sa_mask[0]=11111111011111111101111111111110, sa_flags=SA_RESTART|SA_SIGINFO
SIGQUIT: [libjvm.so+0x8af540], sa_mask[0]=11111111011111111101111111111110, sa_flags=SA_RESTART|SA_SIGINFO


---------------  S Y S T E M  ---------------

OS:DISTRIB_ID=Ubuntu
DISTRIB_RELEASE=16.04
DISTRIB_CODENAME=xenial
DISTRIB_DESCRIPTION="Ubuntu 16.04.1 LTS"

uname:Linux 4.4.0-47-generic #68-Ubuntu SMP Wed Oct 26 19:39:52 UTC 2016 x86_64
libc:glibc 2.23 NPTL 2.23 
rlimit: STACK 8192k, CORE 0k, NPROC 14948, NOFILE 65536, AS infinity
load average:26,69 9,47 3,67

/proc/meminfo:
MemTotal:        3935848 kB
MemFree:          226624 kB
MemAvailable:     144512 kB
Buffers:            1760 kB
Cached:           242456 kB
SwapCached:            0 kB
Active:          3333096 kB
Inactive:         218324 kB
Active(anon):    3328100 kB
Inactive(anon):   180008 kB
Active(file):       4996 kB
Inactive(file):    38316 kB
Unevictable:           0 kB
Mlocked:               0 kB
SwapTotal:             0 kB
SwapFree:              0 kB
Dirty:               180 kB
Writeback:             0 kB
AnonPages:       3307912 kB
Mapped:            92072 kB
Shmem:            200196 kB
Slab:              69620 kB
SReclaimable:      35144 kB
SUnreclaim:        34476 kB
KernelStack:       10176 kB
PageTables:        35428 kB
NFS_Unstable:          0 kB
Bounce:                0 kB
WritebackTmp:          0 kB
CommitLimit:     1967924 kB
Committed_AS:    7183884 kB
VmallocTotal:   34359738367 kB
VmallocUsed:           0 kB
VmallocChunk:          0 kB
HardwareCorrupted:     0 kB
AnonHugePages:   1361920 kB
CmaTotal:              0 kB
CmaFree:               0 kB
HugePages_Total:       0
HugePages_Free:        0
HugePages_Rsvd:        0
HugePages_Surp:        0
Hugepagesize:       2048 kB
DirectMap4k:      119552 kB
DirectMap2M:     2916352 kB
DirectMap1G:     2097152 kB


CPU:total 4 (2 cores per cpu, 2 threads per core) family 6 model 69 stepping 1, cmov, cx8, fxsr, mmx, sse, sse2, sse3, ssse3, sse4.1, sse4.2, popcnt, avx, avx2, aes, clmul, erms, lzcnt, ht, tsc, tscinvbit, bmi1, bmi2

/proc/cpuinfo:
processor	: 0
vendor_id	: GenuineIntel
cpu family	: 6
model		: 69
model name	: Intel(R) Core(TM) i5-4200U CPU @ 1.60GHz
stepping	: 1
microcode	: 0x1c
cpu MHz		: 2300.000
cache size	: 3072 KB
physical id	: 0
siblings	: 4
core id		: 0
cpu cores	: 2
apicid		: 0
initial apicid	: 0
fpu		: yes
fpu_exception	: yes
cpuid level	: 13
wp		: yes
flags		: fpu vme de pse tsc msr pae mce cx8 apic sep mtrr pge mca cmov pat pse36 clflush dts acpi mmx fxsr sse sse2 ss ht tm pbe syscall nx pdpe1gb rdtscp lm constant_tsc arch_perfmon pebs bts rep_good nopl xtopology nonstop_tsc aperfmperf eagerfpu pni pclmulqdq dtes64 monitor ds_cpl vmx est tm2 ssse3 sdbg fma cx16 xtpr pdcm pcid sse4_1 sse4_2 movbe popcnt tsc_deadline_timer aes xsave avx f16c rdrand lahf_lm abm epb tpr_shadow vnmi flexpriority ept vpid fsgsbase tsc_adjust bmi1 avx2 smep bmi2 erms invpcid xsaveopt dtherm ida arat pln pts
bugs		:
bogomips	: 4588.97
clflush size	: 64
cache_alignment	: 64
address sizes	: 39 bits physical, 48 bits virtual
power management:

processor	: 1
vendor_id	: GenuineIntel
cpu family	: 6
model		: 69
model name	: Intel(R) Core(TM) i5-4200U CPU @ 1.60GHz
stepping	: 1
microcode	: 0x1c
cpu MHz		: 2300.000
cache size	: 3072 KB
physical id	: 0
siblings	: 4
core id		: 0
cpu cores	: 2
apicid		: 1
initial apicid	: 1
fpu		: yes
fpu_exception	: yes
cpuid level	: 13
wp		: yes
flags		: fpu vme de pse tsc msr pae mce cx8 apic sep mtrr pge mca cmov pat pse36 clflush dts acpi mmx fxsr sse sse2 ss ht tm pbe syscall nx pdpe1gb rdtscp lm constant_tsc arch_perfmon pebs bts rep_good nopl xtopology nonstop_tsc aperfmperf eagerfpu pni pclmulqdq dtes64 monitor ds_cpl vmx est tm2 ssse3 sdbg fma cx16 xtpr pdcm pcid sse4_1 sse4_2 movbe popcnt tsc_deadline_timer aes xsave avx f16c rdrand lahf_lm abm epb tpr_shadow vnmi flexpriority ept vpid fsgsbase tsc_adjust bmi1 avx2 smep bmi2 erms invpcid xsaveopt dtherm ida arat pln pts
bugs		:
bogomips	: 4588.97
clflush size	: 64
cache_alignment	: 64
address sizes	: 39 bits physical, 48 bits virtual
power management:

processor	: 2
vendor_id	: GenuineIntel
cpu family	: 6
model		: 69
model name	: Intel(R) Core(TM) i5-4200U CPU @ 1.60GHz
stepping	: 1
microcode	: 0x1c
cpu MHz		: 2300.000
cache size	: 3072 KB
physical id	: 0
siblings	: 4
core id		: 1
cpu cores	: 2
apicid		: 2
initial apicid	: 2
fpu		: yes
fpu_exception	: yes
cpuid level	: 13
wp		: yes
flags		: fpu vme de pse tsc msr pae mce cx8 apic sep mtrr pge mca cmov pat pse36 clflush dts acpi mmx fxsr sse sse2 ss ht tm pbe syscall nx pdpe1gb rdtscp lm constant_tsc arch_perfmon pebs bts rep_good nopl xtopology nonstop_tsc aperfmperf eagerfpu pni pclmulqdq dtes64 monitor ds_cpl vmx est tm2 ssse3 sdbg fma cx16 xtpr pdcm pcid sse4_1 sse4_2 movbe popcnt tsc_deadline_timer aes xsave avx f16c rdrand lahf_lm abm epb tpr_shadow vnmi flexpriority ept vpid fsgsbase tsc_adjust bmi1 avx2 smep bmi2 erms invpcid xsaveopt dtherm ida arat pln pts
bugs		:
bogomips	: 4588.97
clflush size	: 64
cache_alignment	: 64
address sizes	: 39 bits physical, 48 bits virtual
power management:

processor	: 3
vendor_id	: GenuineIntel
cpu family	: 6
model		: 69
model name	: Intel(R) Core(TM) i5-4200U CPU @ 1.60GHz
stepping	: 1
microcode	: 0x1c
cpu MHz		: 2299.910
cache size	: 3072 KB
physical id	: 0
siblings	: 4
core id		: 1
cpu cores	: 2
apicid		: 3
initial apicid	: 3
fpu		: yes
fpu_exception	: yes
cpuid level	: 13
wp		: yes
flags		: fpu vme de pse tsc msr pae mce cx8 apic sep mtrr pge mca cmov pat pse36 clflush dts acpi mmx fxsr sse sse2 ss ht tm pbe syscall nx pdpe1gb rdtscp lm constant_tsc arch_perfmon pebs bts rep_good nopl xtopology nonstop_tsc aperfmperf eagerfpu pni pclmulqdq dtes64 monitor ds_cpl vmx est tm2 ssse3 sdbg fma cx16 xtpr pdcm pcid sse4_1 sse4_2 movbe popcnt tsc_deadline_timer aes xsave avx f16c rdrand lahf_lm abm epb tpr_shadow vnmi flexpriority ept vpid fsgsbase tsc_adjust bmi1 avx2 smep bmi2 erms invpcid xsaveopt dtherm ida arat pln pts
bugs		:
bogomips	: 4588.97
clflush size	: 64
cache_alignment	: 64
address sizes	: 39 bits physical, 48 bits virtual
power management:



Memory: 4k page, physical 3935848k(226624k free), swap 0k(0k free)

vm_info: OpenJDK 64-Bit Server VM (25.111-b14) for linux-amd64 JRE (1.8.0_111-8u111-b14-2ubuntu0.16.04.2-b14), built on Oct 27 2016 18:10:19 by "buildd" with gcc 5.4.0 20160609

time: Sat Nov 26 20:43:42 2016
elapsed time: 56 seconds (0d 0h 0m 56s)

