#
# There is insufficient memory for the Java Runtime Environment to continue.
# Native memory allocation (mmap) failed to map 84934656 bytes for committing reserved memory.
# Possible reasons:
#   The system is out of physical RAM or swap space
#   In 32 bit mode, the process size limit was hit
# Possible solutions:
#   Reduce memory load on the system
#   Increase physical memory or swap space
#   Check if swap backing store is full
#   Use 64 bit Java on a 64 bit OS
#   Decrease Java heap size (-Xmx/-Xms)
#   Decrease number of Java threads
#   Decrease Java thread stack sizes (-Xss)
#   Set larger code cache with -XX:ReservedCodeCacheSize=
# This output file may be truncated or incomplete.
#
#  Out of Memory Error (os_linux.cpp:2630), pid=3427, tid=0x00007f04691fa700
#
# JRE version: OpenJDK Runtime Environment (8.0_111-b14) (build 1.8.0_111-8u111-b14-2ubuntu0.16.04.2-b14)
# Java VM: OpenJDK 64-Bit Server VM (25.111-b14 mixed mode linux-amd64 compressed oops)
# Failed to write core dump. Core dumps have been disabled. To enable core dumping, try "ulimit -c unlimited" before starting Java again
#

---------------  T H R E A D  ---------------

Current thread (0x00007f047c077800):  VMThread [stack: 0x00007f04690fa000,0x00007f04691fb000] [id=3436]

Stack: [0x00007f04690fa000,0x00007f04691fb000],  sp=0x00007f04691f94c0,  free space=1021k
Native frames: (J=compiled Java code, j=interpreted, Vv=VM code, C=native code)
V  [libjvm.so+0xa64d2b]
V  [libjvm.so+0x4c2dac]
V  [libjvm.so+0x8b3ba0]
V  [libjvm.so+0x8ae01e]
V  [libjvm.so+0x9288f6]
V  [libjvm.so+0x929c23]
V  [libjvm.so+0x9262d3]
V  [libjvm.so+0x92659c]
V  [libjvm.so+0x8d8433]
V  [libjvm.so+0xa669e2]
V  [libjvm.so+0xa6bab7]
V  [libjvm.so+0xa69287]
