#
# There is insufficient memory for the Java Runtime Environment to continue.
# Native memory allocation (mmap) failed to map 83886080 bytes for committing reserved memory.
# Possible reasons:
#   The system is out of physical RAM or swap space
#   In 32 bit mode, the process size limit was hit
# Possible solutions:
#   Reduce memory load on the system
#   Increase physical memory or swap space
#   Check if swap backing store is full
#   Use 64 bit Java on a 64 bit OS
#   Decrease Java heap size (-Xmx/-Xms)
#   Decrease number of Java threads
#   Decrease Java thread stack sizes (-Xss)
#   Set larger code cache with -XX:ReservedCodeCacheSize=
# This output file may be truncated or incomplete.
#
#  Out of Memory Error (os_linux.cpp:2630), pid=3752, tid=0x00007f5bf8449700
#
# JRE version: OpenJDK Runtime Environment (8.0_111-b14) (build 1.8.0_111-8u111-b14-2ubuntu0.16.04.2-b14)
# Java VM: OpenJDK 64-Bit Server VM (25.111-b14 mixed mode linux-amd64 compressed oops)
# Failed to write core dump. Core dumps have been disabled. To enable core dumping, try "ulimit -c unlimited" before starting Java again
#

---------------  T H R E A D  ---------------

Current thread (0x00007f5c10077800):  VMThread [stack: 0x00007f5bf8349000,0x00007f5bf844a000] [id=3769]

Stack: [0x00007f5bf8349000,0x00007f5bf844a000],  sp=0x00007f5bf84484c0,  free space=1021k
Native frames: (J=compiled Java code, j=interpreted, Vv=VM code, C=native code)
V  [libjvm.so+0xa64d2b]
V  [libjvm.so+0x4c2dac]
V  [libjvm.so+0x8b3ba0]
V  [libjvm.so+0x8ae01e]
V  [libjvm.so+0x9288f6]
V  [libjvm.so+0x929c23]
V  [libjvm.so+0x9262d3]
V  [libjvm.so+0x92659c]
V  [libjvm.so+0x8d8433]
V  [libjvm.so+0xa669e2]
V  [libjvm.so+0xa6bab7]
V  [libjvm.so+0xa69287]
V  [libjvm.so+0xa6a70f]
V  [libjvm.so+0xa6ac01]
V  [libjvm.so+0x8b1082]

VM_Operation (0x00007f5be3039050): ParallelGCFailedAllocation, mode: safepoint, requested by thread 0x00007f5c10174800


---------------  P R O C E S S  ---------------

Java Threads: ( => current thread )
  0x00007f5c10174800 JavaThread "pool-1-thread-1" [_thread_blocked, id=3831, stack(0x00007f5be2f3a000,0x00007f5be303b000)]
  0x00007f5c100ba800 JavaThread "Service Thread" daemon [_thread_blocked, id=3779, stack(0x00007f5be323d000,0x00007f5be333e000)]
  0x00007f5c100b3000 JavaThread "C1 CompilerThread2" daemon [_thread_blocked, id=3777, stack(0x00007f5be333e000,0x00007f5be343f000)]
  0x00007f5c100b1000 JavaThread "C2 CompilerThread1" daemon [_thread_blocked, id=3775, stack(0x00007f5be343f000,0x00007f5be3540000)]
  0x00007f5c100ae800 JavaThread "C2 CompilerThread0" daemon [_thread_blocked, id=3773, stack(0x00007f5be3540000,0x00007f5be3641000)]
  0x00007f5c100ac000 JavaThread "Signal Dispatcher" daemon [_thread_blocked, id=3772, stack(0x00007f5bf8046000,0x00007f5bf8147000)]
  0x00007f5c10084000 JavaThread "Finalizer" daemon [_thread_blocked, id=3771, stack(0x00007f5bf8147000,0x00007f5bf8248000)]
  0x00007f5c1007f800 JavaThread "Reference Handler" daemon [_thread_blocked, id=3770, stack(0x00007f5bf8248000,0x00007f5bf8349000)]
  0x00007f5c1000a000 JavaThread "main" [_thread_blocked, id=3755, stack(0x00007f5c1711a000,0x00007f5c1721b000)]

Other Threads:
=>0x00007f5c10077800 VMThread [stack: 0x00007f5bf8349000,0x00007f5bf844a000] [id=3769]
  0x00007f5c100bc800 WatcherThread [stack: 0x00007f5be313c000,0x00007f5be323d000] [id=3780]

VM state:at safepoint (normal execution)

VM Mutex/Monitor currently owned by a thread:  ([mutex/lock_event])
[0x00007f5c100067c0] Threads_lock - owner thread: 0x00007f5c10077800
[0x00007f5c10006cc0] Heap_lock - owner thread: 0x00007f5c10174800

Heap:
 PSYoungGen      total 66048K, used 2533K [0x00000000eab00000, 0x00000000eee00000, 0x0000000100000000)
  eden space 63488K, 0% used [0x00000000eab00000,0x00000000eab00000,0x00000000ee900000)
  from space 2560K, 98% used [0x00000000ee900000,0x00000000eeb79550,0x00000000eeb80000)
  to   space 2560K, 0% used [0x00000000eeb80000,0x00000000eeb80000,0x00000000eee00000)
 ParOldGen       total 42496K, used 21720K [0x00000000c0000000, 0x00000000c2980000, 0x00000000eab00000)
  object space 42496K, 51% used [0x00000000c0000000,0x00000000c1536048,0x00000000c2980000)
 Metaspace       used 6104K, capacity 7088K, committed 7296K, reserved 1056768K
  class space    used 598K, capacity 616K, committed 640K, reserved 1048576K

Card table byte_map: [0x00007f5c00418000,0x00007f5c00619000] byte_map_base: 0x00007f5bffe18000

Marking Bits: (ParMarkBitMap*) 0x00007f5c163e4220
 Begin Bits: [0x00007f5bfa000000, 0x00007f5bfb000000)
 End Bits:   [0x00007f5bfb000000, 0x00007f5bfc000000)

Polling page: 0x00007f5c17236000

CodeCache: size=245760Kb used=5674Kb max_used=5687Kb free=240085Kb
 bounds [0x00007f5c009d9000, 0x00007f5c00f79000, 0x00007f5c0f9d9000]
 total_blobs=1755 nmethods=1494 adapters=176
 compilation: enabled

Compilation events (10 events):
Event: 6,214 Thread 0x00007f5c100b3000 1642       3       java.util.HashMap$KeySet::iterator (12 bytes)
Event: 6,215 Thread 0x00007f5c100b3000 nmethod 1642 0x00007f5c00f61910 code [0x00007f5c00f61a80, 0x00007f5c00f61ce8]
Event: 6,227 Thread 0x00007f5c100b1000 nmethod 1633 0x00007f5c00f65710 code [0x00007f5c00f65920, 0x00007f5c00f66610]
Event: 6,227 Thread 0x00007f5c100b1000 1638       4       java.util.TreeMap::put (247 bytes)
Event: 6,233 Thread 0x00007f5c100b3000 1643       3       com.android.dx.dex.file.DebugInfoItem::<init> (36 bytes)
Event: 6,233 Thread 0x00007f5c100b3000 nmethod 1643 0x00007f5c00f65190 code [0x00007f5c00f65320, 0x00007f5c00f655f8]
Event: 6,237 Thread 0x00007f5c100b3000 1644       3       com.android.dx.dex.code.OutputFinisher::addConstants (68 bytes)
Event: 6,238 Thread 0x00007f5c100b3000 nmethod 1644 0x00007f5c00f63010 code [0x00007f5c00f632a0, 0x00007f5c00f645b8]
Event: 6,244 Thread 0x00007f5c100b1000 nmethod 1638 0x00007f5c00f6a790 code [0x00007f5c00f6a940, 0x00007f5c00f6b318]
Event: 6,244 Thread 0x00007f5c100b1000 1647       4       com.android.dx.dex.code.OutputFinisher::addConstants (68 bytes)

GC Heap History (9 events):
Event: 1,433 GC heap before
{Heap before GC invocations=1 (full 0):
 PSYoungGen      total 18432K, used 15872K [0x00000000eab00000, 0x00000000ebf80000, 0x0000000100000000)
  eden space 15872K, 100% used [0x00000000eab00000,0x00000000eba80000,0x00000000eba80000)
  from space 2560K, 0% used [0x00000000ebd00000,0x00000000ebd00000,0x00000000ebf80000)
  to   space 2560K, 0% used [0x00000000eba80000,0x00000000eba80000,0x00000000ebd00000)
 ParOldGen       total 42496K, used 0K [0x00000000c0000000, 0x00000000c2980000, 0x00000000eab00000)
  object space 42496K, 0% used [0x00000000c0000000,0x00000000c0000000,0x00000000c2980000)
 Metaspace       used 5480K, capacity 6640K, committed 6784K, reserved 1056768K
  class space    used 572K, capacity 616K, committed 640K, reserved 1048576K
Event: 1,451 GC heap after
Heap after GC invocations=1 (full 0):
 PSYoungGen      total 18432K, used 2544K [0x00000000eab00000, 0x00000000ecf00000, 0x0000000100000000)
  eden space 15872K, 0% used [0x00000000eab00000,0x00000000eab00000,0x00000000eba80000)
  from space 2560K, 99% used [0x00000000eba80000,0x00000000ebcfc050,0x00000000ebd00000)
  to   space 2560K, 0% used [0x00000000ecc80000,0x00000000ecc80000,0x00000000ecf00000)
 ParOldGen       total 42496K, used 1250K [0x00000000c0000000, 0x00000000c2980000, 0x00000000eab00000)
  object space 42496K, 2% used [0x00000000c0000000,0x00000000c01388f0,0x00000000c2980000)
 Metaspace       used 5480K, capacity 6640K, committed 6784K, reserved 1056768K
  class space    used 572K, capacity 616K, committed 640K, reserved 1048576K
}
Event: 2,422 GC heap before
{Heap before GC invocations=2 (full 0):
 PSYoungGen      total 18432K, used 18416K [0x00000000eab00000, 0x00000000ecf00000, 0x0000000100000000)
  eden space 15872K, 100% used [0x00000000eab00000,0x00000000eba80000,0x00000000eba80000)
  from space 2560K, 99% used [0x00000000eba80000,0x00000000ebcfc050,0x00000000ebd00000)
  to   space 2560K, 0% used [0x00000000ecc80000,0x00000000ecc80000,0x00000000ecf00000)
 ParOldGen       total 42496K, used 1250K [0x00000000c0000000, 0x00000000c2980000, 0x00000000eab00000)
  object space 42496K, 2% used [0x00000000c0000000,0x00000000c01388f0,0x00000000c2980000)
 Metaspace       used 5663K, capacity 6768K, committed 7040K, reserved 1056768K
  class space    used 574K, capacity 616K, committed 640K, reserved 1048576K
Event: 2,476 GC heap after
Heap after GC invocations=2 (full 0):
 PSYoungGen      total 34304K, used 2532K [0x00000000eab00000, 0x00000000ecf00000, 0x0000000100000000)
  eden space 31744K, 0% used [0x00000000eab00000,0x00000000eab00000,0x00000000eca00000)
  from space 2560K, 98% used [0x00000000ecc80000,0x00000000ecef92c0,0x00000000ecf00000)
  to   space 2560K, 0% used [0x00000000eca00000,0x00000000eca00000,0x00000000ecc80000)
 ParOldGen       total 42496K, used 3485K [0x00000000c0000000, 0x00000000c2980000, 0x00000000eab00000)
  object space 42496K, 8% used [0x00000000c0000000,0x00000000c0367628,0x00000000c2980000)
 Metaspace       used 5663K, capacity 6768K, committed 7040K, reserved 1056768K
  class space    used 574K, capacity 616K, committed 640K, reserved 1048576K
}
Event: 3,237 GC heap before
{Heap before GC invocations=3 (full 0):
 PSYoungGen      total 34304K, used 34276K [0x00000000eab00000, 0x00000000ecf00000, 0x0000000100000000)
  eden space 31744K, 100% used [0x00000000eab00000,0x00000000eca00000,0x00000000eca00000)
  from space 2560K, 98% used [0x00000000ecc80000,0x00000000ecef92c0,0x00000000ecf00000)
  to   space 2560K, 0% used [0x00000000eca00000,0x00000000eca00000,0x00000000ecc80000)
 ParOldGen       total 42496K, used 3485K [0x00000000c0000000, 0x00000000c2980000, 0x00000000eab00000)
  object space 42496K, 8% used [0x00000000c0000000,0x00000000c0367628,0x00000000c2980000)
 Metaspace       used 5797K, capacity 6832K, committed 7040K, reserved 1056768K
  class space    used 592K, capacity 616K, committed 640K, reserved 1048576K
Event: 3,317 GC heap after
Heap after GC invocations=3 (full 0):
 PSYoungGen      total 34304K, used 2532K [0x00000000eab00000, 0x00000000eee00000, 0x0000000100000000)
  eden space 31744K, 0% used [0x00000000eab00000,0x00000000eab00000,0x00000000eca00000)
  from space 2560K, 98% used [0x00000000eca00000,0x00000000ecc791a8,0x00000000ecc80000)
  to   space 2560K, 0% used [0x00000000eeb80000,0x00000000eeb80000,0x00000000eee00000)
 ParOldGen       total 42496K, used 9135K [0x00000000c0000000, 0x00000000c2980000, 0x00000000eab00000)
  object space 42496K, 21% used [0x00000000c0000000,0x00000000c08ebcb0,0x00000000c2980000)
 Metaspace       used 5797K, capacity 6832K, committed 7040K, reserved 1056768K
  class space    used 592K, capacity 616K, committed 640K, reserved 1048576K
}
Event: 3,851 GC heap before
{Heap before GC invocations=4 (full 0):
 PSYoungGen      total 34304K, used 34276K [0x00000000eab00000, 0x00000000eee00000, 0x0000000100000000)
  eden space 31744K, 100% used [0x00000000eab00000,0x00000000eca00000,0x00000000eca00000)
  from space 2560K, 98% used [0x00000000eca00000,0x00000000ecc791a8,0x00000000ecc80000)
  to   space 2560K, 0% used [0x00000000eeb80000,0x00000000eeb80000,0x00000000eee00000)
 ParOldGen       total 42496K, used 9135K [0x00000000c0000000, 0x00000000c2980000, 0x00000000eab00000)
  object space 42496K, 21% used [0x00000000c0000000,0x00000000c08ebcb0,0x00000000c2980000)
 Metaspace       used 5843K, capacity 6896K, committed 7040K, reserved 1056768K
  class space    used 592K, capacity 616K, committed 640K, reserved 1048576K
Event: 3,919 GC heap after
Heap after GC invocations=4 (full 0):
 PSYoungGen      total 66048K, used 2528K [0x00000000eab00000, 0x00000000eee00000, 0x0000000100000000)
  eden space 63488K, 0% used [0x00000000eab00000,0x00000000eab00000,0x00000000ee900000)
  from space 2560K, 98% used [0x00000000eeb80000,0x00000000eedf8018,0x00000000eee00000)
  to   space 2560K, 0% used [0x00000000ee900000,0x00000000ee900000,0x00000000eeb80000)
 ParOldGen       total 42496K, used 14096K [0x00000000c0000000, 0x00000000c2980000, 0x00000000eab00000)
  object space 42496K, 33% used [0x00000000c0000000,0x00000000c0dc43a8,0x00000000c2980000)
 Metaspace       used 5843K, capacity 6896K, committed 7040K, reserved 1056768K
  class space    used 592K, capacity 616K, committed 640K, reserved 1048576K
}
Event: 6,245 GC heap before
{Heap before GC invocations=5 (full 0):
 PSYoungGen      total 66048K, used 66016K [0x00000000eab00000, 0x00000000eee00000, 0x0000000100000000)
  eden space 63488K, 100% used [0x00000000eab00000,0x00000000ee900000,0x00000000ee900000)
  from space 2560K, 98% used [0x00000000eeb80000,0x00000000eedf8018,0x00000000eee00000)
  to   space 2560K, 0% used [0x00000000ee900000,0x00000000ee900000,0x00000000eeb80000)
 ParOldGen       total 42496K, used 14096K [0x00000000c0000000, 0x00000000c2980000, 0x00000000eab00000)
  object space 42496K, 33% used [0x00000000c0000000,0x00000000c0dc43a8,0x00000000c2980000)
 Metaspace       used 6104K, capacity 7088K, committed 7296K, reserved 1056768K
  class space    used 598K, capacity 616K, committed 640K, reserved 1048576K

Deoptimization events (10 events):
Event: 4,480 Thread 0x00007f5c1000a000 Uncommon trap: reason=unstable_if action=reinterpret pc=0x00007f5c00d5d76c method=java.util.HashMap.getNode(ILjava/lang/Object;)Ljava/util/HashMap$Node; @ 84
Event: 4,996 Thread 0x00007f5c10189800 Uncommon trap: reason=unstable_if action=reinterpret pc=0x00007f5c00d7f87c method=com.android.dx.ssa.SsaMethod.updateOneDefinition(Lcom/android/dx/ssa/SsaInsn;Lcom/android/dx/rop/code/RegisterSpec;)V @ 4
Event: 5,026 Thread 0x00007f5c10189800 Uncommon trap: reason=bimorphic action=maybe_recompile pc=0x00007f5c00eed894 method=com.android.dx.cf.code.BytecodeArray.parseInstruction(ILcom/android/dx/cf/code/BytecodeArray$Visitor;)I @ 1287
Event: 5,026 Thread 0x00007f5c10189800 Uncommon trap: reason=bimorphic action=maybe_recompile pc=0x00007f5c00eed894 method=com.android.dx.cf.code.BytecodeArray.parseInstruction(ILcom/android/dx/cf/code/BytecodeArray$Visitor;)I @ 1287
Event: 5,874 Thread 0x00007f5c10174800 Uncommon trap: reason=class_check action=maybe_recompile pc=0x00007f5c00f19378 method=java.util.Arrays.hashCode([Ljava/lang/Object;)I @ 43
Event: 5,874 Thread 0x00007f5c10174800 Uncommon trap: reason=class_check action=maybe_recompile pc=0x00007f5c00f19378 method=java.util.Arrays.hashCode([Ljava/lang/Object;)I @ 43
Event: 5,875 Thread 0x00007f5c10174800 Uncommon trap: reason=class_check action=maybe_recompile pc=0x00007f5c00f19378 method=java.util.Arrays.hashCode([Ljava/lang/Object;)I @ 43
Event: 5,875 Thread 0x00007f5c10174800 Uncommon trap: reason=class_check action=maybe_recompile pc=0x00007f5c00f19378 method=java.util.Arrays.hashCode([Ljava/lang/Object;)I @ 43
Event: 5,875 Thread 0x00007f5c10174800 Uncommon trap: reason=class_check action=maybe_recompile pc=0x00007f5c00f12278 method=java.util.Arrays.hashCode([Ljava/lang/Object;)I @ 43
Event: 6,237 Thread 0x00007f5c10174800 Uncommon trap: reason=unstable_if action=reinterpret pc=0x00007f5c00f65d94 method=com.android.dx.dex.code.OutputFinisher.addConstants(Ljava/util/HashSet;Lcom/android/dx/rop/code/RegisterSpec;)V @ 57

Internal exceptions (6 events):
Event: 0,091 Thread 0x00007f5c1000a000 Exception <a 'java/lang/NoSuchMethodError': Method sun.misc.Unsafe.defineClass(Ljava/lang/String;[BII)Ljava/lang/Class; name or signature does not match> (0x00000000eab07c78) thrown at [/build/openjdk-8-8jAw7G/openjdk-8-8u111-b14/src/hotspot/src/share/vm/
Event: 0,091 Thread 0x00007f5c1000a000 Exception <a 'java/lang/NoSuchMethodError': Method sun.misc.Unsafe.prefetchRead(Ljava/lang/Object;J)V name or signature does not match> (0x00000000eab07f60) thrown at [/build/openjdk-8-8jAw7G/openjdk-8-8u111-b14/src/hotspot/src/share/vm/prims/jni.cpp, lin
Event: 2,596 Thread 0x00007f5c10172000 Implicit null exception at 0x00007f5c00c87c60 to 0x00007f5c00c89ea1
Event: 2,816 Thread 0x00007f5c10186800 Exception <a 'java/lang/ArrayIndexOutOfBoundsException': 18> (0x00000000eb8c5368) thrown at [/build/openjdk-8-8jAw7G/openjdk-8-8u111-b14/src/hotspot/src/share/vm/interpreter/interpreterRuntime.cpp, line 366]
Event: 2,816 Thread 0x00007f5c10186800 Exception <a 'java/lang/ArrayIndexOutOfBoundsException': 145> (0x00000000eb8c6ee8) thrown at [/build/openjdk-8-8jAw7G/openjdk-8-8u111-b14/src/hotspot/src/share/vm/interpreter/interpreterRuntime.cpp, line 366]
Event: 2,817 Thread 0x00007f5c10186800 Exception <a 'java/lang/ArrayIndexOutOfBoundsException': 40> (0x00000000eb8c81d0) thrown at [/build/openjdk-8-8jAw7G/openjdk-8-8u111-b14/src/hotspot/src/share/vm/interpreter/interpreterRuntime.cpp, line 366]

Events (10 events):
Event: 5,875 Thread 0x00007f5c10174800 DEOPT PACKING pc=0x00007f5c00f12278 sp=0x00007f5be3038f20
Event: 5,875 Thread 0x00007f5c10174800 DEOPT UNPACKING pc=0x00007f5c009ddf69 sp=0x00007f5be3038ec8 mode 2
Event: 5,914 loading class com/android/dx/dex/file/CatchStructs
Event: 5,914 loading class com/android/dx/dex/file/CatchStructs done
Event: 6,196 Thread 0x00007f5c10174800 DEOPT PACKING pc=0x00007f5c00d769ba sp=0x00007f5be30392c0
Event: 6,196 Thread 0x00007f5c10174800 DEOPT UNPACKING pc=0x00007f5c00a20373 sp=0x00007f5be3038ff0 mode 0
Event: 6,237 Thread 0x00007f5c10174800 Uncommon trap: trap_request=0xffffff65 fr.pc=0x00007f5c00f65d94
Event: 6,237 Thread 0x00007f5c10174800 DEOPT PACKING pc=0x00007f5c00f65d94 sp=0x00007f5be3039270
Event: 6,237 Thread 0x00007f5c10174800 DEOPT UNPACKING pc=0x00007f5c009ddf69 sp=0x00007f5be3039238 mode 2
Event: 6,245 Executing VM operation: ParallelGCFailedAllocation


Dynamic libraries:
00400000-00401000 r-xp 00000000 08:06 2239412                            /usr/lib/jvm/java-8-openjdk-amd64/jre/bin/java
00600000-00601000 r--p 00000000 08:06 2239412                            /usr/lib/jvm/java-8-openjdk-amd64/jre/bin/java
00601000-00602000 rw-p 00001000 08:06 2239412                            /usr/lib/jvm/java-8-openjdk-amd64/jre/bin/java
018e3000-01904000 rw-p 00000000 00:00 0                                  [heap]
c0000000-c2980000 rw-p 00000000 00:00 0 
c2980000-eab00000 ---p 00000000 00:00 0 
eab00000-eee00000 rw-p 00000000 00:00 0 
f3e00000-100000000 ---p 00000000 00:00 0 
100000000-1000a0000 rw-p 00000000 00:00 0 
1000a0000-140000000 ---p 00000000 00:00 0 
7f5bac000000-7f5bac021000 rw-p 00000000 00:00 0 
7f5bac021000-7f5bb0000000 ---p 00000000 00:00 0 
7f5bb4000000-7f5bb4021000 rw-p 00000000 00:00 0 
7f5bb4021000-7f5bb8000000 ---p 00000000 00:00 0 
7f5bb8000000-7f5bb8026000 rw-p 00000000 00:00 0 
7f5bb8026000-7f5bbc000000 ---p 00000000 00:00 0 
7f5bbc000000-7f5bbc059000 rw-p 00000000 00:00 0 
7f5bbc059000-7f5bc0000000 ---p 00000000 00:00 0 
7f5bc0000000-7f5bc0021000 rw-p 00000000 00:00 0 
7f5bc0021000-7f5bc4000000 ---p 00000000 00:00 0 
7f5bc4000000-7f5bc4021000 rw-p 00000000 00:00 0 
7f5bc4021000-7f5bc8000000 ---p 00000000 00:00 0 
7f5bc8000000-7f5bc8021000 rw-p 00000000 00:00 0 
7f5bc8021000-7f5bcc000000 ---p 00000000 00:00 0 
7f5bcc000000-7f5bcc865000 rw-p 00000000 00:00 0 
7f5bcc865000-7f5bd0000000 ---p 00000000 00:00 0 
7f5bd0000000-7f5bd09bc000 rw-p 00000000 00:00 0 
7f5bd09bc000-7f5bd4000000 ---p 00000000 00:00 0 
7f5bd4000000-7f5bd4021000 rw-p 00000000 00:00 0 
7f5bd4021000-7f5bd8000000 ---p 00000000 00:00 0 
7f5bd8000000-7f5bd861e000 rw-p 00000000 00:00 0 
7f5bd861e000-7f5bdc000000 ---p 00000000 00:00 0 
7f5bdc000000-7f5bdc021000 rw-p 00000000 00:00 0 
7f5bdc021000-7f5be0000000 ---p 00000000 00:00 0 
7f5be2c37000-7f5be2c3a000 ---p 00000000 00:00 0 
7f5be2c3a000-7f5be2d38000 rw-p 00000000 00:00 0 
7f5be2d38000-7f5be2d3b000 ---p 00000000 00:00 0 
7f5be2d3b000-7f5be2e39000 rw-p 00000000 00:00 0 
7f5be2e39000-7f5be2e3c000 ---p 00000000 00:00 0 
7f5be2e3c000-7f5be2f3a000 rw-p 00000000 00:00 0 
7f5be2f3a000-7f5be2f3d000 ---p 00000000 00:00 0 
7f5be2f3d000-7f5be303b000 rw-p 00000000 00:00 0 
7f5be303b000-7f5be303e000 ---p 00000000 00:00 0 
7f5be303e000-7f5be313c000 rw-p 00000000 00:00 0 
7f5be313c000-7f5be313d000 ---p 00000000 00:00 0 
7f5be313d000-7f5be323d000 rw-p 00000000 00:00 0 
7f5be323d000-7f5be3240000 ---p 00000000 00:00 0 
7f5be3240000-7f5be333e000 rw-p 00000000 00:00 0 
7f5be333e000-7f5be3341000 ---p 00000000 00:00 0 
7f5be3341000-7f5be343f000 rw-p 00000000 00:00 0 
7f5be343f000-7f5be3442000 ---p 00000000 00:00 0 
7f5be3442000-7f5be3540000 rw-p 00000000 00:00 0 
7f5be3540000-7f5be3543000 ---p 00000000 00:00 0 
7f5be3543000-7f5be3641000 rw-p 00000000 00:00 0 
7f5be3641000-7f5be4000000 r--p 00000000 08:06 2236332                    /usr/lib/locale/locale-archive
7f5be4000000-7f5be4021000 rw-p 00000000 00:00 0 
7f5be4021000-7f5be8000000 ---p 00000000 00:00 0 
7f5be8000000-7f5be8021000 rw-p 00000000 00:00 0 
7f5be8021000-7f5bec000000 ---p 00000000 00:00 0 
7f5bec000000-7f5bec021000 rw-p 00000000 00:00 0 
7f5bec021000-7f5bf0000000 ---p 00000000 00:00 0 
7f5bf0000000-7f5bf0021000 rw-p 00000000 00:00 0 
7f5bf0021000-7f5bf4000000 ---p 00000000 00:00 0 
7f5bf4000000-7f5bf4021000 rw-p 00000000 00:00 0 
7f5bf4021000-7f5bf8000000 ---p 00000000 00:00 0 
7f5bf8010000-7f5bf802b000 r--s 00394000 08:06 2236603                    /usr/lib/jvm/java-8-openjdk-amd64/jre/lib/ext/cldrdata.jar
7f5bf802b000-7f5bf8046000 r--s 001d5000 08:06 2236604                    /usr/lib/jvm/java-8-openjdk-amd64/jre/lib/ext/nashorn.jar
7f5bf8046000-7f5bf8049000 ---p 00000000 00:00 0 
7f5bf8049000-7f5bf8147000 rw-p 00000000 00:00 0 
7f5bf8147000-7f5bf814a000 ---p 00000000 00:00 0 
7f5bf814a000-7f5bf8248000 rw-p 00000000 00:00 0 
7f5bf8248000-7f5bf824b000 ---p 00000000 00:00 0 
7f5bf824b000-7f5bf8349000 rw-p 00000000 00:00 0 
7f5bf8349000-7f5bf834a000 ---p 00000000 00:00 0 
7f5bf834a000-7f5bf93bc000 rw-p 00000000 00:00 0 
7f5bf93bc000-7f5bf958a000 r--s 03bf1000 08:06 2238589                    /usr/lib/jvm/java-8-openjdk-amd64/jre/lib/rt.jar
7f5bf958a000-7f5bf9c80000 rw-p 00000000 00:00 0 
7f5bf9c80000-7f5bf9e00000 ---p 00000000 00:00 0 
7f5bf9e00000-7f5bfc000000 rw-p 00000000 00:00 0 
7f5bfc000000-7f5bfc021000 rw-p 00000000 00:00 0 
7f5bfc021000-7f5c00000000 ---p 00000000 00:00 0 
7f5c00014000-7f5c00015000 ---p 00000000 00:00 0 
7f5c00015000-7f5c00115000 rw-p 00000000 00:00 0 
7f5c00115000-7f5c00116000 ---p 00000000 00:00 0 
7f5c00116000-7f5c00216000 rw-p 00000000 00:00 0 
7f5c00216000-7f5c00217000 ---p 00000000 00:00 0 
7f5c00217000-7f5c00317000 rw-p 00000000 00:00 0 
7f5c00317000-7f5c00318000 ---p 00000000 00:00 0 
7f5c00318000-7f5c0042d000 rw-p 00000000 00:00 0 
7f5c0042d000-7f5c0056d000 ---p 00000000 00:00 0 
7f5c0056d000-7f5c0058f000 rw-p 00000000 00:00 0 
7f5c0058f000-7f5c00618000 ---p 00000000 00:00 0 
7f5c00618000-7f5c00630000 rw-p 00000000 00:00 0 
7f5c00630000-7f5c009d9000 ---p 00000000 00:00 0 
7f5c009d9000-7f5c00f79000 rwxp 00000000 00:00 0 
7f5c00f79000-7f5c0f9d9000 ---p 00000000 00:00 0 
7f5c0f9d9000-7f5c0f9e1000 r-xp 00000000 08:06 2235101                    /usr/lib/jvm/java-8-openjdk-amd64/jre/lib/amd64/libzip.so
7f5c0f9e1000-7f5c0fbe0000 ---p 00008000 08:06 2235101                    /usr/lib/jvm/java-8-openjdk-amd64/jre/lib/amd64/libzip.so
7f5c0fbe0000-7f5c0fbe1000 r--p 00007000 08:06 2235101                    /usr/lib/jvm/java-8-openjdk-amd64/jre/lib/amd64/libzip.so
7f5c0fbe1000-7f5c0fbe2000 rw-p 00008000 08:06 2235101                    /usr/lib/jvm/java-8-openjdk-amd64/jre/lib/amd64/libzip.so
7f5c0fbe2000-7f5c0fbed000 r-xp 00000000 08:06 2890961                    /lib/x86_64-linux-gnu/libnss_files-2.23.so
7f5c0fbed000-7f5c0fdec000 ---p 0000b000 08:06 2890961                    /lib/x86_64-linux-gnu/libnss_files-2.23.so
7f5c0fdec000-7f5c0fded000 r--p 0000a000 08:06 2890961                    /lib/x86_64-linux-gnu/libnss_files-2.23.so
7f5c0fded000-7f5c0fdee000 rw-p 0000b000 08:06 2890961                    /lib/x86_64-linux-gnu/libnss_files-2.23.so
7f5c0fdee000-7f5c0fdf4000 rw-p 00000000 00:00 0 
7f5c0fdf4000-7f5c0fdff000 r-xp 00000000 08:06 2890958                    /lib/x86_64-linux-gnu/libnss_nis-2.23.so
7f5c0fdff000-7f5c0fffe000 ---p 0000b000 08:06 2890958                    /lib/x86_64-linux-gnu/libnss_nis-2.23.so
7f5c0fffe000-7f5c0ffff000 r--p 0000a000 08:06 2890958                    /lib/x86_64-linux-gnu/libnss_nis-2.23.so
7f5c0ffff000-7f5c10000000 rw-p 0000b000 08:06 2890958                    /lib/x86_64-linux-gnu/libnss_nis-2.23.so
7f5c10000000-7f5c101b7000 rw-p 00000000 00:00 0 
7f5c101b7000-7f5c14000000 ---p 00000000 00:00 0 
7f5c14002000-7f5c14011000 r--s 000df000 08:06 677257                     /home/pedro/Android/Sdk/build-tools/23.0.3/lib/dx.jar
7f5c14011000-7f5c14012000 r--s 0000a000 08:06 2237423                    /usr/lib/jvm/java-8-openjdk-amd64/jre/lib/ext/jaccess.jar
7f5c14012000-7f5c14017000 r--s 0003b000 08:06 2236619                    /usr/lib/jvm/java-8-openjdk-amd64/jre/lib/ext/sunjce_provider.jar
7f5c14017000-7f5c14019000 r--s 00001000 08:06 2237437                    /usr/lib/jvm/java-8-openjdk-amd64/jre/lib/ext/dnsns.jar
7f5c14019000-7f5c1407b000 rw-p 00000000 00:00 0 
7f5c1407b000-7f5c141bc000 ---p 00000000 00:00 0 
7f5c141bc000-7f5c141d2000 r-xp 00000000 08:06 2890956                    /lib/x86_64-linux-gnu/libnsl-2.23.so
7f5c141d2000-7f5c143d1000 ---p 00016000 08:06 2890956                    /lib/x86_64-linux-gnu/libnsl-2.23.so
7f5c143d1000-7f5c143d2000 r--p 00015000 08:06 2890956                    /lib/x86_64-linux-gnu/libnsl-2.23.so
7f5c143d2000-7f5c143d3000 rw-p 00016000 08:06 2890956                    /lib/x86_64-linux-gnu/libnsl-2.23.so
7f5c143d3000-7f5c143d5000 rw-p 00000000 00:00 0 
7f5c143d5000-7f5c143dd000 r-xp 00000000 08:06 2890954                    /lib/x86_64-linux-gnu/libnss_compat-2.23.so
7f5c143dd000-7f5c145dc000 ---p 00008000 08:06 2890954                    /lib/x86_64-linux-gnu/libnss_compat-2.23.so
7f5c145dc000-7f5c145dd000 r--p 00007000 08:06 2890954                    /lib/x86_64-linux-gnu/libnss_compat-2.23.so
7f5c145dd000-7f5c145de000 rw-p 00008000 08:06 2890954                    /lib/x86_64-linux-gnu/libnss_compat-2.23.so
7f5c145de000-7f5c1460b000 r-xp 00000000 08:06 2234896                    /usr/lib/jvm/java-8-openjdk-amd64/jre/lib/amd64/libjava.so
7f5c1460b000-7f5c1480a000 ---p 0002d000 08:06 2234896                    /usr/lib/jvm/java-8-openjdk-amd64/jre/lib/amd64/libjava.so
7f5c1480a000-7f5c1480b000 r--p 0002c000 08:06 2234896                    /usr/lib/jvm/java-8-openjdk-amd64/jre/lib/amd64/libjava.so
7f5c1480b000-7f5c1480d000 rw-p 0002d000 08:06 2234896                    /usr/lib/jvm/java-8-openjdk-amd64/jre/lib/amd64/libjava.so
7f5c1480d000-7f5c1481c000 r-xp 00000000 08:06 2235039                    /usr/lib/jvm/java-8-openjdk-amd64/jre/lib/amd64/libverify.so
7f5c1481c000-7f5c14a1b000 ---p 0000f000 08:06 2235039                    /usr/lib/jvm/java-8-openjdk-amd64/jre/lib/amd64/libverify.so
7f5c14a1b000-7f5c14a1d000 r--p 0000e000 08:06 2235039                    /usr/lib/jvm/java-8-openjdk-amd64/jre/lib/amd64/libverify.so
7f5c14a1d000-7f5c14a1e000 rw-p 00010000 08:06 2235039                    /usr/lib/jvm/java-8-openjdk-amd64/jre/lib/amd64/libverify.so
7f5c14a1e000-7f5c14a25000 r-xp 00000000 08:06 2890970                    /lib/x86_64-linux-gnu/librt-2.23.so
7f5c14a25000-7f5c14c24000 ---p 00007000 08:06 2890970                    /lib/x86_64-linux-gnu/librt-2.23.so
7f5c14c24000-7f5c14c25000 r--p 00006000 08:06 2890970                    /lib/x86_64-linux-gnu/librt-2.23.so
7f5c14c25000-7f5c14c26000 rw-p 00007000 08:06 2890970                    /lib/x86_64-linux-gnu/librt-2.23.so
7f5c14c26000-7f5c14c3c000 r-xp 00000000 08:06 2888468                    /lib/x86_64-linux-gnu/libgcc_s.so.1
7f5c14c3c000-7f5c14e3b000 ---p 00016000 08:06 2888468                    /lib/x86_64-linux-gnu/libgcc_s.so.1
7f5c14e3b000-7f5c14e3c000 rw-p 00015000 08:06 2888468                    /lib/x86_64-linux-gnu/libgcc_s.so.1
7f5c14e3c000-7f5c14f44000 r-xp 00000000 08:06 2890967                    /lib/x86_64-linux-gnu/libm-2.23.so
7f5c14f44000-7f5c15143000 ---p 00108000 08:06 2890967                    /lib/x86_64-linux-gnu/libm-2.23.so
7f5c15143000-7f5c15144000 r--p 00107000 08:06 2890967                    /lib/x86_64-linux-gnu/libm-2.23.so
7f5c15144000-7f5c15145000 rw-p 00108000 08:06 2890967                    /lib/x86_64-linux-gnu/libm-2.23.so
7f5c15145000-7f5c152b7000 r-xp 00000000 08:06 2231152                    /usr/lib/x86_64-linux-gnu/libstdc++.so.6.0.21
7f5c152b7000-7f5c154b7000 ---p 00172000 08:06 2231152                    /usr/lib/x86_64-linux-gnu/libstdc++.so.6.0.21
7f5c154b7000-7f5c154c1000 r--p 00172000 08:06 2231152                    /usr/lib/x86_64-linux-gnu/libstdc++.so.6.0.21
7f5c154c1000-7f5c154c3000 rw-p 0017c000 08:06 2231152                    /usr/lib/x86_64-linux-gnu/libstdc++.so.6.0.21
7f5c154c3000-7f5c154c7000 rw-p 00000000 00:00 0 
7f5c154c7000-7f5c16116000 r-xp 00000000 08:06 2235248                    /usr/lib/jvm/java-8-openjdk-amd64/jre/lib/amd64/server/libjvm.so
7f5c16116000-7f5c16315000 ---p 00c4f000 08:06 2235248                    /usr/lib/jvm/java-8-openjdk-amd64/jre/lib/amd64/server/libjvm.so
7f5c16315000-7f5c163a8000 r--p 00c4e000 08:06 2235248                    /usr/lib/jvm/java-8-openjdk-amd64/jre/lib/amd64/server/libjvm.so
7f5c163a8000-7f5c163d1000 rw-p 00ce1000 08:06 2235248                    /usr/lib/jvm/java-8-openjdk-amd64/jre/lib/amd64/server/libjvm.so
7f5c163d1000-7f5c16401000 rw-p 00000000 00:00 0 
7f5c16401000-7f5c16419000 r-xp 00000000 08:06 2890974                    /lib/x86_64-linux-gnu/libpthread-2.23.so
7f5c16419000-7f5c16618000 ---p 00018000 08:06 2890974                    /lib/x86_64-linux-gnu/libpthread-2.23.so
7f5c16618000-7f5c16619000 r--p 00017000 08:06 2890974                    /lib/x86_64-linux-gnu/libpthread-2.23.so
7f5c16619000-7f5c1661a000 rw-p 00018000 08:06 2890974                    /lib/x86_64-linux-gnu/libpthread-2.23.so
7f5c1661a000-7f5c1661e000 rw-p 00000000 00:00 0 
7f5c1661e000-7f5c16621000 r-xp 00000000 08:06 2890976                    /lib/x86_64-linux-gnu/libdl-2.23.so
7f5c16621000-7f5c16820000 ---p 00003000 08:06 2890976                    /lib/x86_64-linux-gnu/libdl-2.23.so
7f5c16820000-7f5c16821000 r--p 00002000 08:06 2890976                    /lib/x86_64-linux-gnu/libdl-2.23.so
7f5c16821000-7f5c16822000 rw-p 00003000 08:06 2890976                    /lib/x86_64-linux-gnu/libdl-2.23.so
7f5c16822000-7f5c1683b000 r-xp 00000000 08:06 2888621                    /lib/x86_64-linux-gnu/libz.so.1.2.8
7f5c1683b000-7f5c16a3a000 ---p 00019000 08:06 2888621                    /lib/x86_64-linux-gnu/libz.so.1.2.8
7f5c16a3a000-7f5c16a3b000 r--p 00018000 08:06 2888621                    /lib/x86_64-linux-gnu/libz.so.1.2.8
7f5c16a3b000-7f5c16a3c000 rw-p 00019000 08:06 2888621                    /lib/x86_64-linux-gnu/libz.so.1.2.8
7f5c16a3c000-7f5c16bfb000 r-xp 00000000 08:06 2890975                    /lib/x86_64-linux-gnu/libc-2.23.so
7f5c16bfb000-7f5c16dfb000 ---p 001bf000 08:06 2890975                    /lib/x86_64-linux-gnu/libc-2.23.so
7f5c16dfb000-7f5c16dff000 r--p 001bf000 08:06 2890975                    /lib/x86_64-linux-gnu/libc-2.23.so
7f5c16dff000-7f5c16e01000 rw-p 001c3000 08:06 2890975                    /lib/x86_64-linux-gnu/libc-2.23.so
7f5c16e01000-7f5c16e05000 rw-p 00000000 00:00 0 
7f5c16e05000-7f5c16e12000 r-xp 00000000 08:06 2235020                    /usr/lib/jvm/java-8-openjdk-amd64/jre/lib/amd64/jli/libjli.so
7f5c16e12000-7f5c17012000 ---p 0000d000 08:06 2235020                    /usr/lib/jvm/java-8-openjdk-amd64/jre/lib/amd64/jli/libjli.so
7f5c17012000-7f5c17013000 r--p 0000d000 08:06 2235020                    /usr/lib/jvm/java-8-openjdk-amd64/jre/lib/amd64/jli/libjli.so
7f5c17013000-7f5c17014000 rw-p 0000e000 08:06 2235020                    /usr/lib/jvm/java-8-openjdk-amd64/jre/lib/amd64/jli/libjli.so
7f5c17014000-7f5c1703a000 r-xp 00000000 08:06 2890971                    /lib/x86_64-linux-gnu/ld-2.23.so
7f5c1703a000-7f5c1703d000 r--s 0000f000 08:06 2237436                    /usr/lib/jvm/java-8-openjdk-amd64/jre/lib/ext/icedtea-sound.jar
7f5c1703d000-7f5c17041000 r--s 00037000 08:06 2236620                    /usr/lib/jvm/java-8-openjdk-amd64/jre/lib/ext/sunpkcs11.jar
7f5c17041000-7f5c1711a000 rw-p 00000000 00:00 0 
7f5c1711a000-7f5c1711d000 ---p 00000000 00:00 0 
7f5c1711d000-7f5c17220000 rw-p 00000000 00:00 0 
7f5c17220000-7f5c17221000 r--s 00010000 08:06 2237435                    /usr/lib/jvm/java-8-openjdk-amd64/jre/lib/ext/zipfs.jar
7f5c17221000-7f5c1722b000 r--s 00116000 08:06 2237434                    /usr/lib/jvm/java-8-openjdk-amd64/jre/lib/ext/localedata.jar
7f5c1722b000-7f5c1722d000 r--s 00008000 08:06 2237426                    /usr/lib/jvm/java-8-openjdk-amd64/jre/lib/ext/sunec.jar
7f5c1722d000-7f5c17235000 rw-s 00000000 08:06 668195                     /tmp/hsperfdata_pedro/3752
7f5c17235000-7f5c17236000 rw-p 00000000 00:00 0 
7f5c17236000-7f5c17237000 ---p 00000000 00:00 0 
7f5c17237000-7f5c17239000 rw-p 00000000 00:00 0 
7f5c17239000-7f5c1723a000 r--p 00025000 08:06 2890971                    /lib/x86_64-linux-gnu/ld-2.23.so
7f5c1723a000-7f5c1723b000 rw-p 00026000 08:06 2890971                    /lib/x86_64-linux-gnu/ld-2.23.so
7f5c1723b000-7f5c1723c000 rw-p 00000000 00:00 0 
7ffc002c4000-7ffc002e6000 rw-p 00000000 00:00 0                          [stack]
7ffc003dd000-7ffc003df000 r--p 00000000 00:00 0                          [vvar]
7ffc003df000-7ffc003e1000 r-xp 00000000 00:00 0                          [vdso]
ffffffffff600000-ffffffffff601000 r-xp 00000000 00:00 0                  [vsyscall]

VM Arguments:
jvm_args: -Djava.awt.headless=true -Xmx1024M -Dfile.encoding=UTF-8 -Duser.country=US -Duser.language=en -Duser.variant 
java_command: com.android.dx.command.Main --dex --force-jumbo --num-threads=4 --multi-dex --output /home/pedro/TW314/tw314Mobile/app/build/intermediates/transforms/dex/debug/folders/1000/10/com.android.support-support-core-ui-24.2.1_e12b8db81f2f2d266dba065fa74bcaf96259f171 /home/pedro/TW314/tw314Mobile/app/build/intermediates/exploded-aar/com.android.support/support-core-ui/24.2.1/jars/classes.jar
java_class_path (initial): /home/pedro/Android/Sdk/build-tools/23.0.3/lib/dx.jar
Launcher Type: SUN_STANDARD

Environment Variables:
PATH=/home/pedro/bin:/home/pedro/.local/bin:/usr/local/sbin:/usr/local/bin:/usr/sbin:/usr/bin:/sbin:/bin:/usr/games:/usr/local/games:/snap/bin
LD_LIBRARY_PATH=.:
SHELL=/bin/bash
DISPLAY=:0

Signal Handlers:
SIGSEGV: [libjvm.so+0xa65880], sa_mask[0]=11111111011111111101111111111110, sa_flags=SA_RESTART|SA_SIGINFO
SIGBUS: [libjvm.so+0xa65880], sa_mask[0]=11111111011111111101111111111110, sa_flags=SA_RESTART|SA_SIGINFO
SIGFPE: [libjvm.so+0x8af1c0], sa_mask[0]=11111111011111111101111111111110, sa_flags=SA_RESTART|SA_SIGINFO
SIGPIPE: [libjvm.so+0x8af1c0], sa_mask[0]=11111111011111111101111111111110, sa_flags=SA_RESTART|SA_SIGINFO
SIGXFSZ: [libjvm.so+0x8af1c0], sa_mask[0]=11111111011111111101111111111110, sa_flags=SA_RESTART|SA_SIGINFO
SIGILL: [libjvm.so+0x8af1c0], sa_mask[0]=11111111011111111101111111111110, sa_flags=SA_RESTART|SA_SIGINFO
SIGUSR1: SIG_DFL, sa_mask[0]=00000000000000000000000000000000, sa_flags=none
SIGUSR2: [libjvm.so+0x8af070], sa_mask[0]=00100000000000000000000000000000, sa_flags=SA_RESTART|SA_SIGINFO
SIGHUP: [libjvm.so+0x8af540], sa_mask[0]=11111111011111111101111111111110, sa_flags=SA_RESTART|SA_SIGINFO
SIGINT: [libjvm.so+0x8af540], sa_mask[0]=11111111011111111101111111111110, sa_flags=SA_RESTART|SA_SIGINFO
SIGTERM: [libjvm.so+0x8af540], sa_mask[0]=11111111011111111101111111111110, sa_flags=SA_RESTART|SA_SIGINFO
SIGQUIT: [libjvm.so+0x8af540], sa_mask[0]=11111111011111111101111111111110, sa_flags=SA_RESTART|SA_SIGINFO


---------------  S Y S T E M  ---------------

OS:DISTRIB_ID=Ubuntu
DISTRIB_RELEASE=16.04
DISTRIB_CODENAME=xenial
DISTRIB_DESCRIPTION="Ubuntu 16.04.1 LTS"

uname:Linux 4.4.0-47-generic #68-Ubuntu SMP Wed Oct 26 19:39:52 UTC 2016 x86_64
libc:glibc 2.23 NPTL 2.23 
rlimit: STACK 8192k, CORE 0k, NPROC 14948, NOFILE 65536, AS infinity
load average:10,16 4,23 1,78

/proc/meminfo:
MemTotal:        3935848 kB
MemFree:          115032 kB
MemAvailable:      30464 kB
Buffers:             716 kB
Cached:           226652 kB
SwapCached:            0 kB
Active:          3454592 kB
Inactive:         204524 kB
Active(anon):    3448900 kB
Inactive(anon):   171352 kB
Active(file):       5692 kB
Inactive(file):    33172 kB
Unevictable:           0 kB
Mlocked:               0 kB
SwapTotal:             0 kB
SwapFree:              0 kB
Dirty:               100 kB
Writeback:             0 kB
AnonPages:       3432072 kB
Mapped:            82464 kB
Shmem:            188180 kB
Slab:              70152 kB
SReclaimable:      34680 kB
SUnreclaim:        35472 kB
KernelStack:       11712 kB
PageTables:        36824 kB
NFS_Unstable:          0 kB
Bounce:                0 kB
WritebackTmp:          0 kB
CommitLimit:     1967924 kB
Committed_AS:    8029204 kB
VmallocTotal:   34359738367 kB
VmallocUsed:           0 kB
VmallocChunk:          0 kB
HardwareCorrupted:     0 kB
AnonHugePages:   1277952 kB
CmaTotal:              0 kB
CmaFree:               0 kB
HugePages_Total:       0
HugePages_Free:        0
HugePages_Rsvd:        0
HugePages_Surp:        0
Hugepagesize:       2048 kB
DirectMap4k:      119552 kB
DirectMap2M:     3964928 kB
DirectMap1G:     1048576 kB


CPU:total 4 (2 cores per cpu, 2 threads per core) family 6 model 69 stepping 1, cmov, cx8, fxsr, mmx, sse, sse2, sse3, ssse3, sse4.1, sse4.2, popcnt, avx, avx2, aes, clmul, erms, lzcnt, ht, tsc, tscinvbit, bmi1, bmi2

/proc/cpuinfo:
processor	: 0
vendor_id	: GenuineIntel
cpu family	: 6
model		: 69
model name	: Intel(R) Core(TM) i5-4200U CPU @ 1.60GHz
stepping	: 1
microcode	: 0x1c
cpu MHz		: 2003.605
cache size	: 3072 KB
physical id	: 0
siblings	: 4
core id		: 0
cpu cores	: 2
apicid		: 0
initial apicid	: 0
fpu		: yes
fpu_exception	: yes
cpuid level	: 13
wp		: yes
flags		: fpu vme de pse tsc msr pae mce cx8 apic sep mtrr pge mca cmov pat pse36 clflush dts acpi mmx fxsr sse sse2 ss ht tm pbe syscall nx pdpe1gb rdtscp lm constant_tsc arch_perfmon pebs bts rep_good nopl xtopology nonstop_tsc aperfmperf eagerfpu pni pclmulqdq dtes64 monitor ds_cpl vmx est tm2 ssse3 sdbg fma cx16 xtpr pdcm pcid sse4_1 sse4_2 movbe popcnt tsc_deadline_timer aes xsave avx f16c rdrand lahf_lm abm epb tpr_shadow vnmi flexpriority ept vpid fsgsbase tsc_adjust bmi1 avx2 smep bmi2 erms invpcid xsaveopt dtherm ida arat pln pts
bugs		:
bogomips	: 4589.54
clflush size	: 64
cache_alignment	: 64
address sizes	: 39 bits physical, 48 bits virtual
power management:

processor	: 1
vendor_id	: GenuineIntel
cpu family	: 6
model		: 69
model name	: Intel(R) Core(TM) i5-4200U CPU @ 1.60GHz
stepping	: 1
microcode	: 0x1c
cpu MHz		: 2144.121
cache size	: 3072 KB
physical id	: 0
siblings	: 4
core id		: 0
cpu cores	: 2
apicid		: 1
initial apicid	: 1
fpu		: yes
fpu_exception	: yes
cpuid level	: 13
wp		: yes
flags		: fpu vme de pse tsc msr pae mce cx8 apic sep mtrr pge mca cmov pat pse36 clflush dts acpi mmx fxsr sse sse2 ss ht tm pbe syscall nx pdpe1gb rdtscp lm constant_tsc arch_perfmon pebs bts rep_good nopl xtopology nonstop_tsc aperfmperf eagerfpu pni pclmulqdq dtes64 monitor ds_cpl vmx est tm2 ssse3 sdbg fma cx16 xtpr pdcm pcid sse4_1 sse4_2 movbe popcnt tsc_deadline_timer aes xsave avx f16c rdrand lahf_lm abm epb tpr_shadow vnmi flexpriority ept vpid fsgsbase tsc_adjust bmi1 avx2 smep bmi2 erms invpcid xsaveopt dtherm ida arat pln pts
bugs		:
bogomips	: 4589.54
clflush size	: 64
cache_alignment	: 64
address sizes	: 39 bits physical, 48 bits virtual
power management:

processor	: 2
vendor_id	: GenuineIntel
cpu family	: 6
model		: 69
model name	: Intel(R) Core(TM) i5-4200U CPU @ 1.60GHz
stepping	: 1
microcode	: 0x1c
cpu MHz		: 1811.339
cache size	: 3072 KB
physical id	: 0
siblings	: 4
core id		: 1
cpu cores	: 2
apicid		: 2
initial apicid	: 2
fpu		: yes
fpu_exception	: yes
cpuid level	: 13
wp		: yes
flags		: fpu vme de pse tsc msr pae mce cx8 apic sep mtrr pge mca cmov pat pse36 clflush dts acpi mmx fxsr sse sse2 ss ht tm pbe syscall nx pdpe1gb rdtscp lm constant_tsc arch_perfmon pebs bts rep_good nopl xtopology nonstop_tsc aperfmperf eagerfpu pni pclmulqdq dtes64 monitor ds_cpl vmx est tm2 ssse3 sdbg fma cx16 xtpr pdcm pcid sse4_1 sse4_2 movbe popcnt tsc_deadline_timer aes xsave avx f16c rdrand lahf_lm abm epb tpr_shadow vnmi flexpriority ept vpid fsgsbase tsc_adjust bmi1 avx2 smep bmi2 erms invpcid xsaveopt dtherm ida arat pln pts
bugs		:
bogomips	: 4589.54
clflush size	: 64
cache_alignment	: 64
address sizes	: 39 bits physical, 48 bits virtual
power management:

processor	: 3
vendor_id	: GenuineIntel
cpu family	: 6
model		: 69
model name	: Intel(R) Core(TM) i5-4200U CPU @ 1.60GHz
stepping	: 1
microcode	: 0x1c
cpu MHz		: 1536.328
cache size	: 3072 KB
physical id	: 0
siblings	: 4
core id		: 1
cpu cores	: 2
apicid		: 3
initial apicid	: 3
fpu		: yes
fpu_exception	: yes
cpuid level	: 13
wp		: yes
flags		: fpu vme de pse tsc msr pae mce cx8 apic sep mtrr pge mca cmov pat pse36 clflush dts acpi mmx fxsr sse sse2 ss ht tm pbe syscall nx pdpe1gb rdtscp lm constant_tsc arch_perfmon pebs bts rep_good nopl xtopology nonstop_tsc aperfmperf eagerfpu pni pclmulqdq dtes64 monitor ds_cpl vmx est tm2 ssse3 sdbg fma cx16 xtpr pdcm pcid sse4_1 sse4_2 movbe popcnt tsc_deadline_timer aes xsave avx f16c rdrand lahf_lm abm epb tpr_shadow vnmi flexpriority ept vpid fsgsbase tsc_adjust bmi1 avx2 smep bmi2 erms invpcid xsaveopt dtherm ida arat pln pts
bugs		:
bogomips	: 4589.54
clflush size	: 64
cache_alignment	: 64
address sizes	: 39 bits physical, 48 bits virtual
power management:



Memory: 4k page, physical 3935848k(115032k free), swap 0k(0k free)

vm_info: OpenJDK 64-Bit Server VM (25.111-b14) for linux-amd64 JRE (1.8.0_111-8u111-b14-2ubuntu0.16.04.2-b14), built on Oct 27 2016 18:10:19 by "buildd" with gcc 5.4.0 20160609

time: Mon Nov 28 16:24:52 2016
elapsed time: 15 seconds (0d 0h 0m 15s)

