#
# There is insufficient memory for the Java Runtime Environment to continue.
# Native memory allocation (mmap) failed to map 85983232 bytes for committing reserved memory.
# Possible reasons:
#   The system is out of physical RAM or swap space
#   In 32 bit mode, the process size limit was hit
# Possible solutions:
#   Reduce memory load on the system
#   Increase physical memory or swap space
#   Check if swap backing store is full
#   Use 64 bit Java on a 64 bit OS
#   Decrease Java heap size (-Xmx/-Xms)
#   Decrease number of Java threads
#   Decrease Java thread stack sizes (-Xss)
#   Set larger code cache with -XX:ReservedCodeCacheSize=
# This output file may be truncated or incomplete.
#
#  Out of Memory Error (os_linux.cpp:2630), pid=3850, tid=0x00007f2e6d5c0700
#
# JRE version: OpenJDK Runtime Environment (8.0_111-b14) (build 1.8.0_111-8u111-b14-2ubuntu0.16.04.2-b14)
# Java VM: OpenJDK 64-Bit Server VM (25.111-b14 mixed mode linux-amd64 compressed oops)
# Failed to write core dump. Core dumps have been disabled. To enable core dumping, try "ulimit -c unlimited" before starting Java again
#

---------------  T H R E A D  ---------------

Current thread (0x00007f2e80077800):  VMThread [stack: 0x00007f2e6d4c0000,0x00007f2e6d5c1000] [id=3893]

Stack: [0x00007f2e6d4c0000,0x00007f2e6d5c1000],  sp=0x00007f2e6d5bf4c0,  free space=1021k
Native frames: (J=compiled Java code, j=interpreted, Vv=VM code, C=native code)
V  [libjvm.so+0xa64d2b]
V  [libjvm.so+0x4c2dac]
V  [libjvm.so+0x8b3ba0]
V  [libjvm.so+0x8ae01e]
V  [libjvm.so+0x9288f6]
V  [libjvm.so+0x929c23]
V  [libjvm.so+0x9262d3]
V  [libjvm.so+0x92659c]
V  [libjvm.so+0x8d8433]
V  [libjvm.so+0xa669e2]
V  [libjvm.so+0xa6bab7]
V  [libjvm.so+0xa69287]
V  [libjvm.so+0xa6a70f]
V  [libjvm.so+0xa6ac01]
V  [libjvm.so+0x8b1082]

VM_Operation (0x00007f2e8837d160): ParallelGCFailedAllocation, mode: safepoint, requested by thread 0x00007f2e8000a000


---------------  P R O C E S S  ---------------

Java Threads: ( => current thread )
  0x00007f2e800c2800 JavaThread "Service Thread" daemon [_thread_blocked, id=3919, stack(0x00007f2e6cae0000,0x00007f2e6cbe1000)]
  0x00007f2e800b3000 JavaThread "C1 CompilerThread2" daemon [_thread_blocked, id=3918, stack(0x00007f2e6cbe1000,0x00007f2e6cce2000)]
  0x00007f2e800b1000 JavaThread "C2 CompilerThread1" daemon [_thread_blocked, id=3917, stack(0x00007f2e6cce2000,0x00007f2e6cde3000)]
  0x00007f2e800ae800 JavaThread "C2 CompilerThread0" daemon [_thread_blocked, id=3916, stack(0x00007f2e6cde3000,0x00007f2e6cee4000)]
  0x00007f2e800ac000 JavaThread "Signal Dispatcher" daemon [_thread_blocked, id=3915, stack(0x00007f2e6cee4000,0x00007f2e6cfe5000)]
  0x00007f2e80084000 JavaThread "Finalizer" daemon [_thread_blocked, id=3900, stack(0x00007f2e6d2be000,0x00007f2e6d3bf000)]
  0x00007f2e8007f000 JavaThread "Reference Handler" daemon [_thread_blocked, id=3899, stack(0x00007f2e6d3bf000,0x00007f2e6d4c0000)]
  0x00007f2e8000a000 JavaThread "main" [_thread_blocked, id=3873, stack(0x00007f2e8827e000,0x00007f2e8837f000)]

Other Threads:
=>0x00007f2e80077800 VMThread [stack: 0x00007f2e6d4c0000,0x00007f2e6d5c1000] [id=3893]
  0x00007f2e800c5000 WatcherThread [stack: 0x00007f2e6c9df000,0x00007f2e6cae0000] [id=3920]

VM state:at safepoint (normal execution)

VM Mutex/Monitor currently owned by a thread:  ([mutex/lock_event])
[0x00007f2e80006740] Threads_lock - owner thread: 0x00007f2e80077800
[0x00007f2e80006c40] Heap_lock - owner thread: 0x00007f2e8000a000

Heap:
 PSYoungGen      total 66048K, used 2549K [0x00000000eab00000, 0x00000000eee00000, 0x0000000100000000)
  eden space 63488K, 0% used [0x00000000eab00000,0x00000000eab00000,0x00000000ee900000)
  from space 2560K, 99% used [0x00000000ee900000,0x00000000eeb7d758,0x00000000eeb80000)
  to   space 2560K, 0% used [0x00000000eeb80000,0x00000000eeb80000,0x00000000eee00000)
 ParOldGen       total 42496K, used 22106K [0x00000000c0000000, 0x00000000c2980000, 0x00000000eab00000)
  object space 42496K, 52% used [0x00000000c0000000,0x00000000c1596a18,0x00000000c2980000)
 Metaspace       used 6177K, capacity 7216K, committed 7296K, reserved 1056768K
  class space    used 590K, capacity 616K, committed 640K, reserved 1048576K

Card table byte_map: [0x00007f2e84739000,0x00007f2e8493a000] byte_map_base: 0x00007f2e84139000

Marking Bits: (ParMarkBitMap*) 0x00007f2e87549220
 Begin Bits: [0x00007f2e6f000000, 0x00007f2e70000000)
 End Bits:   [0x00007f2e70000000, 0x00007f2e71000000)

Polling page: 0x00007f2e8839b000

CodeCache: size=245760Kb used=6268Kb max_used=6279Kb free=239491Kb
 bounds [0x00007f2e71000000, 0x00007f2e71630000, 0x00007f2e80000000]
 total_blobs=1905 nmethods=1643 adapters=176
 compilation: enabled

Compilation events (10 events):
Event: 9,456 Thread 0x00007f2e800b3000 nmethod 1808 0x00007f2e71620790 code [0x00007f2e71620900, 0x00007f2e71620d50]
Event: 9,457 Thread 0x00007f2e800b3000 1809       3       com.android.dx.dex.code.form.Form10t::isCompatible (41 bytes)
Event: 9,458 Thread 0x00007f2e800b3000 nmethod 1809 0x00007f2e7161ef50 code [0x00007f2e7161f160, 0x00007f2e71620198]
Event: 9,458 Thread 0x00007f2e800b3000 1816       3       com.android.dx.dex.code.OutputFinisher::assignAddressesAndFixBranches (15 bytes)
Event: 9,458 Thread 0x00007f2e800b3000 nmethod 1816 0x00007f2e71624290 code [0x00007f2e71624420, 0x00007f2e71624698]
Event: 9,458 Thread 0x00007f2e800b3000 1810       3       com.android.dx.dex.code.DalvCode::finishProcessingIfNecessary (69 bytes)
Event: 9,458 Thread 0x00007f2e800ae800 1818       4       com.android.dx.dex.code.InsnFormat::unsignedFitsInNibble (14 bytes)
Event: 9,458 Thread 0x00007f2e800b3000 nmethod 1810 0x00007f2e71624790 code [0x00007f2e71624940, 0x00007f2e71624d78]
Event: 9,459 Thread 0x00007f2e800ae800 nmethod 1818 0x00007f2e71266250 code [0x00007f2e71266380, 0x00007f2e712663d8]
Event: 9,459 Thread 0x00007f2e800b3000 1811       3       com.android.dx.dex.file.CodeItem::place0 (88 bytes)

GC Heap History (9 events):
Event: 1,479 GC heap before
{Heap before GC invocations=1 (full 0):
 PSYoungGen      total 18432K, used 15872K [0x00000000eab00000, 0x00000000ebf80000, 0x0000000100000000)
  eden space 15872K, 100% used [0x00000000eab00000,0x00000000eba80000,0x00000000eba80000)
  from space 2560K, 0% used [0x00000000ebd00000,0x00000000ebd00000,0x00000000ebf80000)
  to   space 2560K, 0% used [0x00000000eba80000,0x00000000eba80000,0x00000000ebd00000)
 ParOldGen       total 42496K, used 0K [0x00000000c0000000, 0x00000000c2980000, 0x00000000eab00000)
  object space 42496K, 0% used [0x00000000c0000000,0x00000000c0000000,0x00000000c2980000)
 Metaspace       used 5382K, capacity 6576K, committed 6784K, reserved 1056768K
  class space    used 564K, capacity 616K, committed 640K, reserved 1048576K
Event: 1,505 GC heap after
Heap after GC invocations=1 (full 0):
 PSYoungGen      total 18432K, used 2528K [0x00000000eab00000, 0x00000000ecf00000, 0x0000000100000000)
  eden space 15872K, 0% used [0x00000000eab00000,0x00000000eab00000,0x00000000eba80000)
  from space 2560K, 98% used [0x00000000eba80000,0x00000000ebcf8040,0x00000000ebd00000)
  to   space 2560K, 0% used [0x00000000ecc80000,0x00000000ecc80000,0x00000000ecf00000)
 ParOldGen       total 42496K, used 1048K [0x00000000c0000000, 0x00000000c2980000, 0x00000000eab00000)
  object space 42496K, 2% used [0x00000000c0000000,0x00000000c0106398,0x00000000c2980000)
 Metaspace       used 5382K, capacity 6576K, committed 6784K, reserved 1056768K
  class space    used 564K, capacity 616K, committed 640K, reserved 1048576K
}
Event: 2,623 GC heap before
{Heap before GC invocations=2 (full 0):
 PSYoungGen      total 18432K, used 18400K [0x00000000eab00000, 0x00000000ecf00000, 0x0000000100000000)
  eden space 15872K, 100% used [0x00000000eab00000,0x00000000eba80000,0x00000000eba80000)
  from space 2560K, 98% used [0x00000000eba80000,0x00000000ebcf8040,0x00000000ebd00000)
  to   space 2560K, 0% used [0x00000000ecc80000,0x00000000ecc80000,0x00000000ecf00000)
 ParOldGen       total 42496K, used 1048K [0x00000000c0000000, 0x00000000c2980000, 0x00000000eab00000)
  object space 42496K, 2% used [0x00000000c0000000,0x00000000c0106398,0x00000000c2980000)
 Metaspace       used 5627K, capacity 6768K, committed 7040K, reserved 1056768K
  class space    used 571K, capacity 616K, committed 640K, reserved 1048576K
Event: 2,716 GC heap after
Heap after GC invocations=2 (full 0):
 PSYoungGen      total 34304K, used 2553K [0x00000000eab00000, 0x00000000ecf00000, 0x0000000100000000)
  eden space 31744K, 0% used [0x00000000eab00000,0x00000000eab00000,0x00000000eca00000)
  from space 2560K, 99% used [0x00000000ecc80000,0x00000000ecefe768,0x00000000ecf00000)
  to   space 2560K, 0% used [0x00000000eca00000,0x00000000eca00000,0x00000000ecc80000)
 ParOldGen       total 42496K, used 2957K [0x00000000c0000000, 0x00000000c2980000, 0x00000000eab00000)
  object space 42496K, 6% used [0x00000000c0000000,0x00000000c02e34b0,0x00000000c2980000)
 Metaspace       used 5627K, capacity 6768K, committed 7040K, reserved 1056768K
  class space    used 571K, capacity 616K, committed 640K, reserved 1048576K
}
Event: 4,151 GC heap before
{Heap before GC invocations=3 (full 0):
 PSYoungGen      total 34304K, used 34297K [0x00000000eab00000, 0x00000000ecf00000, 0x0000000100000000)
  eden space 31744K, 100% used [0x00000000eab00000,0x00000000eca00000,0x00000000eca00000)
  from space 2560K, 99% used [0x00000000ecc80000,0x00000000ecefe768,0x00000000ecf00000)
  to   space 2560K, 0% used [0x00000000eca00000,0x00000000eca00000,0x00000000ecc80000)
 ParOldGen       total 42496K, used 2957K [0x00000000c0000000, 0x00000000c2980000, 0x00000000eab00000)
  object space 42496K, 6% used [0x00000000c0000000,0x00000000c02e34b0,0x00000000c2980000)
 Metaspace       used 5721K, capacity 6832K, committed 7040K, reserved 1056768K
  class space    used 573K, capacity 616K, committed 640K, reserved 1048576K
Event: 4,239 GC heap after
Heap after GC invocations=3 (full 0):
 PSYoungGen      total 34304K, used 2532K [0x00000000eab00000, 0x00000000eee00000, 0x0000000100000000)
  eden space 31744K, 0% used [0x00000000eab00000,0x00000000eab00000,0x00000000eca00000)
  from space 2560K, 98% used [0x00000000eca00000,0x00000000ecc79048,0x00000000ecc80000)
  to   space 2560K, 0% used [0x00000000eeb80000,0x00000000eeb80000,0x00000000eee00000)
 ParOldGen       total 42496K, used 8250K [0x00000000c0000000, 0x00000000c2980000, 0x00000000eab00000)
  object space 42496K, 19% used [0x00000000c0000000,0x00000000c080ea78,0x00000000c2980000)
 Metaspace       used 5721K, capacity 6832K, committed 7040K, reserved 1056768K
  class space    used 573K, capacity 616K, committed 640K, reserved 1048576K
}
Event: 5,013 GC heap before
{Heap before GC invocations=4 (full 0):
 PSYoungGen      total 34304K, used 34276K [0x00000000eab00000, 0x00000000eee00000, 0x0000000100000000)
  eden space 31744K, 100% used [0x00000000eab00000,0x00000000eca00000,0x00000000eca00000)
  from space 2560K, 98% used [0x00000000eca00000,0x00000000ecc79048,0x00000000ecc80000)
  to   space 2560K, 0% used [0x00000000eeb80000,0x00000000eeb80000,0x00000000eee00000)
 ParOldGen       total 42496K, used 8250K [0x00000000c0000000, 0x00000000c2980000, 0x00000000eab00000)
  object space 42496K, 19% used [0x00000000c0000000,0x00000000c080ea78,0x00000000c2980000)
 Metaspace       used 5749K, capacity 6896K, committed 7040K, reserved 1056768K
  class space    used 573K, capacity 616K, committed 640K, reserved 1048576K
Event: 5,139 GC heap after
Heap after GC invocations=4 (full 0):
 PSYoungGen      total 66048K, used 2532K [0x00000000eab00000, 0x00000000eee00000, 0x0000000100000000)
  eden space 63488K, 0% used [0x00000000eab00000,0x00000000eab00000,0x00000000ee900000)
  from space 2560K, 98% used [0x00000000eeb80000,0x00000000eedf9048,0x00000000eee00000)
  to   space 2560K, 0% used [0x00000000ee900000,0x00000000ee900000,0x00000000eeb80000)
 ParOldGen       total 42496K, used 12820K [0x00000000c0000000, 0x00000000c2980000, 0x00000000eab00000)
  object space 42496K, 30% used [0x00000000c0000000,0x00000000c0c85030,0x00000000c2980000)
 Metaspace       used 5749K, capacity 6896K, committed 7040K, reserved 1056768K
  class space    used 573K, capacity 616K, committed 640K, reserved 1048576K
}
Event: 9,459 GC heap before
{Heap before GC invocations=5 (full 0):
 PSYoungGen      total 66048K, used 66020K [0x00000000eab00000, 0x00000000eee00000, 0x0000000100000000)
  eden space 63488K, 100% used [0x00000000eab00000,0x00000000ee900000,0x00000000ee900000)
  from space 2560K, 98% used [0x00000000eeb80000,0x00000000eedf9048,0x00000000eee00000)
  to   space 2560K, 0% used [0x00000000ee900000,0x00000000ee900000,0x00000000eeb80000)
 ParOldGen       total 42496K, used 12820K [0x00000000c0000000, 0x00000000c2980000, 0x00000000eab00000)
  object space 42496K, 30% used [0x00000000c0000000,0x00000000c0c85030,0x00000000c2980000)
 Metaspace       used 6177K, capacity 7216K, committed 7296K, reserved 1056768K
  class space    used 590K, capacity 616K, committed 640K, reserved 1048576K

Deoptimization events (10 events):
Event: 4,254 Thread 0x00007f2e8019e000 Uncommon trap: reason=bimorphic action=maybe_recompile pc=0x00007f2e71356310 method=java.util.HashMap.getNode(ILjava/lang/Object;)Ljava/util/HashMap$Node; @ 126
Event: 5,789 Thread 0x00007f2e801a4800 Uncommon trap: reason=unstable_if action=reinterpret pc=0x00007f2e713b1bb8 method=com.android.dx.rop.code.LocalItem.compareHandlesNulls(Lcom/android/dx/rop/cst/CstString;Lcom/android/dx/rop/cst/CstString;)I @ 14
Event: 6,066 Thread 0x00007f2e8018a800 Uncommon trap: reason=unstable_if action=reinterpret pc=0x00007f2e713e7df4 method=java.util.HashMap.putVal(ILjava/lang/Object;Ljava/lang/Object;ZZ)Ljava/lang/Object; @ 94
Event: 7,697 Thread 0x00007f2e8000a000 Uncommon trap: reason=class_check action=maybe_recompile pc=0x00007f2e71457fb8 method=java.util.Arrays.hashCode([Ljava/lang/Object;)I @ 43
Event: 7,697 Thread 0x00007f2e8000a000 Uncommon trap: reason=class_check action=maybe_recompile pc=0x00007f2e71457fb8 method=java.util.Arrays.hashCode([Ljava/lang/Object;)I @ 43
Event: 7,698 Thread 0x00007f2e8000a000 Uncommon trap: reason=class_check action=maybe_recompile pc=0x00007f2e71457fb8 method=java.util.Arrays.hashCode([Ljava/lang/Object;)I @ 43
Event: 7,698 Thread 0x00007f2e8000a000 Uncommon trap: reason=class_check action=maybe_recompile pc=0x00007f2e71457fb8 method=java.util.Arrays.hashCode([Ljava/lang/Object;)I @ 43
Event: 7,698 Thread 0x00007f2e8000a000 Uncommon trap: reason=class_check action=maybe_recompile pc=0x00007f2e713fc338 method=java.util.Arrays.hashCode([Ljava/lang/Object;)I @ 43
Event: 8,293 Thread 0x00007f2e8000a000 Uncommon trap: reason=class_check action=maybe_recompile pc=0x00007f2e71303494 method=java.util.Arrays.equals([Ljava/lang/Object;[Ljava/lang/Object;)Z @ 62
Event: 8,294 Thread 0x00007f2e8000a000 Uncommon trap: reason=unstable_if action=reinterpret pc=0x00007f2e713034d4 method=java.util.Arrays.equals([Ljava/lang/Object;[Ljava/lang/Object;)Z @ 23

Internal exceptions (4 events):
Event: 0,108 Thread 0x00007f2e8000a000 Exception <a 'java/lang/NoSuchMethodError': Method sun.misc.Unsafe.defineClass(Ljava/lang/String;[BII)Ljava/lang/Class; name or signature does not match> (0x00000000eab07c78) thrown at [/build/openjdk-8-8jAw7G/openjdk-8-8u111-b14/src/hotspot/src/share/vm/
Event: 0,108 Thread 0x00007f2e8000a000 Exception <a 'java/lang/NoSuchMethodError': Method sun.misc.Unsafe.prefetchRead(Ljava/lang/Object;J)V name or signature does not match> (0x00000000eab07f60) thrown at [/build/openjdk-8-8jAw7G/openjdk-8-8u111-b14/src/hotspot/src/share/vm/prims/jni.cpp, lin
Event: 3,154 Thread 0x00007f2e8019e000 Implicit null exception at 0x00007f2e712c9062 to 0x00007f2e712cc0b9
Event: 5,789 Thread 0x00007f2e801a4800 Implicit null exception at 0x00007f2e713b19c8 to 0x00007f2e713b1ba5

Events (10 events):
Event: 8,293 Thread 0x00007f2e8000a000 DEOPT PACKING pc=0x00007f2e71303494 sp=0x00007f2e8837d110
Event: 8,293 Thread 0x00007f2e8000a000 DEOPT UNPACKING pc=0x00007f2e71004f69 sp=0x00007f2e8837d0c0 mode 2
Event: 8,294 Thread 0x00007f2e8000a000 Uncommon trap: trap_request=0xffffff65 fr.pc=0x00007f2e713034d4
Event: 8,294 Thread 0x00007f2e8000a000 DEOPT PACKING pc=0x00007f2e713034d4 sp=0x00007f2e8837d110
Event: 8,294 Thread 0x00007f2e8000a000 DEOPT UNPACKING pc=0x00007f2e71004f69 sp=0x00007f2e8837d0c0 mode 2
Event: 8,294 loading class com/android/dx/dex/code/CatchTable$Entry
Event: 8,294 loading class com/android/dx/dex/code/CatchTable$Entry done
Event: 8,294 loading class com/android/dx/util/ByteArrayAnnotatedOutput
Event: 8,294 loading class com/android/dx/util/ByteArrayAnnotatedOutput done
Event: 9,459 Executing VM operation: ParallelGCFailedAllocation


Dynamic libraries:
00400000-00401000 r-xp 00000000 08:06 2239412                            /usr/lib/jvm/java-8-openjdk-amd64/jre/bin/java
00600000-00601000 r--p 00000000 08:06 2239412                            /usr/lib/jvm/java-8-openjdk-amd64/jre/bin/java
00601000-00602000 rw-p 00001000 08:06 2239412                            /usr/lib/jvm/java-8-openjdk-amd64/jre/bin/java
009ff000-00a20000 rw-p 00000000 00:00 0                                  [heap]
c0000000-c2980000 rw-p 00000000 00:00 0 
c2980000-eab00000 ---p 00000000 00:00 0 
eab00000-eee00000 rw-p 00000000 00:00 0 
f4000000-100000000 ---p 00000000 00:00 0 
100000000-1000a0000 rw-p 00000000 00:00 0 
1000a0000-140000000 ---p 00000000 00:00 0 
7f2e18000000-7f2e18021000 rw-p 00000000 00:00 0 
7f2e18021000-7f2e1c000000 ---p 00000000 00:00 0 
7f2e20000000-7f2e20021000 rw-p 00000000 00:00 0 
7f2e20021000-7f2e24000000 ---p 00000000 00:00 0 
7f2e24000000-7f2e24029000 rw-p 00000000 00:00 0 
7f2e24029000-7f2e28000000 ---p 00000000 00:00 0 
7f2e28000000-7f2e28056000 rw-p 00000000 00:00 0 
7f2e28056000-7f2e2c000000 ---p 00000000 00:00 0 
7f2e2c000000-7f2e2c021000 rw-p 00000000 00:00 0 
7f2e2c021000-7f2e30000000 ---p 00000000 00:00 0 
7f2e30000000-7f2e30021000 rw-p 00000000 00:00 0 
7f2e30021000-7f2e34000000 ---p 00000000 00:00 0 
7f2e34000000-7f2e34021000 rw-p 00000000 00:00 0 
7f2e34021000-7f2e38000000 ---p 00000000 00:00 0 
7f2e38000000-7f2e38781000 rw-p 00000000 00:00 0 
7f2e38781000-7f2e3c000000 ---p 00000000 00:00 0 
7f2e3c000000-7f2e3c862000 rw-p 00000000 00:00 0 
7f2e3c862000-7f2e40000000 ---p 00000000 00:00 0 
7f2e40000000-7f2e40021000 rw-p 00000000 00:00 0 
7f2e40021000-7f2e44000000 ---p 00000000 00:00 0 
7f2e44000000-7f2e44b75000 rw-p 00000000 00:00 0 
7f2e44b75000-7f2e48000000 ---p 00000000 00:00 0 
7f2e48000000-7f2e48021000 rw-p 00000000 00:00 0 
7f2e48021000-7f2e4c000000 ---p 00000000 00:00 0 
7f2e4c000000-7f2e4c021000 rw-p 00000000 00:00 0 
7f2e4c021000-7f2e50000000 ---p 00000000 00:00 0 
7f2e50000000-7f2e50021000 rw-p 00000000 00:00 0 
7f2e50021000-7f2e54000000 ---p 00000000 00:00 0 
7f2e54000000-7f2e54021000 rw-p 00000000 00:00 0 
7f2e54021000-7f2e58000000 ---p 00000000 00:00 0 
7f2e58000000-7f2e58021000 rw-p 00000000 00:00 0 
7f2e58021000-7f2e5c000000 ---p 00000000 00:00 0 
7f2e60000000-7f2e60021000 rw-p 00000000 00:00 0 
7f2e60021000-7f2e64000000 ---p 00000000 00:00 0 
7f2e68000000-7f2e68021000 rw-p 00000000 00:00 0 
7f2e68021000-7f2e6c000000 ---p 00000000 00:00 0 
7f2e6c4a1000-7f2e6c4a4000 ---p 00000000 00:00 0 
7f2e6c4a4000-7f2e6c5a2000 rw-p 00000000 00:00 0 
7f2e6c5a2000-7f2e6c5a5000 ---p 00000000 00:00 0 
7f2e6c5a5000-7f2e6c6a3000 rw-p 00000000 00:00 0 
7f2e6c6a3000-7f2e6c6a6000 ---p 00000000 00:00 0 
7f2e6c6a6000-7f2e6c7a4000 rw-p 00000000 00:00 0 
7f2e6c7a4000-7f2e6c7a7000 ---p 00000000 00:00 0 
7f2e6c7a7000-7f2e6c8a5000 rw-p 00000000 00:00 0 
7f2e6c8a5000-7f2e6c8a8000 ---p 00000000 00:00 0 
7f2e6c8a8000-7f2e6c9a6000 rw-p 00000000 00:00 0 
7f2e6c9ad000-7f2e6c9bc000 r--s 000df000 08:06 677257                     /home/pedro/Android/Sdk/build-tools/23.0.3/lib/dx.jar
7f2e6c9bc000-7f2e6c9c1000 r--s 0003b000 08:06 2236619                    /usr/lib/jvm/java-8-openjdk-amd64/jre/lib/ext/sunjce_provider.jar
7f2e6c9c1000-7f2e6c9c4000 r--s 0000f000 08:06 2237436                    /usr/lib/jvm/java-8-openjdk-amd64/jre/lib/ext/icedtea-sound.jar
7f2e6c9c4000-7f2e6c9df000 r--s 00394000 08:06 2236603                    /usr/lib/jvm/java-8-openjdk-amd64/jre/lib/ext/cldrdata.jar
7f2e6c9df000-7f2e6c9e0000 ---p 00000000 00:00 0 
7f2e6c9e0000-7f2e6cae0000 rw-p 00000000 00:00 0 
7f2e6cae0000-7f2e6cae3000 ---p 00000000 00:00 0 
7f2e6cae3000-7f2e6cbe1000 rw-p 00000000 00:00 0 
7f2e6cbe1000-7f2e6cbe4000 ---p 00000000 00:00 0 
7f2e6cbe4000-7f2e6cce2000 rw-p 00000000 00:00 0 
7f2e6cce2000-7f2e6cce5000 ---p 00000000 00:00 0 
7f2e6cce5000-7f2e6cde3000 rw-p 00000000 00:00 0 
7f2e6cde3000-7f2e6cde6000 ---p 00000000 00:00 0 
7f2e6cde6000-7f2e6cee4000 rw-p 00000000 00:00 0 
7f2e6cee4000-7f2e6cee7000 ---p 00000000 00:00 0 
7f2e6cee7000-7f2e6cfe5000 rw-p 00000000 00:00 0 
7f2e6cfe5000-7f2e6d2be000 r--p 00000000 08:06 2237077                    /usr/lib/locale/locale-archive
7f2e6d2be000-7f2e6d2c1000 ---p 00000000 00:00 0 
7f2e6d2c1000-7f2e6d3bf000 rw-p 00000000 00:00 0 
7f2e6d3bf000-7f2e6d3c2000 ---p 00000000 00:00 0 
7f2e6d3c2000-7f2e6d4c0000 rw-p 00000000 00:00 0 
7f2e6d4c0000-7f2e6d4c1000 ---p 00000000 00:00 0 
7f2e6d4c1000-7f2e6e432000 rw-p 00000000 00:00 0 
7f2e6e432000-7f2e6e600000 r--s 03bf1000 08:06 2238589                    /usr/lib/jvm/java-8-openjdk-amd64/jre/lib/rt.jar
7f2e6e600000-7f2e6ec80000 rw-p 00000000 00:00 0 
7f2e6ec80000-7f2e6ee00000 ---p 00000000 00:00 0 
7f2e6ee00000-7f2e71000000 rw-p 00000000 00:00 0 
7f2e71000000-7f2e71630000 rwxp 00000000 00:00 0 
7f2e71630000-7f2e80000000 ---p 00000000 00:00 0 
7f2e80000000-7f2e801df000 rw-p 00000000 00:00 0 
7f2e801df000-7f2e84000000 ---p 00000000 00:00 0 
7f2e84000000-7f2e8401b000 r--s 001d5000 08:06 2236604                    /usr/lib/jvm/java-8-openjdk-amd64/jre/lib/ext/nashorn.jar
7f2e8401b000-7f2e841df000 rw-p 00000000 00:00 0 
7f2e841df000-7f2e841e0000 ---p 00000000 00:00 0 
7f2e841e0000-7f2e842e0000 rw-p 00000000 00:00 0 
7f2e842e0000-7f2e842e1000 ---p 00000000 00:00 0 
7f2e842e1000-7f2e843e1000 rw-p 00000000 00:00 0 
7f2e843e1000-7f2e843e2000 ---p 00000000 00:00 0 
7f2e843e2000-7f2e844e2000 rw-p 00000000 00:00 0 
7f2e844e2000-7f2e844e3000 ---p 00000000 00:00 0 
7f2e844e3000-7f2e845f8000 rw-p 00000000 00:00 0 
7f2e845f8000-7f2e84739000 ---p 00000000 00:00 0 
7f2e84739000-7f2e8474e000 rw-p 00000000 00:00 0 
7f2e8474e000-7f2e8488e000 ---p 00000000 00:00 0 
7f2e8488e000-7f2e848b0000 rw-p 00000000 00:00 0 
7f2e848b0000-7f2e84939000 ---p 00000000 00:00 0 
7f2e84939000-7f2e84953000 rw-p 00000000 00:00 0 
7f2e84953000-7f2e84cfa000 ---p 00000000 00:00 0 
7f2e84cfa000-7f2e84d02000 r-xp 00000000 08:06 2235101                    /usr/lib/jvm/java-8-openjdk-amd64/jre/lib/amd64/libzip.so
7f2e84d02000-7f2e84f01000 ---p 00008000 08:06 2235101                    /usr/lib/jvm/java-8-openjdk-amd64/jre/lib/amd64/libzip.so
7f2e84f01000-7f2e84f02000 r--p 00007000 08:06 2235101                    /usr/lib/jvm/java-8-openjdk-amd64/jre/lib/amd64/libzip.so
7f2e84f02000-7f2e84f03000 rw-p 00008000 08:06 2235101                    /usr/lib/jvm/java-8-openjdk-amd64/jre/lib/amd64/libzip.so
7f2e84f03000-7f2e84f0e000 r-xp 00000000 08:06 2890961                    /lib/x86_64-linux-gnu/libnss_files-2.23.so
7f2e84f0e000-7f2e8510d000 ---p 0000b000 08:06 2890961                    /lib/x86_64-linux-gnu/libnss_files-2.23.so
7f2e8510d000-7f2e8510e000 r--p 0000a000 08:06 2890961                    /lib/x86_64-linux-gnu/libnss_files-2.23.so
7f2e8510e000-7f2e8510f000 rw-p 0000b000 08:06 2890961                    /lib/x86_64-linux-gnu/libnss_files-2.23.so
7f2e8510f000-7f2e85115000 rw-p 00000000 00:00 0 
7f2e85115000-7f2e85120000 r-xp 00000000 08:06 2890958                    /lib/x86_64-linux-gnu/libnss_nis-2.23.so
7f2e85120000-7f2e8531f000 ---p 0000b000 08:06 2890958                    /lib/x86_64-linux-gnu/libnss_nis-2.23.so
7f2e8531f000-7f2e85320000 r--p 0000a000 08:06 2890958                    /lib/x86_64-linux-gnu/libnss_nis-2.23.so
7f2e85320000-7f2e85321000 rw-p 0000b000 08:06 2890958                    /lib/x86_64-linux-gnu/libnss_nis-2.23.so
7f2e85321000-7f2e85337000 r-xp 00000000 08:06 2890956                    /lib/x86_64-linux-gnu/libnsl-2.23.so
7f2e85337000-7f2e85536000 ---p 00016000 08:06 2890956                    /lib/x86_64-linux-gnu/libnsl-2.23.so
7f2e85536000-7f2e85537000 r--p 00015000 08:06 2890956                    /lib/x86_64-linux-gnu/libnsl-2.23.so
7f2e85537000-7f2e85538000 rw-p 00016000 08:06 2890956                    /lib/x86_64-linux-gnu/libnsl-2.23.so
7f2e85538000-7f2e8553a000 rw-p 00000000 00:00 0 
7f2e8553a000-7f2e85542000 r-xp 00000000 08:06 2890954                    /lib/x86_64-linux-gnu/libnss_compat-2.23.so
7f2e85542000-7f2e85741000 ---p 00008000 08:06 2890954                    /lib/x86_64-linux-gnu/libnss_compat-2.23.so
7f2e85741000-7f2e85742000 r--p 00007000 08:06 2890954                    /lib/x86_64-linux-gnu/libnss_compat-2.23.so
7f2e85742000-7f2e85743000 rw-p 00008000 08:06 2890954                    /lib/x86_64-linux-gnu/libnss_compat-2.23.so
7f2e85743000-7f2e85770000 r-xp 00000000 08:06 2234896                    /usr/lib/jvm/java-8-openjdk-amd64/jre/lib/amd64/libjava.so
7f2e85770000-7f2e8596f000 ---p 0002d000 08:06 2234896                    /usr/lib/jvm/java-8-openjdk-amd64/jre/lib/amd64/libjava.so
7f2e8596f000-7f2e85970000 r--p 0002c000 08:06 2234896                    /usr/lib/jvm/java-8-openjdk-amd64/jre/lib/amd64/libjava.so
7f2e85970000-7f2e85972000 rw-p 0002d000 08:06 2234896                    /usr/lib/jvm/java-8-openjdk-amd64/jre/lib/amd64/libjava.so
7f2e85972000-7f2e85981000 r-xp 00000000 08:06 2235039                    /usr/lib/jvm/java-8-openjdk-amd64/jre/lib/amd64/libverify.so
7f2e85981000-7f2e85b80000 ---p 0000f000 08:06 2235039                    /usr/lib/jvm/java-8-openjdk-amd64/jre/lib/amd64/libverify.so
7f2e85b80000-7f2e85b82000 r--p 0000e000 08:06 2235039                    /usr/lib/jvm/java-8-openjdk-amd64/jre/lib/amd64/libverify.so
7f2e85b82000-7f2e85b83000 rw-p 00010000 08:06 2235039                    /usr/lib/jvm/java-8-openjdk-amd64/jre/lib/amd64/libverify.so
7f2e85b83000-7f2e85b8a000 r-xp 00000000 08:06 2890970                    /lib/x86_64-linux-gnu/librt-2.23.so
7f2e85b8a000-7f2e85d89000 ---p 00007000 08:06 2890970                    /lib/x86_64-linux-gnu/librt-2.23.so
7f2e85d89000-7f2e85d8a000 r--p 00006000 08:06 2890970                    /lib/x86_64-linux-gnu/librt-2.23.so
7f2e85d8a000-7f2e85d8b000 rw-p 00007000 08:06 2890970                    /lib/x86_64-linux-gnu/librt-2.23.so
7f2e85d8b000-7f2e85da1000 r-xp 00000000 08:06 2888468                    /lib/x86_64-linux-gnu/libgcc_s.so.1
7f2e85da1000-7f2e85fa0000 ---p 00016000 08:06 2888468                    /lib/x86_64-linux-gnu/libgcc_s.so.1
7f2e85fa0000-7f2e85fa1000 rw-p 00015000 08:06 2888468                    /lib/x86_64-linux-gnu/libgcc_s.so.1
7f2e85fa1000-7f2e860a9000 r-xp 00000000 08:06 2890967                    /lib/x86_64-linux-gnu/libm-2.23.so
7f2e860a9000-7f2e862a8000 ---p 00108000 08:06 2890967                    /lib/x86_64-linux-gnu/libm-2.23.so
7f2e862a8000-7f2e862a9000 r--p 00107000 08:06 2890967                    /lib/x86_64-linux-gnu/libm-2.23.so
7f2e862a9000-7f2e862aa000 rw-p 00108000 08:06 2890967                    /lib/x86_64-linux-gnu/libm-2.23.so
7f2e862aa000-7f2e8641c000 r-xp 00000000 08:06 2231152                    /usr/lib/x86_64-linux-gnu/libstdc++.so.6.0.21
7f2e8641c000-7f2e8661c000 ---p 00172000 08:06 2231152                    /usr/lib/x86_64-linux-gnu/libstdc++.so.6.0.21
7f2e8661c000-7f2e86626000 r--p 00172000 08:06 2231152                    /usr/lib/x86_64-linux-gnu/libstdc++.so.6.0.21
7f2e86626000-7f2e86628000 rw-p 0017c000 08:06 2231152                    /usr/lib/x86_64-linux-gnu/libstdc++.so.6.0.21
7f2e86628000-7f2e8662c000 rw-p 00000000 00:00 0 
7f2e8662c000-7f2e8727b000 r-xp 00000000 08:06 2235248                    /usr/lib/jvm/java-8-openjdk-amd64/jre/lib/amd64/server/libjvm.so
7f2e8727b000-7f2e8747a000 ---p 00c4f000 08:06 2235248                    /usr/lib/jvm/java-8-openjdk-amd64/jre/lib/amd64/server/libjvm.so
7f2e8747a000-7f2e8750d000 r--p 00c4e000 08:06 2235248                    /usr/lib/jvm/java-8-openjdk-amd64/jre/lib/amd64/server/libjvm.so
7f2e8750d000-7f2e87536000 rw-p 00ce1000 08:06 2235248                    /usr/lib/jvm/java-8-openjdk-amd64/jre/lib/amd64/server/libjvm.so
7f2e87536000-7f2e87566000 rw-p 00000000 00:00 0 
7f2e87566000-7f2e8757e000 r-xp 00000000 08:06 2890974                    /lib/x86_64-linux-gnu/libpthread-2.23.so
7f2e8757e000-7f2e8777d000 ---p 00018000 08:06 2890974                    /lib/x86_64-linux-gnu/libpthread-2.23.so
7f2e8777d000-7f2e8777e000 r--p 00017000 08:06 2890974                    /lib/x86_64-linux-gnu/libpthread-2.23.so
7f2e8777e000-7f2e8777f000 rw-p 00018000 08:06 2890974                    /lib/x86_64-linux-gnu/libpthread-2.23.so
7f2e8777f000-7f2e87783000 rw-p 00000000 00:00 0 
7f2e87783000-7f2e87786000 r-xp 00000000 08:06 2890976                    /lib/x86_64-linux-gnu/libdl-2.23.so
7f2e87786000-7f2e87985000 ---p 00003000 08:06 2890976                    /lib/x86_64-linux-gnu/libdl-2.23.so
7f2e87985000-7f2e87986000 r--p 00002000 08:06 2890976                    /lib/x86_64-linux-gnu/libdl-2.23.so
7f2e87986000-7f2e87987000 rw-p 00003000 08:06 2890976                    /lib/x86_64-linux-gnu/libdl-2.23.so
7f2e87987000-7f2e879a0000 r-xp 00000000 08:06 2888621                    /lib/x86_64-linux-gnu/libz.so.1.2.8
7f2e879a0000-7f2e87b9f000 ---p 00019000 08:06 2888621                    /lib/x86_64-linux-gnu/libz.so.1.2.8
7f2e87b9f000-7f2e87ba0000 r--p 00018000 08:06 2888621                    /lib/x86_64-linux-gnu/libz.so.1.2.8
7f2e87ba0000-7f2e87ba1000 rw-p 00019000 08:06 2888621                    /lib/x86_64-linux-gnu/libz.so.1.2.8
7f2e87ba1000-7f2e87d60000 r-xp 00000000 08:06 2890975                    /lib/x86_64-linux-gnu/libc-2.23.so
7f2e87d60000-7f2e87f60000 ---p 001bf000 08:06 2890975                    /lib/x86_64-linux-gnu/libc-2.23.so
7f2e87f60000-7f2e87f64000 r--p 001bf000 08:06 2890975                    /lib/x86_64-linux-gnu/libc-2.23.so
7f2e87f64000-7f2e87f66000 rw-p 001c3000 08:06 2890975                    /lib/x86_64-linux-gnu/libc-2.23.so
7f2e87f66000-7f2e87f6a000 rw-p 00000000 00:00 0 
7f2e87f6a000-7f2e87f77000 r-xp 00000000 08:06 2235020                    /usr/lib/jvm/java-8-openjdk-amd64/jre/lib/amd64/jli/libjli.so
7f2e87f77000-7f2e88177000 ---p 0000d000 08:06 2235020                    /usr/lib/jvm/java-8-openjdk-amd64/jre/lib/amd64/jli/libjli.so
7f2e88177000-7f2e88178000 r--p 0000d000 08:06 2235020                    /usr/lib/jvm/java-8-openjdk-amd64/jre/lib/amd64/jli/libjli.so
7f2e88178000-7f2e88179000 rw-p 0000e000 08:06 2235020                    /usr/lib/jvm/java-8-openjdk-amd64/jre/lib/amd64/jli/libjli.so
7f2e88179000-7f2e8819f000 r-xp 00000000 08:06 2890971                    /lib/x86_64-linux-gnu/ld-2.23.so
7f2e8819f000-7f2e881a1000 r--s 00001000 08:06 2237437                    /usr/lib/jvm/java-8-openjdk-amd64/jre/lib/ext/dnsns.jar
7f2e881a1000-7f2e881a5000 r--s 00037000 08:06 2236620                    /usr/lib/jvm/java-8-openjdk-amd64/jre/lib/ext/sunpkcs11.jar
7f2e881a5000-7f2e8827e000 rw-p 00000000 00:00 0 
7f2e8827e000-7f2e88281000 ---p 00000000 00:00 0 
7f2e88281000-7f2e88384000 rw-p 00000000 00:00 0 
7f2e88384000-7f2e88385000 r--s 0000a000 08:06 2237423                    /usr/lib/jvm/java-8-openjdk-amd64/jre/lib/ext/jaccess.jar
7f2e88385000-7f2e88386000 r--s 00010000 08:06 2237435                    /usr/lib/jvm/java-8-openjdk-amd64/jre/lib/ext/zipfs.jar
7f2e88386000-7f2e88390000 r--s 00116000 08:06 2237434                    /usr/lib/jvm/java-8-openjdk-amd64/jre/lib/ext/localedata.jar
7f2e88390000-7f2e88392000 r--s 00008000 08:06 2237426                    /usr/lib/jvm/java-8-openjdk-amd64/jre/lib/ext/sunec.jar
7f2e88392000-7f2e8839a000 rw-s 00000000 08:06 668696                     /tmp/hsperfdata_pedro/3850
7f2e8839a000-7f2e8839b000 rw-p 00000000 00:00 0 
7f2e8839b000-7f2e8839c000 ---p 00000000 00:00 0 
7f2e8839c000-7f2e8839e000 rw-p 00000000 00:00 0 
7f2e8839e000-7f2e8839f000 r--p 00025000 08:06 2890971                    /lib/x86_64-linux-gnu/ld-2.23.so
7f2e8839f000-7f2e883a0000 rw-p 00026000 08:06 2890971                    /lib/x86_64-linux-gnu/ld-2.23.so
7f2e883a0000-7f2e883a1000 rw-p 00000000 00:00 0 
7ffcca433000-7ffcca455000 rw-p 00000000 00:00 0                          [stack]
7ffcca588000-7ffcca58a000 r--p 00000000 00:00 0                          [vvar]
7ffcca58a000-7ffcca58c000 r-xp 00000000 00:00 0                          [vdso]
ffffffffff600000-ffffffffff601000 r-xp 00000000 00:00 0                  [vsyscall]

VM Arguments:
jvm_args: -Djava.awt.headless=true -Xmx1024M -Dfile.encoding=UTF-8 -Duser.country=US -Duser.language=en -Duser.variant 
java_command: com.android.dx.command.Main --dex --num-threads=4 --output /home/pedro/TW314/tw314Mobile/app/build/intermediates/pre-dexed/debug/com.android.support-design-24.2.1_58e3cd851c96d33729f2a64381b87d8201962f0d.jar /home/pedro/TW314/tw314Mobile/app/build/intermediates/exploded-aar/com.android.support/design/24.2.1/jars/classes.jar
java_class_path (initial): /home/pedro/Android/Sdk/build-tools/23.0.3/lib/dx.jar
Launcher Type: SUN_STANDARD

Environment Variables:
PATH=/home/pedro/bin:/home/pedro/.local/bin:/usr/local/sbin:/usr/local/bin:/usr/sbin:/usr/bin:/sbin:/bin:/usr/games:/usr/local/games:/snap/bin
LD_LIBRARY_PATH=.:
SHELL=/bin/bash
DISPLAY=:0

Signal Handlers:
SIGSEGV: [libjvm.so+0xa65880], sa_mask[0]=11111111011111111101111111111110, sa_flags=SA_RESTART|SA_SIGINFO
SIGBUS: [libjvm.so+0xa65880], sa_mask[0]=11111111011111111101111111111110, sa_flags=SA_RESTART|SA_SIGINFO
SIGFPE: [libjvm.so+0x8af1c0], sa_mask[0]=11111111011111111101111111111110, sa_flags=SA_RESTART|SA_SIGINFO
SIGPIPE: [libjvm.so+0x8af1c0], sa_mask[0]=11111111011111111101111111111110, sa_flags=SA_RESTART|SA_SIGINFO
SIGXFSZ: [libjvm.so+0x8af1c0], sa_mask[0]=11111111011111111101111111111110, sa_flags=SA_RESTART|SA_SIGINFO
SIGILL: [libjvm.so+0x8af1c0], sa_mask[0]=11111111011111111101111111111110, sa_flags=SA_RESTART|SA_SIGINFO
SIGUSR1: SIG_DFL, sa_mask[0]=00000000000000000000000000000000, sa_flags=none
SIGUSR2: [libjvm.so+0x8af070], sa_mask[0]=00100000000000000000000000000000, sa_flags=SA_RESTART|SA_SIGINFO
SIGHUP: [libjvm.so+0x8af540], sa_mask[0]=11111111011111111101111111111110, sa_flags=SA_RESTART|SA_SIGINFO
SIGINT: [libjvm.so+0x8af540], sa_mask[0]=11111111011111111101111111111110, sa_flags=SA_RESTART|SA_SIGINFO
SIGTERM: [libjvm.so+0x8af540], sa_mask[0]=11111111011111111101111111111110, sa_flags=SA_RESTART|SA_SIGINFO
SIGQUIT: [libjvm.so+0x8af540], sa_mask[0]=11111111011111111101111111111110, sa_flags=SA_RESTART|SA_SIGINFO


---------------  S Y S T E M  ---------------

OS:DISTRIB_ID=Ubuntu
DISTRIB_RELEASE=16.04
DISTRIB_CODENAME=xenial
DISTRIB_DESCRIPTION="Ubuntu 16.04.1 LTS"

uname:Linux 4.4.0-51-generic #72-Ubuntu SMP Thu Nov 24 18:29:54 UTC 2016 x86_64
libc:glibc 2.23 NPTL 2.23 
rlimit: STACK 8192k, CORE 0k, NPROC 14943, NOFILE 65536, AS infinity
load average:6,16 2,05 1,04

/proc/meminfo:
MemTotal:        3935840 kB
MemFree:          143996 kB
MemAvailable:      82012 kB
Buffers:            2352 kB
Cached:           458848 kB
SwapCached:            0 kB
Active:          3170684 kB
Inactive:         437516 kB
Active(anon):    3158056 kB
Inactive(anon):   368596 kB
Active(file):      12628 kB
Inactive(file):    68920 kB
Unevictable:          84 kB
Mlocked:              84 kB
SwapTotal:             0 kB
SwapFree:              0 kB
Dirty:              1792 kB
Writeback:             0 kB
AnonPages:       3147664 kB
Mapped:           213576 kB
Shmem:            379072 kB
Slab:              77472 kB
SReclaimable:      37152 kB
SUnreclaim:        40320 kB
KernelStack:       13792 kB
PageTables:        47712 kB
NFS_Unstable:          0 kB
Bounce:                0 kB
WritebackTmp:          0 kB
CommitLimit:     1967920 kB
Committed_AS:    9487668 kB
VmallocTotal:   34359738367 kB
VmallocUsed:           0 kB
VmallocChunk:          0 kB
HardwareCorrupted:     0 kB
AnonHugePages:    966656 kB
CmaTotal:              0 kB
CmaFree:               0 kB
HugePages_Total:       0
HugePages_Free:        0
HugePages_Rsvd:        0
HugePages_Surp:        0
Hugepagesize:       2048 kB
DirectMap4k:      170752 kB
DirectMap2M:     3913728 kB
DirectMap1G:     1048576 kB


CPU:total 4 (2 cores per cpu, 2 threads per core) family 6 model 69 stepping 1, cmov, cx8, fxsr, mmx, sse, sse2, sse3, ssse3, sse4.1, sse4.2, popcnt, avx, avx2, aes, clmul, erms, lzcnt, ht, tsc, tscinvbit, bmi1, bmi2

/proc/cpuinfo:
processor	: 0
vendor_id	: GenuineIntel
cpu family	: 6
model		: 69
model name	: Intel(R) Core(TM) i5-4200U CPU @ 1.60GHz
stepping	: 1
microcode	: 0x1c
cpu MHz		: 1560.585
cache size	: 3072 KB
physical id	: 0
siblings	: 4
core id		: 0
cpu cores	: 2
apicid		: 0
initial apicid	: 0
fpu		: yes
fpu_exception	: yes
cpuid level	: 13
wp		: yes
flags		: fpu vme de pse tsc msr pae mce cx8 apic sep mtrr pge mca cmov pat pse36 clflush dts acpi mmx fxsr sse sse2 ss ht tm pbe syscall nx pdpe1gb rdtscp lm constant_tsc arch_perfmon pebs bts rep_good nopl xtopology nonstop_tsc aperfmperf eagerfpu pni pclmulqdq dtes64 monitor ds_cpl vmx est tm2 ssse3 sdbg fma cx16 xtpr pdcm pcid sse4_1 sse4_2 movbe popcnt tsc_deadline_timer aes xsave avx f16c rdrand lahf_lm abm epb tpr_shadow vnmi flexpriority ept vpid fsgsbase tsc_adjust bmi1 avx2 smep bmi2 erms invpcid xsaveopt dtherm ida arat pln pts
bugs		:
bogomips	: 4589.13
clflush size	: 64
cache_alignment	: 64
address sizes	: 39 bits physical, 48 bits virtual
power management:

processor	: 1
vendor_id	: GenuineIntel
cpu family	: 6
model		: 69
model name	: Intel(R) Core(TM) i5-4200U CPU @ 1.60GHz
stepping	: 1
microcode	: 0x1c
cpu MHz		: 1599.937
cache size	: 3072 KB
physical id	: 0
siblings	: 4
core id		: 0
cpu cores	: 2
apicid		: 1
initial apicid	: 1
fpu		: yes
fpu_exception	: yes
cpuid level	: 13
wp		: yes
flags		: fpu vme de pse tsc msr pae mce cx8 apic sep mtrr pge mca cmov pat pse36 clflush dts acpi mmx fxsr sse sse2 ss ht tm pbe syscall nx pdpe1gb rdtscp lm constant_tsc arch_perfmon pebs bts rep_good nopl xtopology nonstop_tsc aperfmperf eagerfpu pni pclmulqdq dtes64 monitor ds_cpl vmx est tm2 ssse3 sdbg fma cx16 xtpr pdcm pcid sse4_1 sse4_2 movbe popcnt tsc_deadline_timer aes xsave avx f16c rdrand lahf_lm abm epb tpr_shadow vnmi flexpriority ept vpid fsgsbase tsc_adjust bmi1 avx2 smep bmi2 erms invpcid xsaveopt dtherm ida arat pln pts
bugs		:
bogomips	: 4589.13
clflush size	: 64
cache_alignment	: 64
address sizes	: 39 bits physical, 48 bits virtual
power management:

processor	: 2
vendor_id	: GenuineIntel
cpu family	: 6
model		: 69
model name	: Intel(R) Core(TM) i5-4200U CPU @ 1.60GHz
stepping	: 1
microcode	: 0x1c
cpu MHz		: 1350.980
cache size	: 3072 KB
physical id	: 0
siblings	: 4
core id		: 1
cpu cores	: 2
apicid		: 2
initial apicid	: 2
fpu		: yes
fpu_exception	: yes
cpuid level	: 13
wp		: yes
flags		: fpu vme de pse tsc msr pae mce cx8 apic sep mtrr pge mca cmov pat pse36 clflush dts acpi mmx fxsr sse sse2 ss ht tm pbe syscall nx pdpe1gb rdtscp lm constant_tsc arch_perfmon pebs bts rep_good nopl xtopology nonstop_tsc aperfmperf eagerfpu pni pclmulqdq dtes64 monitor ds_cpl vmx est tm2 ssse3 sdbg fma cx16 xtpr pdcm pcid sse4_1 sse4_2 movbe popcnt tsc_deadline_timer aes xsave avx f16c rdrand lahf_lm abm epb tpr_shadow vnmi flexpriority ept vpid fsgsbase tsc_adjust bmi1 avx2 smep bmi2 erms invpcid xsaveopt dtherm ida arat pln pts
bugs		:
bogomips	: 4589.13
clflush size	: 64
cache_alignment	: 64
address sizes	: 39 bits physical, 48 bits virtual
power management:

processor	: 3
vendor_id	: GenuineIntel
cpu family	: 6
model		: 69
model name	: Intel(R) Core(TM) i5-4200U CPU @ 1.60GHz
stepping	: 1
microcode	: 0x1c
cpu MHz		: 1001.039
cache size	: 3072 KB
physical id	: 0
siblings	: 4
core id		: 1
cpu cores	: 2
apicid		: 3
initial apicid	: 3
fpu		: yes
fpu_exception	: yes
cpuid level	: 13
wp		: yes
flags		: fpu vme de pse tsc msr pae mce cx8 apic sep mtrr pge mca cmov pat pse36 clflush dts acpi mmx fxsr sse sse2 ss ht tm pbe syscall nx pdpe1gb rdtscp lm constant_tsc arch_perfmon pebs bts rep_good nopl xtopology nonstop_tsc aperfmperf eagerfpu pni pclmulqdq dtes64 monitor ds_cpl vmx est tm2 ssse3 sdbg fma cx16 xtpr pdcm pcid sse4_1 sse4_2 movbe popcnt tsc_deadline_timer aes xsave avx f16c rdrand lahf_lm abm epb tpr_shadow vnmi flexpriority ept vpid fsgsbase tsc_adjust bmi1 avx2 smep bmi2 erms invpcid xsaveopt dtherm ida arat pln pts
bugs		:
bogomips	: 4589.13
clflush size	: 64
cache_alignment	: 64
address sizes	: 39 bits physical, 48 bits virtual
power management:



Memory: 4k page, physical 3935840k(143996k free), swap 0k(0k free)

vm_info: OpenJDK 64-Bit Server VM (25.111-b14) for linux-amd64 JRE (1.8.0_111-8u111-b14-2ubuntu0.16.04.2-b14), built on Oct 27 2016 18:10:19 by "buildd" with gcc 5.4.0 20160609

time: Tue Jan 31 23:52:25 2017
elapsed time: 18 seconds (0d 0h 0m 18s)

