#
# There is insufficient memory for the Java Runtime Environment to continue.
# Native memory allocation (mmap) failed to map 88080384 bytes for committing reserved memory.
# Possible reasons:
#   The system is out of physical RAM or swap space
#   In 32 bit mode, the process size limit was hit
# Possible solutions:
#   Reduce memory load on the system
#   Increase physical memory or swap space
#   Check if swap backing store is full
#   Use 64 bit Java on a 64 bit OS
#   Decrease Java heap size (-Xmx/-Xms)
#   Decrease number of Java threads
#   Decrease Java thread stack sizes (-Xss)
#   Set larger code cache with -XX:ReservedCodeCacheSize=
# This output file may be truncated or incomplete.
#
#  Out of Memory Error (os_linux.cpp:2630), pid=3150, tid=0x00007f44d8ace700
#
# JRE version: OpenJDK Runtime Environment (8.0_111-b14) (build 1.8.0_111-8u111-b14-2ubuntu0.16.04.2-b14)
# Java VM: OpenJDK 64-Bit Server VM (25.111-b14 mixed mode linux-amd64 compressed oops)
# Failed to write core dump. Core dumps have been disabled. To enable core dumping, try "ulimit -c unlimited" before starting Java again
#

---------------  T H R E A D  ---------------

Current thread (0x00007f44ec077800):  VMThread [stack: 0x00007f44d89ce000,0x00007f44d8acf000] [id=3159]

Stack: [0x00007f44d89ce000,0x00007f44d8acf000],  sp=0x00007f44d8acd4c0,  free space=1021k
Native frames: (J=compiled Java code, j=interpreted, Vv=VM code, C=native code)
V  [libjvm.so+0xa64d2b]
V  [libjvm.so+0x4c2dac]
V  [libjvm.so+0x8b3ba0]
V  [libjvm.so+0x8ae01e]
V  [libjvm.so+0x9288f6]
V  [libjvm.so+0x929c23]
V  [libjvm.so+0x9262d3]
V  [libjvm.so+0x92659c]
V  [libjvm.so+0x8d8433]
V  [libjvm.so+0xa669e2]
V  [libjvm.so+0xa6bab7]
V  [libjvm.so+0xa69287]
V  [libjvm.so+0xa6a70f]
V  [libjvm.so+0xa6ac01]
V  [libjvm.so+0x8b1082]

VM_Operation (0x00007f44c353ddd0): ParallelGCFailedAllocation, mode: safepoint, requested by thread 0x00007f44ec17b000


---------------  P R O C E S S  ---------------

Java Threads: ( => current thread )
  0x00007f44ec18a800 JavaThread "pool-2-thread-4" [_thread_blocked, id=3172, stack(0x00007f44c323d000,0x00007f44c333e000)]
  0x00007f44ec186800 JavaThread "pool-2-thread-3" [_thread_blocked, id=3171, stack(0x00007f44c333e000,0x00007f44c343f000)]
  0x00007f44ec17b000 JavaThread "pool-2-thread-2" [_thread_blocked, id=3170, stack(0x00007f44c343f000,0x00007f44c3540000)]
  0x00007f44ec179800 JavaThread "pool-3-thread-1" [_thread_blocked, id=3169, stack(0x00007f44c3540000,0x00007f44c3641000)]
  0x00007f44ec177000 JavaThread "pool-2-thread-1" [_thread_blocked, id=3168, stack(0x00007f44d807b000,0x00007f44d817c000)]
  0x00007f44ec0ba800 JavaThread "Service Thread" daemon [_thread_blocked, id=3166, stack(0x00007f44d82c7000,0x00007f44d83c8000)]
  0x00007f44ec0b3000 JavaThread "C1 CompilerThread2" daemon [_thread_blocked, id=3165, stack(0x00007f44d83c8000,0x00007f44d84c9000)]
  0x00007f44ec0b1000 JavaThread "C2 CompilerThread1" daemon [_thread_blocked, id=3164, stack(0x00007f44d84c9000,0x00007f44d85ca000)]
  0x00007f44ec0ae800 JavaThread "C2 CompilerThread0" daemon [_thread_blocked, id=3163, stack(0x00007f44d85ca000,0x00007f44d86cb000)]
  0x00007f44ec0ac000 JavaThread "Signal Dispatcher" daemon [_thread_blocked, id=3162, stack(0x00007f44d86cb000,0x00007f44d87cc000)]
  0x00007f44ec084000 JavaThread "Finalizer" daemon [_thread_blocked, id=3161, stack(0x00007f44d87cc000,0x00007f44d88cd000)]
  0x00007f44ec07f800 JavaThread "Reference Handler" daemon [_thread_blocked, id=3160, stack(0x00007f44d88cd000,0x00007f44d89ce000)]
  0x00007f44ec00a000 JavaThread "main" [_thread_blocked, id=3152, stack(0x00007f44f377c000,0x00007f44f387d000)]

Other Threads:
=>0x00007f44ec077800 VMThread [stack: 0x00007f44d89ce000,0x00007f44d8acf000] [id=3159]
  0x00007f44ec0bd000 WatcherThread [stack: 0x00007f44d81c6000,0x00007f44d82c7000] [id=3167]

VM state:at safepoint (normal execution)

VM Mutex/Monitor currently owned by a thread:  ([mutex/lock_event])
[0x00007f44ec0067a0] Threads_lock - owner thread: 0x00007f44ec077800
[0x00007f44ec006ca0] Heap_lock - owner thread: 0x00007f44ec17b000

Heap:
 PSYoungGen      total 66048K, used 2529K [0x00000000eab00000, 0x00000000eee00000, 0x0000000100000000)
  eden space 63488K, 0% used [0x00000000eab00000,0x00000000eab00000,0x00000000ee900000)
  from space 2560K, 98% used [0x00000000ee900000,0x00000000eeb78770,0x00000000eeb80000)
  to   space 2560K, 0% used [0x00000000eeb80000,0x00000000eeb80000,0x00000000eee00000)
 ParOldGen       total 42496K, used 24555K [0x00000000c0000000, 0x00000000c2980000, 0x00000000eab00000)
  object space 42496K, 57% used [0x00000000c0000000,0x00000000c17fac28,0x00000000c2980000)
 Metaspace       used 6086K, capacity 7000K, committed 7168K, reserved 1056768K
  class space    used 601K, capacity 656K, committed 768K, reserved 1048576K

Card table byte_map: [0x00007f44dca3f000,0x00007f44dcc40000] byte_map_base: 0x00007f44dc43f000

Marking Bits: (ParMarkBitMap*) 0x00007f44f2a46220
 Begin Bits: [0x00007f44da63b000, 0x00007f44db63b000)
 End Bits:   [0x00007f44db63b000, 0x00007f44dc63b000)

Polling page: 0x00007f44f3898000

CodeCache: size=245760Kb used=5273Kb max_used=5285Kb free=240486Kb
 bounds [0x00007f44dd000000, 0x00007f44dd530000, 0x00007f44ec000000]
 total_blobs=1636 nmethods=1369 adapters=182
 compilation: enabled

Compilation events (10 events):
Event: 6,000 Thread 0x00007f44ec0b3000 nmethod 1607 0x00007f44dd524750 code [0x00007f44dd5248c0, 0x00007f44dd524a48]
Event: 6,000 Thread 0x00007f44ec0b3000 1571   !   2       com.android.dx.rop.type.Type::putIntern (50 bytes)
Event: 6,001 Thread 0x00007f44ec0b3000 nmethod 1571 0x00007f44dd524ad0 code [0x00007f44dd524c80, 0x00007f44dd525158]
Event: 6,001 Thread 0x00007f44ec0b3000 1601       2       com.android.dx.cf.code.RopperMachine::updateReturnOp (115 bytes)
Event: 6,001 Thread 0x00007f44ec0b3000 nmethod 1601 0x00007f44dd525590 code [0x00007f44dd5257a0, 0x00007f44dd525e78]
Event: 6,002 Thread 0x00007f44ec0b3000 1606       2       java.util.RegularEnumSet::remove (74 bytes)
Event: 6,002 Thread 0x00007f44ec0b3000 nmethod 1606 0x00007f44dd5263d0 code [0x00007f44dd526540, 0x00007f44dd5267a8]
Event: 6,002 Thread 0x00007f44ec0b3000 1575       2       com.android.dx.ssa.SCCP::replaceBranches (142 bytes)
Event: 6,012 Thread 0x00007f44ec0ae800 nmethod 1523 0x00007f44dd52a7d0 code [0x00007f44dd52a940, 0x00007f44dd52adf8]
Event: 6,012 Thread 0x00007f44ec0ae800  874   !   4       com.android.dx.rop.code.RegisterSpec::intern (70 bytes)

GC Heap History (9 events):
Event: 1,934 GC heap before
{Heap before GC invocations=1 (full 0):
 PSYoungGen      total 18432K, used 15872K [0x00000000eab00000, 0x00000000ebf80000, 0x0000000100000000)
  eden space 15872K, 100% used [0x00000000eab00000,0x00000000eba80000,0x00000000eba80000)
  from space 2560K, 0% used [0x00000000ebd00000,0x00000000ebd00000,0x00000000ebf80000)
  to   space 2560K, 0% used [0x00000000eba80000,0x00000000eba80000,0x00000000ebd00000)
 ParOldGen       total 42496K, used 0K [0x00000000c0000000, 0x00000000c2980000, 0x00000000eab00000)
  object space 42496K, 0% used [0x00000000c0000000,0x00000000c0000000,0x00000000c2980000)
 Metaspace       used 5528K, capacity 6576K, committed 6784K, reserved 1056768K
  class space    used 579K, capacity 616K, committed 640K, reserved 1048576K
Event: 1,969 GC heap after
Heap after GC invocations=1 (full 0):
 PSYoungGen      total 18432K, used 2554K [0x00000000eab00000, 0x00000000ecf00000, 0x0000000100000000)
  eden space 15872K, 0% used [0x00000000eab00000,0x00000000eab00000,0x00000000eba80000)
  from space 2560K, 99% used [0x00000000eba80000,0x00000000ebcfeab8,0x00000000ebd00000)
  to   space 2560K, 0% used [0x00000000ecc80000,0x00000000ecc80000,0x00000000ecf00000)
 ParOldGen       total 42496K, used 1270K [0x00000000c0000000, 0x00000000c2980000, 0x00000000eab00000)
  object space 42496K, 2% used [0x00000000c0000000,0x00000000c013d940,0x00000000c2980000)
 Metaspace       used 5528K, capacity 6576K, committed 6784K, reserved 1056768K
  class space    used 579K, capacity 616K, committed 640K, reserved 1048576K
}
Event: 2,946 GC heap before
{Heap before GC invocations=2 (full 0):
 PSYoungGen      total 18432K, used 18426K [0x00000000eab00000, 0x00000000ecf00000, 0x0000000100000000)
  eden space 15872K, 100% used [0x00000000eab00000,0x00000000eba80000,0x00000000eba80000)
  from space 2560K, 99% used [0x00000000eba80000,0x00000000ebcfeab8,0x00000000ebd00000)
  to   space 2560K, 0% used [0x00000000ecc80000,0x00000000ecc80000,0x00000000ecf00000)
 ParOldGen       total 42496K, used 1270K [0x00000000c0000000, 0x00000000c2980000, 0x00000000eab00000)
  object space 42496K, 2% used [0x00000000c0000000,0x00000000c013d940,0x00000000c2980000)
 Metaspace       used 5701K, capacity 6704K, committed 6784K, reserved 1056768K
  class space    used 581K, capacity 616K, committed 640K, reserved 1048576K
Event: 2,990 GC heap after
Heap after GC invocations=2 (full 0):
 PSYoungGen      total 34304K, used 2554K [0x00000000eab00000, 0x00000000ecf00000, 0x0000000100000000)
  eden space 31744K, 0% used [0x00000000eab00000,0x00000000eab00000,0x00000000eca00000)
  from space 2560K, 99% used [0x00000000ecc80000,0x00000000ecefeac8,0x00000000ecf00000)
  to   space 2560K, 0% used [0x00000000eca00000,0x00000000eca00000,0x00000000ecc80000)
 ParOldGen       total 42496K, used 3362K [0x00000000c0000000, 0x00000000c2980000, 0x00000000eab00000)
  object space 42496K, 7% used [0x00000000c0000000,0x00000000c0348940,0x00000000c2980000)
 Metaspace       used 5701K, capacity 6704K, committed 6784K, reserved 1056768K
  class space    used 581K, capacity 616K, committed 640K, reserved 1048576K
}
Event: 4,180 GC heap before
{Heap before GC invocations=3 (full 0):
 PSYoungGen      total 34304K, used 34298K [0x00000000eab00000, 0x00000000ecf00000, 0x0000000100000000)
  eden space 31744K, 100% used [0x00000000eab00000,0x00000000eca00000,0x00000000eca00000)
  from space 2560K, 99% used [0x00000000ecc80000,0x00000000ecefeac8,0x00000000ecf00000)
  to   space 2560K, 0% used [0x00000000eca00000,0x00000000eca00000,0x00000000ecc80000)
 ParOldGen       total 42496K, used 3362K [0x00000000c0000000, 0x00000000c2980000, 0x00000000eab00000)
  object space 42496K, 7% used [0x00000000c0000000,0x00000000c0348940,0x00000000c2980000)
 Metaspace       used 5927K, capacity 6872K, committed 7168K, reserved 1056768K
  class space    used 601K, capacity 656K, committed 768K, reserved 1048576K
Event: 4,235 GC heap after
Heap after GC invocations=3 (full 0):
 PSYoungGen      total 34304K, used 2528K [0x00000000eab00000, 0x00000000eee00000, 0x0000000100000000)
  eden space 31744K, 0% used [0x00000000eab00000,0x00000000eab00000,0x00000000eca00000)
  from space 2560K, 98% used [0x00000000eca00000,0x00000000ecc78270,0x00000000ecc80000)
  to   space 2560K, 0% used [0x00000000eeb80000,0x00000000eeb80000,0x00000000eee00000)
 ParOldGen       total 42496K, used 9248K [0x00000000c0000000, 0x00000000c2980000, 0x00000000eab00000)
  object space 42496K, 21% used [0x00000000c0000000,0x00000000c0908080,0x00000000c2980000)
 Metaspace       used 5927K, capacity 6872K, committed 7168K, reserved 1056768K
  class space    used 601K, capacity 656K, committed 768K, reserved 1048576K
}
Event: 4,766 GC heap before
{Heap before GC invocations=4 (full 0):
 PSYoungGen      total 34304K, used 34272K [0x00000000eab00000, 0x00000000eee00000, 0x0000000100000000)
  eden space 31744K, 100% used [0x00000000eab00000,0x00000000eca00000,0x00000000eca00000)
  from space 2560K, 98% used [0x00000000eca00000,0x00000000ecc78270,0x00000000ecc80000)
  to   space 2560K, 0% used [0x00000000eeb80000,0x00000000eeb80000,0x00000000eee00000)
 ParOldGen       total 42496K, used 9248K [0x00000000c0000000, 0x00000000c2980000, 0x00000000eab00000)
  object space 42496K, 21% used [0x00000000c0000000,0x00000000c0908080,0x00000000c2980000)
 Metaspace       used 5975K, capacity 6936K, committed 7168K, reserved 1056768K
  class space    used 601K, capacity 656K, committed 768K, reserved 1048576K
Event: 5,070 GC heap after
Heap after GC invocations=4 (full 0):
 PSYoungGen      total 66048K, used 2528K [0x00000000eab00000, 0x00000000eee00000, 0x0000000100000000)
  eden space 63488K, 0% used [0x00000000eab00000,0x00000000eab00000,0x00000000ee900000)
  from space 2560K, 98% used [0x00000000eeb80000,0x00000000eedf8270,0x00000000eee00000)
  to   space 2560K, 0% used [0x00000000ee900000,0x00000000ee900000,0x00000000eeb80000)
 ParOldGen       total 42496K, used 14722K [0x00000000c0000000, 0x00000000c2980000, 0x00000000eab00000)
  object space 42496K, 34% used [0x00000000c0000000,0x00000000c0e60990,0x00000000c2980000)
 Metaspace       used 5975K, capacity 6936K, committed 7168K, reserved 1056768K
  class space    used 601K, capacity 656K, committed 768K, reserved 1048576K
}
Event: 6,034 GC heap before
{Heap before GC invocations=5 (full 0):
 PSYoungGen      total 66048K, used 66016K [0x00000000eab00000, 0x00000000eee00000, 0x0000000100000000)
  eden space 63488K, 100% used [0x00000000eab00000,0x00000000ee900000,0x00000000ee900000)
  from space 2560K, 98% used [0x00000000eeb80000,0x00000000eedf8270,0x00000000eee00000)
  to   space 2560K, 0% used [0x00000000ee900000,0x00000000ee900000,0x00000000eeb80000)
 ParOldGen       total 42496K, used 14722K [0x00000000c0000000, 0x00000000c2980000, 0x00000000eab00000)
  object space 42496K, 34% used [0x00000000c0000000,0x00000000c0e60990,0x00000000c2980000)
 Metaspace       used 6086K, capacity 7000K, committed 7168K, reserved 1056768K
  class space    used 601K, capacity 656K, committed 768K, reserved 1048576K

Deoptimization events (7 events):
Event: 1,719 Thread 0x00007f44ec186800 Uncommon trap: reason=unstable_if action=reinterpret pc=0x00007f44dd1e6a40 method=java.util.HashMap.getNode(ILjava/lang/Object;)Ljava/util/HashMap$Node; @ 62
Event: 2,217 Thread 0x00007f44ec17b000 Uncommon trap: reason=bimorphic action=maybe_recompile pc=0x00007f44dd20f954 method=java.util.HashMap.getNode(ILjava/lang/Object;)Ljava/util/HashMap$Node; @ 126
Event: 2,217 Thread 0x00007f44ec17b000 Uncommon trap: reason=bimorphic action=maybe_recompile pc=0x00007f44dd20f954 method=java.util.HashMap.getNode(ILjava/lang/Object;)Ljava/util/HashMap$Node; @ 126
Event: 3,152 Thread 0x00007f44ec177000 Uncommon trap: reason=null_check action=make_not_entrant pc=0x00007f44dd2d1ad8 method=com.android.dx.ssa.SsaRenamer.getLocalForNewReg(I)Lcom/android/dx/rop/code/LocalItem; @ 19
Event: 3,152 Thread 0x00007f44ec177000 Uncommon trap: reason=null_check action=make_not_entrant pc=0x00007f44dd2b0448 method=com.android.dx.ssa.SsaRenamer.getLocalForNewReg(I)Lcom/android/dx/rop/code/LocalItem; @ 19
Event: 3,177 Thread 0x00007f44ec177000 Uncommon trap: reason=bimorphic action=maybe_recompile pc=0x00007f44dd20f954 method=java.util.HashMap.getNode(ILjava/lang/Object;)Ljava/util/HashMap$Node; @ 126
Event: 3,436 Thread 0x00007f44ec00a000 Uncommon trap: reason=unstable_if action=reinterpret pc=0x00007f44dd20f934 method=java.util.HashMap.getNode(ILjava/lang/Object;)Ljava/util/HashMap$Node; @ 84

Internal exceptions (7 events):
Event: 0,137 Thread 0x00007f44ec00a000 Exception <a 'java/lang/NoSuchMethodError': Method sun.misc.Unsafe.defineClass(Ljava/lang/String;[BII)Ljava/lang/Class; name or signature does not match> (0x00000000eab07c78) thrown at [/build/openjdk-8-8jAw7G/openjdk-8-8u111-b14/src/hotspot/src/share/vm/
Event: 0,137 Thread 0x00007f44ec00a000 Exception <a 'java/lang/NoSuchMethodError': Method sun.misc.Unsafe.prefetchRead(Ljava/lang/Object;J)V name or signature does not match> (0x00000000eab07f60) thrown at [/build/openjdk-8-8jAw7G/openjdk-8-8u111-b14/src/hotspot/src/share/vm/prims/jni.cpp, lin
Event: 3,152 Thread 0x00007f44ec177000 Implicit null exception at 0x00007f44dd2cf15d to 0x00007f44dd2d1a8d
Event: 3,152 Thread 0x00007f44ec177000 Implicit null exception at 0x00007f44dd2ada09 to 0x00007f44dd2b0425
Event: 3,375 Thread 0x00007f44ec186800 Exception <a 'java/lang/ArrayIndexOutOfBoundsException': 18> (0x00000000eb0df350) thrown at [/build/openjdk-8-8jAw7G/openjdk-8-8u111-b14/src/hotspot/src/share/vm/interpreter/interpreterRuntime.cpp, line 366]
Event: 3,375 Thread 0x00007f44ec186800 Exception <a 'java/lang/ArrayIndexOutOfBoundsException': 145> (0x00000000eb0e0ed0) thrown at [/build/openjdk-8-8jAw7G/openjdk-8-8u111-b14/src/hotspot/src/share/vm/interpreter/interpreterRuntime.cpp, line 366]
Event: 3,384 Thread 0x00007f44ec186800 Exception <a 'java/lang/ArrayIndexOutOfBoundsException': 40> (0x00000000eb0e21b8) thrown at [/build/openjdk-8-8jAw7G/openjdk-8-8u111-b14/src/hotspot/src/share/vm/interpreter/interpreterRuntime.cpp, line 366]

Events (10 events):
Event: 5,654 Thread 0x00007f44ec17b000 DEOPT UNPACKING pc=0x00007f44dd047373 sp=0x00007f44c353df98 mode 0
Event: 5,681 Thread 0x00007f44ec186800 DEOPT PACKING pc=0x00007f44dd34d4db sp=0x00007f44c343d070
Event: 5,681 Thread 0x00007f44ec186800 DEOPT UNPACKING pc=0x00007f44dd047373 sp=0x00007f44c343cdc8 mode 0
Event: 5,739 Thread 0x00007f44ec00a000 DEOPT PACKING pc=0x00007f44dd2ab352 sp=0x00007f44f387a8d0
Event: 5,739 Thread 0x00007f44ec00a000 DEOPT UNPACKING pc=0x00007f44dd047373 sp=0x00007f44f387a660 mode 0
Event: 5,751 Thread 0x00007f44ec18a800 DEOPT PACKING pc=0x00007f44dd49b9a0 sp=0x00007f44c333bfd0
Event: 5,761 Thread 0x00007f44ec18a800 DEOPT UNPACKING pc=0x00007f44dd047373 sp=0x00007f44c333bd08 mode 0
Event: 6,006 Thread 0x00007f44ec177000 DEOPT PACKING pc=0x00007f44dd3dc651 sp=0x00007f44d817a210
Event: 6,006 Thread 0x00007f44ec177000 DEOPT UNPACKING pc=0x00007f44dd047373 sp=0x00007f44d817a018 mode 0
Event: 6,023 Executing VM operation: ParallelGCFailedAllocation


Dynamic libraries:
00400000-00401000 r-xp 00000000 08:06 2239412                            /usr/lib/jvm/java-8-openjdk-amd64/jre/bin/java
00600000-00601000 r--p 00000000 08:06 2239412                            /usr/lib/jvm/java-8-openjdk-amd64/jre/bin/java
00601000-00602000 rw-p 00001000 08:06 2239412                            /usr/lib/jvm/java-8-openjdk-amd64/jre/bin/java
013aa000-013cb000 rw-p 00000000 00:00 0                                  [heap]
c0000000-c2980000 rw-p 00000000 00:00 0 
c2980000-eab00000 ---p 00000000 00:00 0 
eab00000-eee00000 rw-p 00000000 00:00 0 
f4200000-100000000 ---p 00000000 00:00 0 
100000000-1000c0000 rw-p 00000000 00:00 0 
1000c0000-140000000 ---p 00000000 00:00 0 
7f4488000000-7f4488023000 rw-p 00000000 00:00 0 
7f4488023000-7f448c000000 ---p 00000000 00:00 0 
7f4490000000-7f4490023000 rw-p 00000000 00:00 0 
7f4490023000-7f4494000000 ---p 00000000 00:00 0 
7f4494000000-7f4494021000 rw-p 00000000 00:00 0 
7f4494021000-7f4498000000 ---p 00000000 00:00 0 
7f4498000000-7f4498021000 rw-p 00000000 00:00 0 
7f4498021000-7f449c000000 ---p 00000000 00:00 0 
7f449c000000-7f449c021000 rw-p 00000000 00:00 0 
7f449c021000-7f44a0000000 ---p 00000000 00:00 0 
7f44a0000000-7f44a0021000 rw-p 00000000 00:00 0 
7f44a0021000-7f44a4000000 ---p 00000000 00:00 0 
7f44a4000000-7f44a4021000 rw-p 00000000 00:00 0 
7f44a4021000-7f44a8000000 ---p 00000000 00:00 0 
7f44a8000000-7f44a8a58000 rw-p 00000000 00:00 0 
7f44a8a58000-7f44ac000000 ---p 00000000 00:00 0 
7f44ac000000-7f44acbfa000 rw-p 00000000 00:00 0 
7f44acbfa000-7f44b0000000 ---p 00000000 00:00 0 
7f44b0000000-7f44b0021000 rw-p 00000000 00:00 0 
7f44b0021000-7f44b4000000 ---p 00000000 00:00 0 
7f44b4000000-7f44b4967000 rw-p 00000000 00:00 0 
7f44b4967000-7f44b8000000 ---p 00000000 00:00 0 
7f44b8000000-7f44b8021000 rw-p 00000000 00:00 0 
7f44b8021000-7f44bc000000 ---p 00000000 00:00 0 
7f44bc000000-7f44bc021000 rw-p 00000000 00:00 0 
7f44bc021000-7f44c0000000 ---p 00000000 00:00 0 
7f44c323d000-7f44c3240000 ---p 00000000 00:00 0 
7f44c3240000-7f44c333e000 rw-p 00000000 00:00 0 
7f44c333e000-7f44c3341000 ---p 00000000 00:00 0 
7f44c3341000-7f44c343f000 rw-p 00000000 00:00 0 
7f44c343f000-7f44c3442000 ---p 00000000 00:00 0 
7f44c3442000-7f44c3540000 rw-p 00000000 00:00 0 
7f44c3540000-7f44c3543000 ---p 00000000 00:00 0 
7f44c3543000-7f44c3641000 rw-p 00000000 00:00 0 
7f44c3641000-7f44c4000000 r--p 00000000 08:06 2236332                    /usr/lib/locale/locale-archive
7f44c4000000-7f44c4021000 rw-p 00000000 00:00 0 
7f44c4021000-7f44c8000000 ---p 00000000 00:00 0 
7f44c8000000-7f44c8021000 rw-p 00000000 00:00 0 
7f44c8021000-7f44cc000000 ---p 00000000 00:00 0 
7f44cc000000-7f44cc021000 rw-p 00000000 00:00 0 
7f44cc021000-7f44d0000000 ---p 00000000 00:00 0 
7f44d0000000-7f44d0021000 rw-p 00000000 00:00 0 
7f44d0021000-7f44d4000000 ---p 00000000 00:00 0 
7f44d4000000-7f44d4021000 rw-p 00000000 00:00 0 
7f44d4021000-7f44d8000000 ---p 00000000 00:00 0 
7f44d807b000-7f44d807e000 ---p 00000000 00:00 0 
7f44d807e000-7f44d817c000 rw-p 00000000 00:00 0 
7f44d817c000-7f44d8181000 r--s 0004f000 08:06 658031                     /home/pedro/.gradle/caches/modules-2/files-2.1/com.squareup.okhttp3/okhttp/3.3.1/19047bdb6a4fc00a44124f64ca98e88fc204e7e3/okhttp-3.3.1.jar
7f44d8181000-7f44d8190000 r--s 000df000 08:06 677257                     /home/pedro/Android/Sdk/build-tools/23.0.3/lib/dx.jar
7f44d8190000-7f44d81ab000 r--s 00394000 08:06 2236603                    /usr/lib/jvm/java-8-openjdk-amd64/jre/lib/ext/cldrdata.jar
7f44d81ab000-7f44d81c6000 r--s 001d5000 08:06 2236604                    /usr/lib/jvm/java-8-openjdk-amd64/jre/lib/ext/nashorn.jar
7f44d81c6000-7f44d81c7000 ---p 00000000 00:00 0 
7f44d81c7000-7f44d82c7000 rw-p 00000000 00:00 0 
7f44d82c7000-7f44d82ca000 ---p 00000000 00:00 0 
7f44d82ca000-7f44d83c8000 rw-p 00000000 00:00 0 
7f44d83c8000-7f44d83cb000 ---p 00000000 00:00 0 
7f44d83cb000-7f44d84c9000 rw-p 00000000 00:00 0 
7f44d84c9000-7f44d84cc000 ---p 00000000 00:00 0 
7f44d84cc000-7f44d85ca000 rw-p 00000000 00:00 0 
7f44d85ca000-7f44d85cd000 ---p 00000000 00:00 0 
7f44d85cd000-7f44d86cb000 rw-p 00000000 00:00 0 
7f44d86cb000-7f44d86ce000 ---p 00000000 00:00 0 
7f44d86ce000-7f44d87cc000 rw-p 00000000 00:00 0 
7f44d87cc000-7f44d87cf000 ---p 00000000 00:00 0 
7f44d87cf000-7f44d88cd000 rw-p 00000000 00:00 0 
7f44d88cd000-7f44d88d0000 ---p 00000000 00:00 0 
7f44d88d0000-7f44d89ce000 rw-p 00000000 00:00 0 
7f44d89ce000-7f44d89cf000 ---p 00000000 00:00 0 
7f44d89cf000-7f44d9a6d000 rw-p 00000000 00:00 0 
7f44d9a6d000-7f44d9c3b000 r--s 03bf1000 08:06 2238589                    /usr/lib/jvm/java-8-openjdk-amd64/jre/lib/rt.jar
7f44d9c3b000-7f44da27b000 rw-p 00000000 00:00 0 
7f44da27b000-7f44da43b000 ---p 00000000 00:00 0 
7f44da43b000-7f44dc63b000 rw-p 00000000 00:00 0 
7f44dc63b000-7f44dc63c000 ---p 00000000 00:00 0 
7f44dc63c000-7f44dc73c000 rw-p 00000000 00:00 0 
7f44dc73c000-7f44dc73d000 ---p 00000000 00:00 0 
7f44dc73d000-7f44dc83d000 rw-p 00000000 00:00 0 
7f44dc83d000-7f44dc83e000 ---p 00000000 00:00 0 
7f44dc83e000-7f44dc93e000 rw-p 00000000 00:00 0 
7f44dc93e000-7f44dc93f000 ---p 00000000 00:00 0 
7f44dc93f000-7f44dca54000 rw-p 00000000 00:00 0 
7f44dca54000-7f44dcb94000 ---p 00000000 00:00 0 
7f44dcb94000-7f44dcbb6000 rw-p 00000000 00:00 0 
7f44dcbb6000-7f44dcc3f000 ---p 00000000 00:00 0 
7f44dcc3f000-7f44dcc55000 rw-p 00000000 00:00 0 
7f44dcc55000-7f44dd000000 ---p 00000000 00:00 0 
7f44dd000000-7f44dd530000 rwxp 00000000 00:00 0 
7f44dd530000-7f44ec000000 ---p 00000000 00:00 0 
7f44ec000000-7f44ec1bb000 rw-p 00000000 00:00 0 
7f44ec1bb000-7f44f0000000 ---p 00000000 00:00 0 
7f44f0002000-7f44f0003000 r--s 0000a000 08:06 2237423                    /usr/lib/jvm/java-8-openjdk-amd64/jre/lib/ext/jaccess.jar
7f44f0003000-7f44f0008000 r--s 0003b000 08:06 2236619                    /usr/lib/jvm/java-8-openjdk-amd64/jre/lib/ext/sunjce_provider.jar
7f44f0008000-7f44f000a000 r--s 00001000 08:06 2237437                    /usr/lib/jvm/java-8-openjdk-amd64/jre/lib/ext/dnsns.jar
7f44f000a000-7f44f00b6000 rw-p 00000000 00:00 0 
7f44f00b6000-7f44f01f7000 ---p 00000000 00:00 0 
7f44f01f7000-7f44f01ff000 r-xp 00000000 08:06 2235101                    /usr/lib/jvm/java-8-openjdk-amd64/jre/lib/amd64/libzip.so
7f44f01ff000-7f44f03fe000 ---p 00008000 08:06 2235101                    /usr/lib/jvm/java-8-openjdk-amd64/jre/lib/amd64/libzip.so
7f44f03fe000-7f44f03ff000 r--p 00007000 08:06 2235101                    /usr/lib/jvm/java-8-openjdk-amd64/jre/lib/amd64/libzip.so
7f44f03ff000-7f44f0400000 rw-p 00008000 08:06 2235101                    /usr/lib/jvm/java-8-openjdk-amd64/jre/lib/amd64/libzip.so
7f44f0400000-7f44f040b000 r-xp 00000000 08:06 2890961                    /lib/x86_64-linux-gnu/libnss_files-2.23.so
7f44f040b000-7f44f060a000 ---p 0000b000 08:06 2890961                    /lib/x86_64-linux-gnu/libnss_files-2.23.so
7f44f060a000-7f44f060b000 r--p 0000a000 08:06 2890961                    /lib/x86_64-linux-gnu/libnss_files-2.23.so
7f44f060b000-7f44f060c000 rw-p 0000b000 08:06 2890961                    /lib/x86_64-linux-gnu/libnss_files-2.23.so
7f44f060c000-7f44f0612000 rw-p 00000000 00:00 0 
7f44f0612000-7f44f061d000 r-xp 00000000 08:06 2890958                    /lib/x86_64-linux-gnu/libnss_nis-2.23.so
7f44f061d000-7f44f081c000 ---p 0000b000 08:06 2890958                    /lib/x86_64-linux-gnu/libnss_nis-2.23.so
7f44f081c000-7f44f081d000 r--p 0000a000 08:06 2890958                    /lib/x86_64-linux-gnu/libnss_nis-2.23.so
7f44f081d000-7f44f081e000 rw-p 0000b000 08:06 2890958                    /lib/x86_64-linux-gnu/libnss_nis-2.23.so
7f44f081e000-7f44f0834000 r-xp 00000000 08:06 2890956                    /lib/x86_64-linux-gnu/libnsl-2.23.so
7f44f0834000-7f44f0a33000 ---p 00016000 08:06 2890956                    /lib/x86_64-linux-gnu/libnsl-2.23.so
7f44f0a33000-7f44f0a34000 r--p 00015000 08:06 2890956                    /lib/x86_64-linux-gnu/libnsl-2.23.so
7f44f0a34000-7f44f0a35000 rw-p 00016000 08:06 2890956                    /lib/x86_64-linux-gnu/libnsl-2.23.so
7f44f0a35000-7f44f0a37000 rw-p 00000000 00:00 0 
7f44f0a37000-7f44f0a3f000 r-xp 00000000 08:06 2890954                    /lib/x86_64-linux-gnu/libnss_compat-2.23.so
7f44f0a3f000-7f44f0c3e000 ---p 00008000 08:06 2890954                    /lib/x86_64-linux-gnu/libnss_compat-2.23.so
7f44f0c3e000-7f44f0c3f000 r--p 00007000 08:06 2890954                    /lib/x86_64-linux-gnu/libnss_compat-2.23.so
7f44f0c3f000-7f44f0c40000 rw-p 00008000 08:06 2890954                    /lib/x86_64-linux-gnu/libnss_compat-2.23.so
7f44f0c40000-7f44f0c6d000 r-xp 00000000 08:06 2234896                    /usr/lib/jvm/java-8-openjdk-amd64/jre/lib/amd64/libjava.so
7f44f0c6d000-7f44f0e6c000 ---p 0002d000 08:06 2234896                    /usr/lib/jvm/java-8-openjdk-amd64/jre/lib/amd64/libjava.so
7f44f0e6c000-7f44f0e6d000 r--p 0002c000 08:06 2234896                    /usr/lib/jvm/java-8-openjdk-amd64/jre/lib/amd64/libjava.so
7f44f0e6d000-7f44f0e6f000 rw-p 0002d000 08:06 2234896                    /usr/lib/jvm/java-8-openjdk-amd64/jre/lib/amd64/libjava.so
7f44f0e6f000-7f44f0e7e000 r-xp 00000000 08:06 2235039                    /usr/lib/jvm/java-8-openjdk-amd64/jre/lib/amd64/libverify.so
7f44f0e7e000-7f44f107d000 ---p 0000f000 08:06 2235039                    /usr/lib/jvm/java-8-openjdk-amd64/jre/lib/amd64/libverify.so
7f44f107d000-7f44f107f000 r--p 0000e000 08:06 2235039                    /usr/lib/jvm/java-8-openjdk-amd64/jre/lib/amd64/libverify.so
7f44f107f000-7f44f1080000 rw-p 00010000 08:06 2235039                    /usr/lib/jvm/java-8-openjdk-amd64/jre/lib/amd64/libverify.so
7f44f1080000-7f44f1087000 r-xp 00000000 08:06 2890970                    /lib/x86_64-linux-gnu/librt-2.23.so
7f44f1087000-7f44f1286000 ---p 00007000 08:06 2890970                    /lib/x86_64-linux-gnu/librt-2.23.so
7f44f1286000-7f44f1287000 r--p 00006000 08:06 2890970                    /lib/x86_64-linux-gnu/librt-2.23.so
7f44f1287000-7f44f1288000 rw-p 00007000 08:06 2890970                    /lib/x86_64-linux-gnu/librt-2.23.so
7f44f1288000-7f44f129e000 r-xp 00000000 08:06 2888468                    /lib/x86_64-linux-gnu/libgcc_s.so.1
7f44f129e000-7f44f149d000 ---p 00016000 08:06 2888468                    /lib/x86_64-linux-gnu/libgcc_s.so.1
7f44f149d000-7f44f149e000 rw-p 00015000 08:06 2888468                    /lib/x86_64-linux-gnu/libgcc_s.so.1
7f44f149e000-7f44f15a6000 r-xp 00000000 08:06 2890967                    /lib/x86_64-linux-gnu/libm-2.23.so
7f44f15a6000-7f44f17a5000 ---p 00108000 08:06 2890967                    /lib/x86_64-linux-gnu/libm-2.23.so
7f44f17a5000-7f44f17a6000 r--p 00107000 08:06 2890967                    /lib/x86_64-linux-gnu/libm-2.23.so
7f44f17a6000-7f44f17a7000 rw-p 00108000 08:06 2890967                    /lib/x86_64-linux-gnu/libm-2.23.so
7f44f17a7000-7f44f1919000 r-xp 00000000 08:06 2231152                    /usr/lib/x86_64-linux-gnu/libstdc++.so.6.0.21
7f44f1919000-7f44f1b19000 ---p 00172000 08:06 2231152                    /usr/lib/x86_64-linux-gnu/libstdc++.so.6.0.21
7f44f1b19000-7f44f1b23000 r--p 00172000 08:06 2231152                    /usr/lib/x86_64-linux-gnu/libstdc++.so.6.0.21
7f44f1b23000-7f44f1b25000 rw-p 0017c000 08:06 2231152                    /usr/lib/x86_64-linux-gnu/libstdc++.so.6.0.21
7f44f1b25000-7f44f1b29000 rw-p 00000000 00:00 0 
7f44f1b29000-7f44f2778000 r-xp 00000000 08:06 2235248                    /usr/lib/jvm/java-8-openjdk-amd64/jre/lib/amd64/server/libjvm.so
7f44f2778000-7f44f2977000 ---p 00c4f000 08:06 2235248                    /usr/lib/jvm/java-8-openjdk-amd64/jre/lib/amd64/server/libjvm.so
7f44f2977000-7f44f2a0a000 r--p 00c4e000 08:06 2235248                    /usr/lib/jvm/java-8-openjdk-amd64/jre/lib/amd64/server/libjvm.so
7f44f2a0a000-7f44f2a33000 rw-p 00ce1000 08:06 2235248                    /usr/lib/jvm/java-8-openjdk-amd64/jre/lib/amd64/server/libjvm.so
7f44f2a33000-7f44f2a63000 rw-p 00000000 00:00 0 
7f44f2a63000-7f44f2a7b000 r-xp 00000000 08:06 2890974                    /lib/x86_64-linux-gnu/libpthread-2.23.so
7f44f2a7b000-7f44f2c7a000 ---p 00018000 08:06 2890974                    /lib/x86_64-linux-gnu/libpthread-2.23.so
7f44f2c7a000-7f44f2c7b000 r--p 00017000 08:06 2890974                    /lib/x86_64-linux-gnu/libpthread-2.23.so
7f44f2c7b000-7f44f2c7c000 rw-p 00018000 08:06 2890974                    /lib/x86_64-linux-gnu/libpthread-2.23.so
7f44f2c7c000-7f44f2c80000 rw-p 00000000 00:00 0 
7f44f2c80000-7f44f2c83000 r-xp 00000000 08:06 2890976                    /lib/x86_64-linux-gnu/libdl-2.23.so
7f44f2c83000-7f44f2e82000 ---p 00003000 08:06 2890976                    /lib/x86_64-linux-gnu/libdl-2.23.so
7f44f2e82000-7f44f2e83000 r--p 00002000 08:06 2890976                    /lib/x86_64-linux-gnu/libdl-2.23.so
7f44f2e83000-7f44f2e84000 rw-p 00003000 08:06 2890976                    /lib/x86_64-linux-gnu/libdl-2.23.so
7f44f2e84000-7f44f2e9d000 r-xp 00000000 08:06 2888621                    /lib/x86_64-linux-gnu/libz.so.1.2.8
7f44f2e9d000-7f44f309c000 ---p 00019000 08:06 2888621                    /lib/x86_64-linux-gnu/libz.so.1.2.8
7f44f309c000-7f44f309d000 r--p 00018000 08:06 2888621                    /lib/x86_64-linux-gnu/libz.so.1.2.8
7f44f309d000-7f44f309e000 rw-p 00019000 08:06 2888621                    /lib/x86_64-linux-gnu/libz.so.1.2.8
7f44f309e000-7f44f325d000 r-xp 00000000 08:06 2890975                    /lib/x86_64-linux-gnu/libc-2.23.so
7f44f325d000-7f44f345d000 ---p 001bf000 08:06 2890975                    /lib/x86_64-linux-gnu/libc-2.23.so
7f44f345d000-7f44f3461000 r--p 001bf000 08:06 2890975                    /lib/x86_64-linux-gnu/libc-2.23.so
7f44f3461000-7f44f3463000 rw-p 001c3000 08:06 2890975                    /lib/x86_64-linux-gnu/libc-2.23.so
7f44f3463000-7f44f3467000 rw-p 00000000 00:00 0 
7f44f3467000-7f44f3474000 r-xp 00000000 08:06 2235020                    /usr/lib/jvm/java-8-openjdk-amd64/jre/lib/amd64/jli/libjli.so
7f44f3474000-7f44f3674000 ---p 0000d000 08:06 2235020                    /usr/lib/jvm/java-8-openjdk-amd64/jre/lib/amd64/jli/libjli.so
7f44f3674000-7f44f3675000 r--p 0000d000 08:06 2235020                    /usr/lib/jvm/java-8-openjdk-amd64/jre/lib/amd64/jli/libjli.so
7f44f3675000-7f44f3676000 rw-p 0000e000 08:06 2235020                    /usr/lib/jvm/java-8-openjdk-amd64/jre/lib/amd64/jli/libjli.so
7f44f3676000-7f44f369c000 r-xp 00000000 08:06 2890971                    /lib/x86_64-linux-gnu/ld-2.23.so
7f44f369c000-7f44f369f000 r--s 0000f000 08:06 2237436                    /usr/lib/jvm/java-8-openjdk-amd64/jre/lib/ext/icedtea-sound.jar
7f44f369f000-7f44f36a3000 r--s 00037000 08:06 2236620                    /usr/lib/jvm/java-8-openjdk-amd64/jre/lib/ext/sunpkcs11.jar
7f44f36a3000-7f44f377c000 rw-p 00000000 00:00 0 
7f44f377c000-7f44f377f000 ---p 00000000 00:00 0 
7f44f377f000-7f44f3882000 rw-p 00000000 00:00 0 
7f44f3882000-7f44f3883000 r--s 00010000 08:06 2237435                    /usr/lib/jvm/java-8-openjdk-amd64/jre/lib/ext/zipfs.jar
7f44f3883000-7f44f388d000 r--s 00116000 08:06 2237434                    /usr/lib/jvm/java-8-openjdk-amd64/jre/lib/ext/localedata.jar
7f44f388d000-7f44f388f000 r--s 00008000 08:06 2237426                    /usr/lib/jvm/java-8-openjdk-amd64/jre/lib/ext/sunec.jar
7f44f388f000-7f44f3897000 rw-s 00000000 08:06 668069                     /tmp/hsperfdata_pedro/3150
7f44f3897000-7f44f3898000 rw-p 00000000 00:00 0 
7f44f3898000-7f44f3899000 ---p 00000000 00:00 0 
7f44f3899000-7f44f389b000 rw-p 00000000 00:00 0 
7f44f389b000-7f44f389c000 r--p 00025000 08:06 2890971                    /lib/x86_64-linux-gnu/ld-2.23.so
7f44f389c000-7f44f389d000 rw-p 00026000 08:06 2890971                    /lib/x86_64-linux-gnu/ld-2.23.so
7f44f389d000-7f44f389e000 rw-p 00000000 00:00 0 
7ffe326a4000-7ffe326c6000 rw-p 00000000 00:00 0                          [stack]
7ffe327ab000-7ffe327ad000 r--p 00000000 00:00 0                          [vvar]
7ffe327ad000-7ffe327af000 r-xp 00000000 00:00 0                          [vdso]
ffffffffff600000-ffffffffff601000 r-xp 00000000 00:00 0                  [vsyscall]

VM Arguments:
jvm_args: -Djava.awt.headless=true -Xmx1024M -Dfile.encoding=UTF-8 -Duser.country=US -Duser.language=en -Duser.variant 
java_command: com.android.dx.command.Main --dex --force-jumbo --num-threads=4 --multi-dex --output /home/pedro/TW314/tw314Mobile/app/build/intermediates/transforms/dex/debug/folders/1000/10/okhttp-3.3.1_efbdebfb325cb238680a14809aab4394eedeee36 /home/pedro/.gradle/caches/modules-2/files-2.1/com.squareup.okhttp3/okhttp/3.3.1/19047bdb6a4fc00a44124f64ca98e88fc204e7e3/okhttp-3.3.1.jar
java_class_path (initial): /home/pedro/Android/Sdk/build-tools/23.0.3/lib/dx.jar
Launcher Type: SUN_STANDARD

Environment Variables:
PATH=/home/pedro/bin:/home/pedro/.local/bin:/usr/local/sbin:/usr/local/bin:/usr/sbin:/usr/bin:/sbin:/bin:/usr/games:/usr/local/games:/snap/bin
LD_LIBRARY_PATH=.:
SHELL=/bin/bash
DISPLAY=:0

Signal Handlers:
SIGSEGV: [libjvm.so+0xa65880], sa_mask[0]=11111111011111111101111111111110, sa_flags=SA_RESTART|SA_SIGINFO
SIGBUS: [libjvm.so+0xa65880], sa_mask[0]=11111111011111111101111111111110, sa_flags=SA_RESTART|SA_SIGINFO
SIGFPE: [libjvm.so+0x8af1c0], sa_mask[0]=11111111011111111101111111111110, sa_flags=SA_RESTART|SA_SIGINFO
SIGPIPE: [libjvm.so+0x8af1c0], sa_mask[0]=11111111011111111101111111111110, sa_flags=SA_RESTART|SA_SIGINFO
SIGXFSZ: [libjvm.so+0x8af1c0], sa_mask[0]=11111111011111111101111111111110, sa_flags=SA_RESTART|SA_SIGINFO
SIGILL: [libjvm.so+0x8af1c0], sa_mask[0]=11111111011111111101111111111110, sa_flags=SA_RESTART|SA_SIGINFO
SIGUSR1: SIG_DFL, sa_mask[0]=00000000000000000000000000000000, sa_flags=none
SIGUSR2: [libjvm.so+0x8af070], sa_mask[0]=00100000000000000000000000000000, sa_flags=SA_RESTART|SA_SIGINFO
SIGHUP: [libjvm.so+0x8af540], sa_mask[0]=11111111011111111101111111111110, sa_flags=SA_RESTART|SA_SIGINFO
SIGINT: [libjvm.so+0x8af540], sa_mask[0]=11111111011111111101111111111110, sa_flags=SA_RESTART|SA_SIGINFO
SIGTERM: [libjvm.so+0x8af540], sa_mask[0]=11111111011111111101111111111110, sa_flags=SA_RESTART|SA_SIGINFO
SIGQUIT: [libjvm.so+0x8af540], sa_mask[0]=11111111011111111101111111111110, sa_flags=SA_RESTART|SA_SIGINFO


---------------  S Y S T E M  ---------------

OS:DISTRIB_ID=Ubuntu
DISTRIB_RELEASE=16.04
DISTRIB_CODENAME=xenial
DISTRIB_DESCRIPTION="Ubuntu 16.04.1 LTS"

uname:Linux 4.4.0-47-generic #68-Ubuntu SMP Wed Oct 26 19:39:52 UTC 2016 x86_64
libc:glibc 2.23 NPTL 2.23 
rlimit: STACK 8192k, CORE 0k, NPROC 14948, NOFILE 65536, AS infinity
load average:10,64 3,91 1,64

/proc/meminfo:
MemTotal:        3935848 kB
MemFree:          131388 kB
MemAvailable:      50024 kB
Buffers:            2024 kB
Cached:           242132 kB
SwapCached:            0 kB
Active:          3436672 kB
Inactive:         208236 kB
Active(anon):    3422088 kB
Inactive(anon):   177640 kB
Active(file):      14584 kB
Inactive(file):    30596 kB
Unevictable:           0 kB
Mlocked:               0 kB
SwapTotal:             0 kB
SwapFree:              0 kB
Dirty:              4684 kB
Writeback:             0 kB
AnonPages:       3401272 kB
Mapped:            89764 kB
Shmem:            198456 kB
Slab:              69716 kB
SReclaimable:      34768 kB
SUnreclaim:        34948 kB
KernelStack:       11008 kB
PageTables:        35512 kB
NFS_Unstable:          0 kB
Bounce:                0 kB
WritebackTmp:          0 kB
CommitLimit:     1967924 kB
Committed_AS:    7579000 kB
VmallocTotal:   34359738367 kB
VmallocUsed:           0 kB
VmallocChunk:          0 kB
HardwareCorrupted:     0 kB
AnonHugePages:   1294336 kB
CmaTotal:              0 kB
CmaFree:               0 kB
HugePages_Total:       0
HugePages_Free:        0
HugePages_Rsvd:        0
HugePages_Surp:        0
Hugepagesize:       2048 kB
DirectMap4k:      127744 kB
DirectMap2M:     1859584 kB
DirectMap1G:     3145728 kB


CPU:total 4 (2 cores per cpu, 2 threads per core) family 6 model 69 stepping 1, cmov, cx8, fxsr, mmx, sse, sse2, sse3, ssse3, sse4.1, sse4.2, popcnt, avx, avx2, aes, clmul, erms, lzcnt, ht, tsc, tscinvbit, bmi1, bmi2

/proc/cpuinfo:
processor	: 0
vendor_id	: GenuineIntel
cpu family	: 6
model		: 69
model name	: Intel(R) Core(TM) i5-4200U CPU @ 1.60GHz
stepping	: 1
microcode	: 0x1c
cpu MHz		: 802.484
cache size	: 3072 KB
physical id	: 0
siblings	: 4
core id		: 0
cpu cores	: 2
apicid		: 0
initial apicid	: 0
fpu		: yes
fpu_exception	: yes
cpuid level	: 13
wp		: yes
flags		: fpu vme de pse tsc msr pae mce cx8 apic sep mtrr pge mca cmov pat pse36 clflush dts acpi mmx fxsr sse sse2 ss ht tm pbe syscall nx pdpe1gb rdtscp lm constant_tsc arch_perfmon pebs bts rep_good nopl xtopology nonstop_tsc aperfmperf eagerfpu pni pclmulqdq dtes64 monitor ds_cpl vmx est tm2 ssse3 sdbg fma cx16 xtpr pdcm pcid sse4_1 sse4_2 movbe popcnt tsc_deadline_timer aes xsave avx f16c rdrand lahf_lm abm epb tpr_shadow vnmi flexpriority ept vpid fsgsbase tsc_adjust bmi1 avx2 smep bmi2 erms invpcid xsaveopt dtherm ida arat pln pts
bugs		:
bogomips	: 4589.27
clflush size	: 64
cache_alignment	: 64
address sizes	: 39 bits physical, 48 bits virtual
power management:

processor	: 1
vendor_id	: GenuineIntel
cpu family	: 6
model		: 69
model name	: Intel(R) Core(TM) i5-4200U CPU @ 1.60GHz
stepping	: 1
microcode	: 0x1c
cpu MHz		: 1568.761
cache size	: 3072 KB
physical id	: 0
siblings	: 4
core id		: 0
cpu cores	: 2
apicid		: 1
initial apicid	: 1
fpu		: yes
fpu_exception	: yes
cpuid level	: 13
wp		: yes
flags		: fpu vme de pse tsc msr pae mce cx8 apic sep mtrr pge mca cmov pat pse36 clflush dts acpi mmx fxsr sse sse2 ss ht tm pbe syscall nx pdpe1gb rdtscp lm constant_tsc arch_perfmon pebs bts rep_good nopl xtopology nonstop_tsc aperfmperf eagerfpu pni pclmulqdq dtes64 monitor ds_cpl vmx est tm2 ssse3 sdbg fma cx16 xtpr pdcm pcid sse4_1 sse4_2 movbe popcnt tsc_deadline_timer aes xsave avx f16c rdrand lahf_lm abm epb tpr_shadow vnmi flexpriority ept vpid fsgsbase tsc_adjust bmi1 avx2 smep bmi2 erms invpcid xsaveopt dtherm ida arat pln pts
bugs		:
bogomips	: 4589.27
clflush size	: 64
cache_alignment	: 64
address sizes	: 39 bits physical, 48 bits virtual
power management:

processor	: 2
vendor_id	: GenuineIntel
cpu family	: 6
model		: 69
model name	: Intel(R) Core(TM) i5-4200U CPU @ 1.60GHz
stepping	: 1
microcode	: 0x1c
cpu MHz		: 1235.261
cache size	: 3072 KB
physical id	: 0
siblings	: 4
core id		: 1
cpu cores	: 2
apicid		: 2
initial apicid	: 2
fpu		: yes
fpu_exception	: yes
cpuid level	: 13
wp		: yes
flags		: fpu vme de pse tsc msr pae mce cx8 apic sep mtrr pge mca cmov pat pse36 clflush dts acpi mmx fxsr sse sse2 ss ht tm pbe syscall nx pdpe1gb rdtscp lm constant_tsc arch_perfmon pebs bts rep_good nopl xtopology nonstop_tsc aperfmperf eagerfpu pni pclmulqdq dtes64 monitor ds_cpl vmx est tm2 ssse3 sdbg fma cx16 xtpr pdcm pcid sse4_1 sse4_2 movbe popcnt tsc_deadline_timer aes xsave avx f16c rdrand lahf_lm abm epb tpr_shadow vnmi flexpriority ept vpid fsgsbase tsc_adjust bmi1 avx2 smep bmi2 erms invpcid xsaveopt dtherm ida arat pln pts
bugs		:
bogomips	: 4589.27
clflush size	: 64
cache_alignment	: 64
address sizes	: 39 bits physical, 48 bits virtual
power management:

processor	: 3
vendor_id	: GenuineIntel
cpu family	: 6
model		: 69
model name	: Intel(R) Core(TM) i5-4200U CPU @ 1.60GHz
stepping	: 1
microcode	: 0x1c
cpu MHz		: 1528.421
cache size	: 3072 KB
physical id	: 0
siblings	: 4
core id		: 1
cpu cores	: 2
apicid		: 3
initial apicid	: 3
fpu		: yes
fpu_exception	: yes
cpuid level	: 13
wp		: yes
flags		: fpu vme de pse tsc msr pae mce cx8 apic sep mtrr pge mca cmov pat pse36 clflush dts acpi mmx fxsr sse sse2 ss ht tm pbe syscall nx pdpe1gb rdtscp lm constant_tsc arch_perfmon pebs bts rep_good nopl xtopology nonstop_tsc aperfmperf eagerfpu pni pclmulqdq dtes64 monitor ds_cpl vmx est tm2 ssse3 sdbg fma cx16 xtpr pdcm pcid sse4_1 sse4_2 movbe popcnt tsc_deadline_timer aes xsave avx f16c rdrand lahf_lm abm epb tpr_shadow vnmi flexpriority ept vpid fsgsbase tsc_adjust bmi1 avx2 smep bmi2 erms invpcid xsaveopt dtherm ida arat pln pts
bugs		:
bogomips	: 4589.27
clflush size	: 64
cache_alignment	: 64
address sizes	: 39 bits physical, 48 bits virtual
power management:



Memory: 4k page, physical 3935848k(131388k free), swap 0k(0k free)

vm_info: OpenJDK 64-Bit Server VM (25.111-b14) for linux-amd64 JRE (1.8.0_111-8u111-b14-2ubuntu0.16.04.2-b14), built on Oct 27 2016 18:10:19 by "buildd" with gcc 5.4.0 20160609

time: Sun Nov 27 16:10:53 2016
elapsed time: 9 seconds (0d 0h 0m 9s)

