#
# There is insufficient memory for the Java Runtime Environment to continue.
# Native memory allocation (mmap) failed to map 32505856 bytes for committing reserved memory.
# Possible reasons:
#   The system is out of physical RAM or swap space
#   In 32 bit mode, the process size limit was hit
# Possible solutions:
#   Reduce memory load on the system
#   Increase physical memory or swap space
#   Check if swap backing store is full
#   Use 64 bit Java on a 64 bit OS
#   Decrease Java heap size (-Xmx/-Xms)
#   Decrease number of Java threads
#   Decrease Java thread stack sizes (-Xss)
#   Set larger code cache with -XX:ReservedCodeCacheSize=
# This output file may be truncated or incomplete.
#
#  Out of Memory Error (os_linux.cpp:2630), pid=9984, tid=0x00007f6234f86700
#
# JRE version: OpenJDK Runtime Environment (8.0_111-b14) (build 1.8.0_111-8u111-b14-2ubuntu0.16.04.2-b14)
# Java VM: OpenJDK 64-Bit Server VM (25.111-b14 mixed mode linux-amd64 compressed oops)
# Failed to write core dump. Core dumps have been disabled. To enable core dumping, try "ulimit -c unlimited" before starting Java again
#

---------------  T H R E A D  ---------------

Current thread (0x00007f6248077800):  VMThread [stack: 0x00007f6234e86000,0x00007f6234f87000] [id=9994]

Stack: [0x00007f6234e86000,0x00007f6234f87000],  sp=0x00007f6234f854c0,  free space=1021k
Native frames: (J=compiled Java code, j=interpreted, Vv=VM code, C=native code)
V  [libjvm.so+0xa64d2b]
V  [libjvm.so+0x4c2dac]
V  [libjvm.so+0x8b3ba0]
V  [libjvm.so+0x8ae01e]
V  [libjvm.so+0x9288f6]
V  [libjvm.so+0x929c23]
V  [libjvm.so+0x9262d3]
V  [libjvm.so+0x92659c]
V  [libjvm.so+0x8d8433]
V  [libjvm.so+0xa669e2]
V  [libjvm.so+0xa6bab7]
V  [libjvm.so+0xa69287]
V  [libjvm.so+0xa6a70f]
V  [libjvm.so+0xa6ac01]
V  [libjvm.so+0x8b1082]

VM_Operation (0x00007f62177f5e00): ParallelGCFailedAllocation, mode: safepoint, requested by thread 0x00007f6248195800


---------------  P R O C E S S  ---------------

Java Threads: ( => current thread )
  0x00007f6248195800 JavaThread "pool-2-thread-4" [_thread_blocked, id=10028, stack(0x00007f62176f7000,0x00007f62177f8000)]
  0x00007f6248194000 JavaThread "pool-2-thread-3" [_thread_blocked, id=10024, stack(0x00007f62177f8000,0x00007f62178f9000)]
  0x00007f6248192800 JavaThread "pool-2-thread-2" [_thread_blocked, id=10023, stack(0x00007f62178f9000,0x00007f62179fa000)]
  0x00007f624818c800 JavaThread "pool-3-thread-1" [_thread_blocked, id=10021, stack(0x00007f62179fa000,0x00007f6217afb000)]
  0x00007f624818a800 JavaThread "pool-2-thread-1" [_thread_blocked, id=10018, stack(0x00007f6217afb000,0x00007f6217bfc000)]
  0x00007f62480c2800 JavaThread "Service Thread" daemon [_thread_blocked, id=10003, stack(0x00007f6217cfd000,0x00007f6217dfe000)]
  0x00007f62480b3000 JavaThread "C1 CompilerThread2" daemon [_thread_blocked, id=10002, stack(0x00007f6217dfe000,0x00007f6217eff000)]
  0x00007f62480b1000 JavaThread "C2 CompilerThread1" daemon [_thread_blocked, id=10001, stack(0x00007f6217eff000,0x00007f6218000000)]
  0x00007f62480ae800 JavaThread "C2 CompilerThread0" daemon [_thread_blocked, id=10000, stack(0x00007f62340c3000,0x00007f62341c4000)]
  0x00007f62480ac000 JavaThread "Signal Dispatcher" daemon [_thread_blocked, id=9997, stack(0x00007f62341c4000,0x00007f62342c5000)]
  0x00007f6248084000 JavaThread "Finalizer" daemon [_thread_blocked, id=9996, stack(0x00007f6234c84000,0x00007f6234d85000)]
  0x00007f624807f800 JavaThread "Reference Handler" daemon [_thread_blocked, id=9995, stack(0x00007f6234d85000,0x00007f6234e86000)]
  0x00007f624800a000 JavaThread "main" [_thread_blocked, id=9986, stack(0x00007f624fc2f000,0x00007f624fd30000)]

Other Threads:
=>0x00007f6248077800 VMThread [stack: 0x00007f6234e86000,0x00007f6234f87000] [id=9994]
  0x00007f62480d5800 WatcherThread [stack: 0x00007f6217bfc000,0x00007f6217cfd000] [id=10005]

VM state:at safepoint (normal execution)

VM Mutex/Monitor currently owned by a thread:  ([mutex/lock_event])
[0x00007f62480067e0] Threads_lock - owner thread: 0x00007f6248077800
[0x00007f6248006ce0] Heap_lock - owner thread: 0x00007f6248195800

Heap:
 PSYoungGen      total 34304K, used 2544K [0x00000000eab00000, 0x00000000ecf00000, 0x0000000100000000)
  eden space 31744K, 0% used [0x00000000eab00000,0x00000000eab00000,0x00000000eca00000)
  from space 2560K, 99% used [0x00000000eca00000,0x00000000ecc7c028,0x00000000ecc80000)
  to   space 2560K, 0% used [0x00000000ecc80000,0x00000000ecc80000,0x00000000ecf00000)
 ParOldGen       total 42496K, used 9090K [0x00000000c0000000, 0x00000000c2980000, 0x00000000eab00000)
  object space 42496K, 21% used [0x00000000c0000000,0x00000000c08e0a38,0x00000000c2980000)
 Metaspace       used 5777K, capacity 6896K, committed 7040K, reserved 1056768K
  class space    used 572K, capacity 616K, committed 640K, reserved 1048576K

Card table byte_map: [0x00007f624c0e9000,0x00007f624c2ea000] byte_map_base: 0x00007f624bae9000

Marking Bits: (ParMarkBitMap*) 0x00007f624eef9220
 Begin Bits: [0x00007f6236aa6000, 0x00007f6237aa6000)
 End Bits:   [0x00007f6237aa6000, 0x00007f6238aa6000)

Polling page: 0x00007f624fd4b000

CodeCache: size=245760Kb used=3895Kb max_used=3895Kb free=241864Kb
 bounds [0x00007f6239000000, 0x00007f62393e0000, 0x00007f6248000000]
 total_blobs=1371 nmethods=1110 adapters=176
 compilation: enabled

Compilation events (10 events):
Event: 3,635 Thread 0x00007f62480b3000 nmethod 1151 0x00007f62393ce390 code [0x00007f62393ce520, 0x00007f62393ce878]
Event: 3,636 Thread 0x00007f62480b3000 1152       2       java.lang.AbstractStringBuilder::append (29 bytes)
Event: 3,636 Thread 0x00007f62480b3000 nmethod 1152 0x00007f62393cea90 code [0x00007f62393cec20, 0x00007f62393cef78]
Event: 3,636 Thread 0x00007f62480b3000 1182       2       com.android.dx.cf.code.BasicBlocker::visitNoArgs (298 bytes)
Event: 3,637 Thread 0x00007f62480b3000 nmethod 1182 0x00007f62393cf150 code [0x00007f62393cf340, 0x00007f62393cf938]
Event: 3,637 Thread 0x00007f62480b3000 1173       2       com.android.dx.rop.cst.CstMethodRef::<init> (7 bytes)
Event: 3,637 Thread 0x00007f62480b3000 nmethod 1173 0x00007f62393d0210 code [0x00007f62393d0380, 0x00007f62393d0558]
Event: 3,637 Thread 0x00007f62480b3000 1178       2       java.util.TreeMap::<init> (20 bytes)
Event: 3,637 Thread 0x00007f62480b3000 nmethod 1178 0x00007f62393d06d0 code [0x00007f62393d0820, 0x00007f62393d0990]
Event: 3,637 Thread 0x00007f62480b3000 1183       2       com.android.dx.cf.code.Simulator$SimVisitor::visitNoArgs (2108 bytes)

GC Heap History (5 events):
Event: 1,703 GC heap before
{Heap before GC invocations=1 (full 0):
 PSYoungGen      total 18432K, used 15872K [0x00000000eab00000, 0x00000000ebf80000, 0x0000000100000000)
  eden space 15872K, 100% used [0x00000000eab00000,0x00000000eba80000,0x00000000eba80000)
  from space 2560K, 0% used [0x00000000ebd00000,0x00000000ebd00000,0x00000000ebf80000)
  to   space 2560K, 0% used [0x00000000eba80000,0x00000000eba80000,0x00000000ebd00000)
 ParOldGen       total 42496K, used 0K [0x00000000c0000000, 0x00000000c2980000, 0x00000000eab00000)
  object space 42496K, 0% used [0x00000000c0000000,0x00000000c0000000,0x00000000c2980000)
 Metaspace       used 5462K, capacity 6640K, committed 6784K, reserved 1056768K
  class space    used 569K, capacity 616K, committed 640K, reserved 1048576K
Event: 1,730 GC heap after
Heap after GC invocations=1 (full 0):
 PSYoungGen      total 18432K, used 2532K [0x00000000eab00000, 0x00000000ecf00000, 0x0000000100000000)
  eden space 15872K, 0% used [0x00000000eab00000,0x00000000eab00000,0x00000000eba80000)
  from space 2560K, 98% used [0x00000000eba80000,0x00000000ebcf92a8,0x00000000ebd00000)
  to   space 2560K, 0% used [0x00000000ecc80000,0x00000000ecc80000,0x00000000ecf00000)
 ParOldGen       total 42496K, used 1331K [0x00000000c0000000, 0x00000000c2980000, 0x00000000eab00000)
  object space 42496K, 3% used [0x00000000c0000000,0x00000000c014ce40,0x00000000c2980000)
 Metaspace       used 5462K, capacity 6640K, committed 6784K, reserved 1056768K
  class space    used 569K, capacity 616K, committed 640K, reserved 1048576K
}
Event: 2,542 GC heap before
{Heap before GC invocations=2 (full 0):
 PSYoungGen      total 18432K, used 18404K [0x00000000eab00000, 0x00000000ecf00000, 0x0000000100000000)
  eden space 15872K, 100% used [0x00000000eab00000,0x00000000eba80000,0x00000000eba80000)
  from space 2560K, 98% used [0x00000000eba80000,0x00000000ebcf92a8,0x00000000ebd00000)
  to   space 2560K, 0% used [0x00000000ecc80000,0x00000000ecc80000,0x00000000ecf00000)
 ParOldGen       total 42496K, used 1331K [0x00000000c0000000, 0x00000000c2980000, 0x00000000eab00000)
  object space 42496K, 3% used [0x00000000c0000000,0x00000000c014ce40,0x00000000c2980000)
 Metaspace       used 5654K, capacity 6768K, committed 7040K, reserved 1056768K
  class space    used 571K, capacity 616K, committed 640K, reserved 1048576K
Event: 2,585 GC heap after
Heap after GC invocations=2 (full 0):
 PSYoungGen      total 34304K, used 2535K [0x00000000eab00000, 0x00000000ecf00000, 0x0000000100000000)
  eden space 31744K, 0% used [0x00000000eab00000,0x00000000eab00000,0x00000000eca00000)
  from space 2560K, 99% used [0x00000000ecc80000,0x00000000ecef9c88,0x00000000ecf00000)
  to   space 2560K, 0% used [0x00000000eca00000,0x00000000eca00000,0x00000000ecc80000)
 ParOldGen       total 42496K, used 3563K [0x00000000c0000000, 0x00000000c2980000, 0x00000000eab00000)
  object space 42496K, 8% used [0x00000000c0000000,0x00000000c037ae48,0x00000000c2980000)
 Metaspace       used 5654K, capacity 6768K, committed 7040K, reserved 1056768K
  class space    used 571K, capacity 616K, committed 640K, reserved 1048576K
}
Event: 5,027 GC heap before
{Heap before GC invocations=3 (full 0):
 PSYoungGen      total 34304K, used 34279K [0x00000000eab00000, 0x00000000ecf00000, 0x0000000100000000)
  eden space 31744K, 100% used [0x00000000eab00000,0x00000000eca00000,0x00000000eca00000)
  from space 2560K, 99% used [0x00000000ecc80000,0x00000000ecef9c88,0x00000000ecf00000)
  to   space 2560K, 0% used [0x00000000eca00000,0x00000000eca00000,0x00000000ecc80000)
 ParOldGen       total 42496K, used 3563K [0x00000000c0000000, 0x00000000c2980000, 0x00000000eab00000)
  object space 42496K, 8% used [0x00000000c0000000,0x00000000c037ae48,0x00000000c2980000)
 Metaspace       used 5777K, capacity 6896K, committed 7040K, reserved 1056768K
  class space    used 572K, capacity 616K, committed 640K, reserved 1048576K

Deoptimization events (10 events):
Event: 1,551 Thread 0x00007f624818a800 Uncommon trap: reason=unstable_if action=reinterpret pc=0x00007f62391decbc method=java.util.HashMap.getNode(ILjava/lang/Object;)Ljava/util/HashMap$Node; @ 62
Event: 2,590 Thread 0x00007f624800a000 Uncommon trap: reason=class_check action=maybe_recompile pc=0x00007f6239225604 method=com.android.dx.ssa.NormalSsaInsn.accept(Lcom/android/dx/ssa/SsaInsn$Visitor;)V @ 9
Event: 2,590 Thread 0x00007f624800a000 Uncommon trap: reason=class_check action=maybe_recompile pc=0x00007f6239213f50 method=com.android.dx.ssa.NormalSsaInsn.accept(Lcom/android/dx/ssa/SsaInsn$Visitor;)V @ 9
Event: 2,590 Thread 0x00007f624800a000 Uncommon trap: reason=class_check action=maybe_recompile pc=0x00007f6239213f50 method=com.android.dx.ssa.NormalSsaInsn.accept(Lcom/android/dx/ssa/SsaInsn$Visitor;)V @ 9
Event: 2,590 Thread 0x00007f624800a000 Uncommon trap: reason=class_check action=maybe_recompile pc=0x00007f6239213f50 method=com.android.dx.ssa.NormalSsaInsn.accept(Lcom/android/dx/ssa/SsaInsn$Visitor;)V @ 9
Event: 2,626 Thread 0x00007f624800a000 Uncommon trap: reason=class_check action=maybe_recompile pc=0x00007f6239225604 method=com.android.dx.ssa.NormalSsaInsn.accept(Lcom/android/dx/ssa/SsaInsn$Visitor;)V @ 9
Event: 3,027 Thread 0x00007f624818a800 Uncommon trap: reason=unstable_if action=reinterpret pc=0x00007f62392c9d44 method=com.android.dx.rop.code.RegisterSpecSet.put(Lcom/android/dx/rop/code/RegisterSpec;)V @ 77
Event: 3,084 Thread 0x00007f624800a000 Uncommon trap: reason=unstable_if action=reinterpret pc=0x00007f6239206fa4 method=java.util.HashMap.getNode(ILjava/lang/Object;)Ljava/util/HashMap$Node; @ 62
Event: 3,089 Thread 0x00007f6248192800 Uncommon trap: reason=unstable_if action=reinterpret pc=0x00007f6239289a1c method=com.android.dx.rop.code.RegisterSpec.equals(ILcom/android/dx/rop/type/TypeBearer;Lcom/android/dx/rop/code/LocalItem;)Z @ 42
Event: 3,508 Thread 0x00007f6248195800 Uncommon trap: reason=unstable_if action=reinterpret pc=0x00007f623923eb9c method=com.android.dx.rop.cst.Constant.compareTo(Lcom/android/dx/rop/cst/Constant;)I @ 12

Internal exceptions (2 events):
Event: 0,029 Thread 0x00007f624800a000 Exception <a 'java/lang/NoSuchMethodError': Method sun.misc.Unsafe.defineClass(Ljava/lang/String;[BII)Ljava/lang/Class; name or signature does not match> (0x00000000eab07c78) thrown at [/build/openjdk-8-8jAw7G/openjdk-8-8u111-b14/src/hotspot/src/share/vm/
Event: 0,029 Thread 0x00007f624800a000 Exception <a 'java/lang/NoSuchMethodError': Method sun.misc.Unsafe.prefetchRead(Ljava/lang/Object;J)V name or signature does not match> (0x00000000eab07f60) thrown at [/build/openjdk-8-8jAw7G/openjdk-8-8u111-b14/src/hotspot/src/share/vm/prims/jni.cpp, lin

Events (10 events):
Event: 3,404 loading class com/android/dx/rop/code/RegOps
Event: 3,404 loading class com/android/dx/rop/code/RegOps done
Event: 3,491 Executing VM operation: ForceSafepoint
Event: 3,491 Executing VM operation: ForceSafepoint done
Event: 3,508 Thread 0x00007f6248195800 Uncommon trap: trap_request=0xffffff65 fr.pc=0x00007f623923eb9c
Event: 3,508 Thread 0x00007f6248195800 DEOPT PACKING pc=0x00007f623923eb9c sp=0x00007f62177f5dd0
Event: 3,508 Thread 0x00007f6248195800 DEOPT UNPACKING pc=0x00007f6239004f69 sp=0x00007f62177f5d90 mode 2
Event: 4,910 Executing VM operation: EnableBiasedLocking
Event: 4,923 Executing VM operation: EnableBiasedLocking done
Event: 4,927 Executing VM operation: ParallelGCFailedAllocation


Dynamic libraries:
00400000-00401000 r-xp 00000000 08:06 2239412                            /usr/lib/jvm/java-8-openjdk-amd64/jre/bin/java
00600000-00601000 r--p 00000000 08:06 2239412                            /usr/lib/jvm/java-8-openjdk-amd64/jre/bin/java
00601000-00602000 rw-p 00001000 08:06 2239412                            /usr/lib/jvm/java-8-openjdk-amd64/jre/bin/java
01def000-01e10000 rw-p 00000000 00:00 0                                  [heap]
c0000000-c2980000 rw-p 00000000 00:00 0 
c2980000-eab00000 ---p 00000000 00:00 0 
eab00000-ecf00000 rw-p 00000000 00:00 0 
eee00000-100000000 ---p 00000000 00:00 0 
100000000-1000a0000 rw-p 00000000 00:00 0 
1000a0000-140000000 ---p 00000000 00:00 0 
7f61e4000000-7f61e4021000 rw-p 00000000 00:00 0 
7f61e4021000-7f61e8000000 ---p 00000000 00:00 0 
7f61ec000000-7f61ec021000 rw-p 00000000 00:00 0 
7f61ec021000-7f61f0000000 ---p 00000000 00:00 0 
7f61f0000000-7f61f0021000 rw-p 00000000 00:00 0 
7f61f0021000-7f61f4000000 ---p 00000000 00:00 0 
7f61f4000000-7f61f403c000 rw-p 00000000 00:00 0 
7f61f403c000-7f61f8000000 ---p 00000000 00:00 0 
7f61f8000000-7f61f8021000 rw-p 00000000 00:00 0 
7f61f8021000-7f61fc000000 ---p 00000000 00:00 0 
7f61fc000000-7f61fc021000 rw-p 00000000 00:00 0 
7f61fc021000-7f6200000000 ---p 00000000 00:00 0 
7f6200000000-7f6200021000 rw-p 00000000 00:00 0 
7f6200021000-7f6204000000 ---p 00000000 00:00 0 
7f6204000000-7f620411a000 rw-p 00000000 00:00 0 
7f620411a000-7f6208000000 ---p 00000000 00:00 0 
7f6208000000-7f6208570000 rw-p 00000000 00:00 0 
7f6208570000-7f620c000000 ---p 00000000 00:00 0 
7f620c000000-7f620c269000 rw-p 00000000 00:00 0 
7f620c269000-7f6210000000 ---p 00000000 00:00 0 
7f6210000000-7f6210021000 rw-p 00000000 00:00 0 
7f6210021000-7f6214000000 ---p 00000000 00:00 0 
7f62176f7000-7f62176fa000 ---p 00000000 00:00 0 
7f62176fa000-7f62177f8000 rw-p 00000000 00:00 0 
7f62177f8000-7f62177fb000 ---p 00000000 00:00 0 
7f62177fb000-7f62178f9000 rw-p 00000000 00:00 0 
7f62178f9000-7f62178fc000 ---p 00000000 00:00 0 
7f62178fc000-7f62179fa000 rw-p 00000000 00:00 0 
7f62179fa000-7f62179fd000 ---p 00000000 00:00 0 
7f62179fd000-7f6217afb000 rw-p 00000000 00:00 0 
7f6217afb000-7f6217afe000 ---p 00000000 00:00 0 
7f6217afe000-7f6217bfc000 rw-p 00000000 00:00 0 
7f6217bfc000-7f6217bfd000 ---p 00000000 00:00 0 
7f6217bfd000-7f6217cfd000 rw-p 00000000 00:00 0 
7f6217cfd000-7f6217d00000 ---p 00000000 00:00 0 
7f6217d00000-7f6217dfe000 rw-p 00000000 00:00 0 
7f6217dfe000-7f6217e01000 ---p 00000000 00:00 0 
7f6217e01000-7f6217eff000 rw-p 00000000 00:00 0 
7f6217eff000-7f6217f02000 ---p 00000000 00:00 0 
7f6217f02000-7f6218000000 rw-p 00000000 00:00 0 
7f6218000000-7f6218021000 rw-p 00000000 00:00 0 
7f6218021000-7f621c000000 ---p 00000000 00:00 0 
7f621c000000-7f621c021000 rw-p 00000000 00:00 0 
7f621c021000-7f6220000000 ---p 00000000 00:00 0 
7f6220000000-7f6220021000 rw-p 00000000 00:00 0 
7f6220021000-7f6224000000 ---p 00000000 00:00 0 
7f6224000000-7f6224021000 rw-p 00000000 00:00 0 
7f6224021000-7f6228000000 ---p 00000000 00:00 0 
7f6228000000-7f6228021000 rw-p 00000000 00:00 0 
7f6228021000-7f622c000000 ---p 00000000 00:00 0 
7f622c000000-7f622c021000 rw-p 00000000 00:00 0 
7f622c021000-7f6230000000 ---p 00000000 00:00 0 
7f6230000000-7f6230021000 rw-p 00000000 00:00 0 
7f6230021000-7f6234000000 ---p 00000000 00:00 0 
7f6234073000-7f6234079000 r--s 0002f000 08:06 1581937                    /home/pedro/TW314/tw314Mobile/app/build/intermediates/exploded-aar/com.android.support/support-media-compat/24.2.1/jars/classes.jar
7f6234079000-7f6234088000 r--s 000df000 08:06 677257                     /home/pedro/Android/Sdk/build-tools/23.0.3/lib/dx.jar
7f6234088000-7f623408d000 r--s 0003b000 08:06 2236619                    /usr/lib/jvm/java-8-openjdk-amd64/jre/lib/ext/sunjce_provider.jar
7f623408d000-7f62340a8000 r--s 00394000 08:06 2236603                    /usr/lib/jvm/java-8-openjdk-amd64/jre/lib/ext/cldrdata.jar
7f62340a8000-7f62340c3000 r--s 001d5000 08:06 2236604                    /usr/lib/jvm/java-8-openjdk-amd64/jre/lib/ext/nashorn.jar
7f62340c3000-7f62340c6000 ---p 00000000 00:00 0 
7f62340c6000-7f62341c4000 rw-p 00000000 00:00 0 
7f62341c4000-7f62341c7000 ---p 00000000 00:00 0 
7f62341c7000-7f62342c5000 rw-p 00000000 00:00 0 
7f62342c5000-7f6234c84000 r--p 00000000 08:06 2236332                    /usr/lib/locale/locale-archive
7f6234c84000-7f6234c87000 ---p 00000000 00:00 0 
7f6234c87000-7f6234d85000 rw-p 00000000 00:00 0 
7f6234d85000-7f6234d88000 ---p 00000000 00:00 0 
7f6234d88000-7f6234e86000 rw-p 00000000 00:00 0 
7f6234e86000-7f6234e87000 ---p 00000000 00:00 0 
7f6234e87000-7f6235ed8000 rw-p 00000000 00:00 0 
7f6235ed8000-7f62360a6000 r--s 03bf1000 08:06 2238589                    /usr/lib/jvm/java-8-openjdk-amd64/jre/lib/rt.jar
7f62360a6000-7f62366e6000 rw-p 00000000 00:00 0 
7f62366e6000-7f62368a6000 ---p 00000000 00:00 0 
7f62368a6000-7f6238aa6000 rw-p 00000000 00:00 0 
7f6238aa6000-7f6238aa7000 ---p 00000000 00:00 0 
7f6238aa7000-7f6238ba7000 rw-p 00000000 00:00 0 
7f6238ba7000-7f6238ba8000 ---p 00000000 00:00 0 
7f6238ba8000-7f6238ca8000 rw-p 00000000 00:00 0 
7f6238ca8000-7f6238ca9000 ---p 00000000 00:00 0 
7f6238ca9000-7f6238da9000 rw-p 00000000 00:00 0 
7f6238da9000-7f6238daa000 ---p 00000000 00:00 0 
7f6238daa000-7f6238ebf000 rw-p 00000000 00:00 0 
7f6238ebf000-7f6239000000 ---p 00000000 00:00 0 
7f6239000000-7f62393e0000 rwxp 00000000 00:00 0 
7f62393e0000-7f6248000000 ---p 00000000 00:00 0 
7f6248000000-7f62481ac000 rw-p 00000000 00:00 0 
7f62481ac000-7f624c000000 ---p 00000000 00:00 0 
7f624c002000-7f624c003000 r--s 0000a000 08:06 2237423                    /usr/lib/jvm/java-8-openjdk-amd64/jre/lib/ext/jaccess.jar
7f624c003000-7f624c005000 r--s 00001000 08:06 2237437                    /usr/lib/jvm/java-8-openjdk-amd64/jre/lib/ext/dnsns.jar
7f624c005000-7f624c0fe000 rw-p 00000000 00:00 0 
7f624c0fe000-7f624c23e000 ---p 00000000 00:00 0 
7f624c23e000-7f624c251000 rw-p 00000000 00:00 0 
7f624c251000-7f624c2e9000 ---p 00000000 00:00 0 
7f624c2e9000-7f624c2fa000 rw-p 00000000 00:00 0 
7f624c2fa000-7f624c6aa000 ---p 00000000 00:00 0 
7f624c6aa000-7f624c6b2000 r-xp 00000000 08:06 2235101                    /usr/lib/jvm/java-8-openjdk-amd64/jre/lib/amd64/libzip.so
7f624c6b2000-7f624c8b1000 ---p 00008000 08:06 2235101                    /usr/lib/jvm/java-8-openjdk-amd64/jre/lib/amd64/libzip.so
7f624c8b1000-7f624c8b2000 r--p 00007000 08:06 2235101                    /usr/lib/jvm/java-8-openjdk-amd64/jre/lib/amd64/libzip.so
7f624c8b2000-7f624c8b3000 rw-p 00008000 08:06 2235101                    /usr/lib/jvm/java-8-openjdk-amd64/jre/lib/amd64/libzip.so
7f624c8b3000-7f624c8be000 r-xp 00000000 08:06 2890961                    /lib/x86_64-linux-gnu/libnss_files-2.23.so
7f624c8be000-7f624cabd000 ---p 0000b000 08:06 2890961                    /lib/x86_64-linux-gnu/libnss_files-2.23.so
7f624cabd000-7f624cabe000 r--p 0000a000 08:06 2890961                    /lib/x86_64-linux-gnu/libnss_files-2.23.so
7f624cabe000-7f624cabf000 rw-p 0000b000 08:06 2890961                    /lib/x86_64-linux-gnu/libnss_files-2.23.so
7f624cabf000-7f624cac5000 rw-p 00000000 00:00 0 
7f624cac5000-7f624cad0000 r-xp 00000000 08:06 2890958                    /lib/x86_64-linux-gnu/libnss_nis-2.23.so
7f624cad0000-7f624cccf000 ---p 0000b000 08:06 2890958                    /lib/x86_64-linux-gnu/libnss_nis-2.23.so
7f624cccf000-7f624ccd0000 r--p 0000a000 08:06 2890958                    /lib/x86_64-linux-gnu/libnss_nis-2.23.so
7f624ccd0000-7f624ccd1000 rw-p 0000b000 08:06 2890958                    /lib/x86_64-linux-gnu/libnss_nis-2.23.so
7f624ccd1000-7f624cce7000 r-xp 00000000 08:06 2890956                    /lib/x86_64-linux-gnu/libnsl-2.23.so
7f624cce7000-7f624cee6000 ---p 00016000 08:06 2890956                    /lib/x86_64-linux-gnu/libnsl-2.23.so
7f624cee6000-7f624cee7000 r--p 00015000 08:06 2890956                    /lib/x86_64-linux-gnu/libnsl-2.23.so
7f624cee7000-7f624cee8000 rw-p 00016000 08:06 2890956                    /lib/x86_64-linux-gnu/libnsl-2.23.so
7f624cee8000-7f624ceea000 rw-p 00000000 00:00 0 
7f624ceea000-7f624cef2000 r-xp 00000000 08:06 2890954                    /lib/x86_64-linux-gnu/libnss_compat-2.23.so
7f624cef2000-7f624d0f1000 ---p 00008000 08:06 2890954                    /lib/x86_64-linux-gnu/libnss_compat-2.23.so
7f624d0f1000-7f624d0f2000 r--p 00007000 08:06 2890954                    /lib/x86_64-linux-gnu/libnss_compat-2.23.so
7f624d0f2000-7f624d0f3000 rw-p 00008000 08:06 2890954                    /lib/x86_64-linux-gnu/libnss_compat-2.23.so
7f624d0f3000-7f624d120000 r-xp 00000000 08:06 2234896                    /usr/lib/jvm/java-8-openjdk-amd64/jre/lib/amd64/libjava.so
7f624d120000-7f624d31f000 ---p 0002d000 08:06 2234896                    /usr/lib/jvm/java-8-openjdk-amd64/jre/lib/amd64/libjava.so
7f624d31f000-7f624d320000 r--p 0002c000 08:06 2234896                    /usr/lib/jvm/java-8-openjdk-amd64/jre/lib/amd64/libjava.so
7f624d320000-7f624d322000 rw-p 0002d000 08:06 2234896                    /usr/lib/jvm/java-8-openjdk-amd64/jre/lib/amd64/libjava.so
7f624d322000-7f624d331000 r-xp 00000000 08:06 2235039                    /usr/lib/jvm/java-8-openjdk-amd64/jre/lib/amd64/libverify.so
7f624d331000-7f624d530000 ---p 0000f000 08:06 2235039                    /usr/lib/jvm/java-8-openjdk-amd64/jre/lib/amd64/libverify.so
7f624d530000-7f624d532000 r--p 0000e000 08:06 2235039                    /usr/lib/jvm/java-8-openjdk-amd64/jre/lib/amd64/libverify.so
7f624d532000-7f624d533000 rw-p 00010000 08:06 2235039                    /usr/lib/jvm/java-8-openjdk-amd64/jre/lib/amd64/libverify.so
7f624d533000-7f624d53a000 r-xp 00000000 08:06 2890970                    /lib/x86_64-linux-gnu/librt-2.23.so
7f624d53a000-7f624d739000 ---p 00007000 08:06 2890970                    /lib/x86_64-linux-gnu/librt-2.23.so
7f624d739000-7f624d73a000 r--p 00006000 08:06 2890970                    /lib/x86_64-linux-gnu/librt-2.23.so
7f624d73a000-7f624d73b000 rw-p 00007000 08:06 2890970                    /lib/x86_64-linux-gnu/librt-2.23.so
7f624d73b000-7f624d751000 r-xp 00000000 08:06 2888468                    /lib/x86_64-linux-gnu/libgcc_s.so.1
7f624d751000-7f624d950000 ---p 00016000 08:06 2888468                    /lib/x86_64-linux-gnu/libgcc_s.so.1
7f624d950000-7f624d951000 rw-p 00015000 08:06 2888468                    /lib/x86_64-linux-gnu/libgcc_s.so.1
7f624d951000-7f624da59000 r-xp 00000000 08:06 2890967                    /lib/x86_64-linux-gnu/libm-2.23.so
7f624da59000-7f624dc58000 ---p 00108000 08:06 2890967                    /lib/x86_64-linux-gnu/libm-2.23.so
7f624dc58000-7f624dc59000 r--p 00107000 08:06 2890967                    /lib/x86_64-linux-gnu/libm-2.23.so
7f624dc59000-7f624dc5a000 rw-p 00108000 08:06 2890967                    /lib/x86_64-linux-gnu/libm-2.23.so
7f624dc5a000-7f624ddcc000 r-xp 00000000 08:06 2231152                    /usr/lib/x86_64-linux-gnu/libstdc++.so.6.0.21
7f624ddcc000-7f624dfcc000 ---p 00172000 08:06 2231152                    /usr/lib/x86_64-linux-gnu/libstdc++.so.6.0.21
7f624dfcc000-7f624dfd6000 r--p 00172000 08:06 2231152                    /usr/lib/x86_64-linux-gnu/libstdc++.so.6.0.21
7f624dfd6000-7f624dfd8000 rw-p 0017c000 08:06 2231152                    /usr/lib/x86_64-linux-gnu/libstdc++.so.6.0.21
7f624dfd8000-7f624dfdc000 rw-p 00000000 00:00 0 
7f624dfdc000-7f624ec2b000 r-xp 00000000 08:06 2235248                    /usr/lib/jvm/java-8-openjdk-amd64/jre/lib/amd64/server/libjvm.so
7f624ec2b000-7f624ee2a000 ---p 00c4f000 08:06 2235248                    /usr/lib/jvm/java-8-openjdk-amd64/jre/lib/amd64/server/libjvm.so
7f624ee2a000-7f624eebd000 r--p 00c4e000 08:06 2235248                    /usr/lib/jvm/java-8-openjdk-amd64/jre/lib/amd64/server/libjvm.so
7f624eebd000-7f624eee6000 rw-p 00ce1000 08:06 2235248                    /usr/lib/jvm/java-8-openjdk-amd64/jre/lib/amd64/server/libjvm.so
7f624eee6000-7f624ef16000 rw-p 00000000 00:00 0 
7f624ef16000-7f624ef2e000 r-xp 00000000 08:06 2890974                    /lib/x86_64-linux-gnu/libpthread-2.23.so
7f624ef2e000-7f624f12d000 ---p 00018000 08:06 2890974                    /lib/x86_64-linux-gnu/libpthread-2.23.so
7f624f12d000-7f624f12e000 r--p 00017000 08:06 2890974                    /lib/x86_64-linux-gnu/libpthread-2.23.so
7f624f12e000-7f624f12f000 rw-p 00018000 08:06 2890974                    /lib/x86_64-linux-gnu/libpthread-2.23.so
7f624f12f000-7f624f133000 rw-p 00000000 00:00 0 
7f624f133000-7f624f136000 r-xp 00000000 08:06 2890976                    /lib/x86_64-linux-gnu/libdl-2.23.so
7f624f136000-7f624f335000 ---p 00003000 08:06 2890976                    /lib/x86_64-linux-gnu/libdl-2.23.so
7f624f335000-7f624f336000 r--p 00002000 08:06 2890976                    /lib/x86_64-linux-gnu/libdl-2.23.so
7f624f336000-7f624f337000 rw-p 00003000 08:06 2890976                    /lib/x86_64-linux-gnu/libdl-2.23.so
7f624f337000-7f624f350000 r-xp 00000000 08:06 2888621                    /lib/x86_64-linux-gnu/libz.so.1.2.8
7f624f350000-7f624f54f000 ---p 00019000 08:06 2888621                    /lib/x86_64-linux-gnu/libz.so.1.2.8
7f624f54f000-7f624f550000 r--p 00018000 08:06 2888621                    /lib/x86_64-linux-gnu/libz.so.1.2.8
7f624f550000-7f624f551000 rw-p 00019000 08:06 2888621                    /lib/x86_64-linux-gnu/libz.so.1.2.8
7f624f551000-7f624f710000 r-xp 00000000 08:06 2890975                    /lib/x86_64-linux-gnu/libc-2.23.so
7f624f710000-7f624f910000 ---p 001bf000 08:06 2890975                    /lib/x86_64-linux-gnu/libc-2.23.so
7f624f910000-7f624f914000 r--p 001bf000 08:06 2890975                    /lib/x86_64-linux-gnu/libc-2.23.so
7f624f914000-7f624f916000 rw-p 001c3000 08:06 2890975                    /lib/x86_64-linux-gnu/libc-2.23.so
7f624f916000-7f624f91a000 rw-p 00000000 00:00 0 
7f624f91a000-7f624f927000 r-xp 00000000 08:06 2235020                    /usr/lib/jvm/java-8-openjdk-amd64/jre/lib/amd64/jli/libjli.so
7f624f927000-7f624fb27000 ---p 0000d000 08:06 2235020                    /usr/lib/jvm/java-8-openjdk-amd64/jre/lib/amd64/jli/libjli.so
7f624fb27000-7f624fb28000 r--p 0000d000 08:06 2235020                    /usr/lib/jvm/java-8-openjdk-amd64/jre/lib/amd64/jli/libjli.so
7f624fb28000-7f624fb29000 rw-p 0000e000 08:06 2235020                    /usr/lib/jvm/java-8-openjdk-amd64/jre/lib/amd64/jli/libjli.so
7f624fb29000-7f624fb4f000 r-xp 00000000 08:06 2890971                    /lib/x86_64-linux-gnu/ld-2.23.so
7f624fb4f000-7f624fb52000 r--s 0000f000 08:06 2237436                    /usr/lib/jvm/java-8-openjdk-amd64/jre/lib/ext/icedtea-sound.jar
7f624fb52000-7f624fb56000 r--s 00037000 08:06 2236620                    /usr/lib/jvm/java-8-openjdk-amd64/jre/lib/ext/sunpkcs11.jar
7f624fb56000-7f624fc2f000 rw-p 00000000 00:00 0 
7f624fc2f000-7f624fc32000 ---p 00000000 00:00 0 
7f624fc32000-7f624fd35000 rw-p 00000000 00:00 0 
7f624fd35000-7f624fd36000 r--s 00010000 08:06 2237435                    /usr/lib/jvm/java-8-openjdk-amd64/jre/lib/ext/zipfs.jar
7f624fd36000-7f624fd40000 r--s 00116000 08:06 2237434                    /usr/lib/jvm/java-8-openjdk-amd64/jre/lib/ext/localedata.jar
7f624fd40000-7f624fd42000 r--s 00008000 08:06 2237426                    /usr/lib/jvm/java-8-openjdk-amd64/jre/lib/ext/sunec.jar
7f624fd42000-7f624fd4a000 rw-s 00000000 08:06 680292                     /tmp/hsperfdata_pedro/9984
7f624fd4a000-7f624fd4b000 rw-p 00000000 00:00 0 
7f624fd4b000-7f624fd4c000 ---p 00000000 00:00 0 
7f624fd4c000-7f624fd4e000 rw-p 00000000 00:00 0 
7f624fd4e000-7f624fd4f000 r--p 00025000 08:06 2890971                    /lib/x86_64-linux-gnu/ld-2.23.so
7f624fd4f000-7f624fd50000 rw-p 00026000 08:06 2890971                    /lib/x86_64-linux-gnu/ld-2.23.so
7f624fd50000-7f624fd51000 rw-p 00000000 00:00 0 
7fffe1a97000-7fffe1ab9000 rw-p 00000000 00:00 0                          [stack]
7fffe1b81000-7fffe1b83000 r--p 00000000 00:00 0                          [vvar]
7fffe1b83000-7fffe1b85000 r-xp 00000000 00:00 0                          [vdso]
ffffffffff600000-ffffffffff601000 r-xp 00000000 00:00 0                  [vsyscall]

VM Arguments:
jvm_args: -Djava.awt.headless=true -Xmx1024M -Dfile.encoding=UTF-8 -Duser.country=US -Duser.language=en -Duser.variant 
java_command: com.android.dx.command.Main --dex --force-jumbo --num-threads=4 --multi-dex --output /home/pedro/TW314/tw314Mobile/app/build/intermediates/transforms/dex/debug/folders/1000/10/com.android.support-support-media-compat-24.2.1_94c4c099b7c1b480b74835edccf2b81a82b2e712 /home/pedro/TW314/tw314Mobile/app/build/intermediates/exploded-aar/com.android.support/support-media-compat/24.2.1/jars/classes.jar
java_class_path (initial): /home/pedro/Android/Sdk/build-tools/23.0.3/lib/dx.jar
Launcher Type: SUN_STANDARD

Environment Variables:
PATH=/home/pedro/bin:/home/pedro/.local/bin:/usr/local/sbin:/usr/local/bin:/usr/sbin:/usr/bin:/sbin:/bin:/usr/games:/usr/local/games:/snap/bin
LD_LIBRARY_PATH=.:
SHELL=/bin/bash
DISPLAY=:0

Signal Handlers:
SIGSEGV: [libjvm.so+0xa65880], sa_mask[0]=11111111011111111101111111111110, sa_flags=SA_RESTART|SA_SIGINFO
SIGBUS: [libjvm.so+0xa65880], sa_mask[0]=11111111011111111101111111111110, sa_flags=SA_RESTART|SA_SIGINFO
SIGFPE: [libjvm.so+0x8af1c0], sa_mask[0]=11111111011111111101111111111110, sa_flags=SA_RESTART|SA_SIGINFO
SIGPIPE: [libjvm.so+0x8af1c0], sa_mask[0]=11111111011111111101111111111110, sa_flags=SA_RESTART|SA_SIGINFO
SIGXFSZ: [libjvm.so+0x8af1c0], sa_mask[0]=11111111011111111101111111111110, sa_flags=SA_RESTART|SA_SIGINFO
SIGILL: [libjvm.so+0x8af1c0], sa_mask[0]=11111111011111111101111111111110, sa_flags=SA_RESTART|SA_SIGINFO
SIGUSR1: SIG_DFL, sa_mask[0]=00000000000000000000000000000000, sa_flags=none
SIGUSR2: [libjvm.so+0x8af070], sa_mask[0]=00100000000000000000000000000000, sa_flags=SA_RESTART|SA_SIGINFO
SIGHUP: [libjvm.so+0x8af540], sa_mask[0]=11111111011111111101111111111110, sa_flags=SA_RESTART|SA_SIGINFO
SIGINT: [libjvm.so+0x8af540], sa_mask[0]=11111111011111111101111111111110, sa_flags=SA_RESTART|SA_SIGINFO
SIGTERM: [libjvm.so+0x8af540], sa_mask[0]=11111111011111111101111111111110, sa_flags=SA_RESTART|SA_SIGINFO
SIGQUIT: [libjvm.so+0x8af540], sa_mask[0]=11111111011111111101111111111110, sa_flags=SA_RESTART|SA_SIGINFO


---------------  S Y S T E M  ---------------

OS:DISTRIB_ID=Ubuntu
DISTRIB_RELEASE=16.04
DISTRIB_CODENAME=xenial
DISTRIB_DESCRIPTION="Ubuntu 16.04.1 LTS"

uname:Linux 4.4.0-47-generic #68-Ubuntu SMP Wed Oct 26 19:39:52 UTC 2016 x86_64
libc:glibc 2.23 NPTL 2.23 
rlimit: STACK 8192k, CORE 0k, NPROC 14948, NOFILE 65536, AS infinity
load average:21,94 5,98 2,14

/proc/meminfo:
MemTotal:        3935848 kB
MemFree:          106644 kB
MemAvailable:      13192 kB
Buffers:             488 kB
Cached:           274400 kB
SwapCached:            0 kB
Active:          3421040 kB
Inactive:         244564 kB
Active(anon):    3416720 kB
Inactive(anon):   226324 kB
Active(file):       4320 kB
Inactive(file):    18240 kB
Unevictable:          56 kB
Mlocked:              56 kB
SwapTotal:             0 kB
SwapFree:              0 kB
Dirty:               164 kB
Writeback:             0 kB
AnonPages:       3391428 kB
Mapped:            82224 kB
Shmem:            251820 kB
Slab:              70436 kB
SReclaimable:      33212 kB
SUnreclaim:        37224 kB
KernelStack:       10992 kB
PageTables:        36832 kB
NFS_Unstable:          0 kB
Bounce:                0 kB
WritebackTmp:          0 kB
CommitLimit:     1967924 kB
Committed_AS:    7496992 kB
VmallocTotal:   34359738367 kB
VmallocUsed:           0 kB
VmallocChunk:          0 kB
HardwareCorrupted:     0 kB
AnonHugePages:   1728512 kB
CmaTotal:              0 kB
CmaFree:               0 kB
HugePages_Total:       0
HugePages_Free:        0
HugePages_Rsvd:        0
HugePages_Surp:        0
Hugepagesize:       2048 kB
DirectMap4k:      156416 kB
DirectMap2M:     3928064 kB
DirectMap1G:     1048576 kB


CPU:total 4 (2 cores per cpu, 2 threads per core) family 6 model 69 stepping 1, cmov, cx8, fxsr, mmx, sse, sse2, sse3, ssse3, sse4.1, sse4.2, popcnt, avx, avx2, aes, clmul, erms, lzcnt, ht, tsc, tscinvbit, bmi1, bmi2

/proc/cpuinfo:
processor	: 0
vendor_id	: GenuineIntel
cpu family	: 6
model		: 69
model name	: Intel(R) Core(TM) i5-4200U CPU @ 1.60GHz
stepping	: 1
microcode	: 0x1c
cpu MHz		: 799.968
cache size	: 3072 KB
physical id	: 0
siblings	: 4
core id		: 0
cpu cores	: 2
apicid		: 0
initial apicid	: 0
fpu		: yes
fpu_exception	: yes
cpuid level	: 13
wp		: yes
flags		: fpu vme de pse tsc msr pae mce cx8 apic sep mtrr pge mca cmov pat pse36 clflush dts acpi mmx fxsr sse sse2 ss ht tm pbe syscall nx pdpe1gb rdtscp lm constant_tsc arch_perfmon pebs bts rep_good nopl xtopology nonstop_tsc aperfmperf eagerfpu pni pclmulqdq dtes64 monitor ds_cpl vmx est tm2 ssse3 sdbg fma cx16 xtpr pdcm pcid sse4_1 sse4_2 movbe popcnt tsc_deadline_timer aes xsave avx f16c rdrand lahf_lm abm epb tpr_shadow vnmi flexpriority ept vpid fsgsbase tsc_adjust bmi1 avx2 smep bmi2 erms invpcid xsaveopt dtherm ida arat pln pts
bugs		:
bogomips	: 4589.17
clflush size	: 64
cache_alignment	: 64
address sizes	: 39 bits physical, 48 bits virtual
power management:

processor	: 1
vendor_id	: GenuineIntel
cpu family	: 6
model		: 69
model name	: Intel(R) Core(TM) i5-4200U CPU @ 1.60GHz
stepping	: 1
microcode	: 0x1c
cpu MHz		: 1480.355
cache size	: 3072 KB
physical id	: 0
siblings	: 4
core id		: 0
cpu cores	: 2
apicid		: 1
initial apicid	: 1
fpu		: yes
fpu_exception	: yes
cpuid level	: 13
wp		: yes
flags		: fpu vme de pse tsc msr pae mce cx8 apic sep mtrr pge mca cmov pat pse36 clflush dts acpi mmx fxsr sse sse2 ss ht tm pbe syscall nx pdpe1gb rdtscp lm constant_tsc arch_perfmon pebs bts rep_good nopl xtopology nonstop_tsc aperfmperf eagerfpu pni pclmulqdq dtes64 monitor ds_cpl vmx est tm2 ssse3 sdbg fma cx16 xtpr pdcm pcid sse4_1 sse4_2 movbe popcnt tsc_deadline_timer aes xsave avx f16c rdrand lahf_lm abm epb tpr_shadow vnmi flexpriority ept vpid fsgsbase tsc_adjust bmi1 avx2 smep bmi2 erms invpcid xsaveopt dtherm ida arat pln pts
bugs		:
bogomips	: 4589.17
clflush size	: 64
cache_alignment	: 64
address sizes	: 39 bits physical, 48 bits virtual
power management:

processor	: 2
vendor_id	: GenuineIntel
cpu family	: 6
model		: 69
model name	: Intel(R) Core(TM) i5-4200U CPU @ 1.60GHz
stepping	: 1
microcode	: 0x1c
cpu MHz		: 800.417
cache size	: 3072 KB
physical id	: 0
siblings	: 4
core id		: 1
cpu cores	: 2
apicid		: 2
initial apicid	: 2
fpu		: yes
fpu_exception	: yes
cpuid level	: 13
wp		: yes
flags		: fpu vme de pse tsc msr pae mce cx8 apic sep mtrr pge mca cmov pat pse36 clflush dts acpi mmx fxsr sse sse2 ss ht tm pbe syscall nx pdpe1gb rdtscp lm constant_tsc arch_perfmon pebs bts rep_good nopl xtopology nonstop_tsc aperfmperf eagerfpu pni pclmulqdq dtes64 monitor ds_cpl vmx est tm2 ssse3 sdbg fma cx16 xtpr pdcm pcid sse4_1 sse4_2 movbe popcnt tsc_deadline_timer aes xsave avx f16c rdrand lahf_lm abm epb tpr_shadow vnmi flexpriority ept vpid fsgsbase tsc_adjust bmi1 avx2 smep bmi2 erms invpcid xsaveopt dtherm ida arat pln pts
bugs		:
bogomips	: 4589.17
clflush size	: 64
cache_alignment	: 64
address sizes	: 39 bits physical, 48 bits virtual
power management:

processor	: 3
vendor_id	: GenuineIntel
cpu family	: 6
model		: 69
model name	: Intel(R) Core(TM) i5-4200U CPU @ 1.60GHz
stepping	: 1
microcode	: 0x1c
cpu MHz		: 799.968
cache size	: 3072 KB
physical id	: 0
siblings	: 4
core id		: 1
cpu cores	: 2
apicid		: 3
initial apicid	: 3
fpu		: yes
fpu_exception	: yes
cpuid level	: 13
wp		: yes
flags		: fpu vme de pse tsc msr pae mce cx8 apic sep mtrr pge mca cmov pat pse36 clflush dts acpi mmx fxsr sse sse2 ss ht tm pbe syscall nx pdpe1gb rdtscp lm constant_tsc arch_perfmon pebs bts rep_good nopl xtopology nonstop_tsc aperfmperf eagerfpu pni pclmulqdq dtes64 monitor ds_cpl vmx est tm2 ssse3 sdbg fma cx16 xtpr pdcm pcid sse4_1 sse4_2 movbe popcnt tsc_deadline_timer aes xsave avx f16c rdrand lahf_lm abm epb tpr_shadow vnmi flexpriority ept vpid fsgsbase tsc_adjust bmi1 avx2 smep bmi2 erms invpcid xsaveopt dtherm ida arat pln pts
bugs		:
bogomips	: 4589.17
clflush size	: 64
cache_alignment	: 64
address sizes	: 39 bits physical, 48 bits virtual
power management:



Memory: 4k page, physical 3935848k(106644k free), swap 0k(0k free)

vm_info: OpenJDK 64-Bit Server VM (25.111-b14) for linux-amd64 JRE (1.8.0_111-8u111-b14-2ubuntu0.16.04.2-b14), built on Oct 27 2016 18:10:19 by "buildd" with gcc 5.4.0 20160609

time: Sun Nov 13 19:07:49 2016
elapsed time: 35 seconds (0d 0h 0m 35s)

