#
# There is insufficient memory for the Java Runtime Environment to continue.
# Native memory allocation (mmap) failed to map 82837504 bytes for committing reserved memory.
# Possible reasons:
#   The system is out of physical RAM or swap space
#   In 32 bit mode, the process size limit was hit
# Possible solutions:
#   Reduce memory load on the system
#   Increase physical memory or swap space
#   Check if swap backing store is full
#   Use 64 bit Java on a 64 bit OS
#   Decrease Java heap size (-Xmx/-Xms)
#   Decrease number of Java threads
#   Decrease Java thread stack sizes (-Xss)
#   Set larger code cache with -XX:ReservedCodeCacheSize=
# This output file may be truncated or incomplete.
#
#  Out of Memory Error (os_linux.cpp:2630), pid=5857, tid=0x00007fd5d35f5700
#
# JRE version: OpenJDK Runtime Environment (8.0_111-b14) (build 1.8.0_111-8u111-b14-2ubuntu0.16.04.2-b14)
# Java VM: OpenJDK 64-Bit Server VM (25.111-b14 mixed mode linux-amd64 compressed oops)
# Failed to write core dump. Core dumps have been disabled. To enable core dumping, try "ulimit -c unlimited" before starting Java again
#

---------------  T H R E A D  ---------------

Current thread (0x00007fd5e8077800):  VMThread [stack: 0x00007fd5d34f5000,0x00007fd5d35f6000] [id=5877]

Stack: [0x00007fd5d34f5000,0x00007fd5d35f6000],  sp=0x00007fd5d35f44c0,  free space=1021k
Native frames: (J=compiled Java code, j=interpreted, Vv=VM code, C=native code)
V  [libjvm.so+0xa64d2b]
V  [libjvm.so+0x4c2dac]
V  [libjvm.so+0x8b3ba0]
V  [libjvm.so+0x8ae01e]
V  [libjvm.so+0x9288f6]
V  [libjvm.so+0x929c23]
V  [libjvm.so+0x9262d3]
V  [libjvm.so+0x92659c]
V  [libjvm.so+0x8d8433]
V  [libjvm.so+0xa669e2]
V  [libjvm.so+0xa6bab7]
V  [libjvm.so+0xa69287]
V  [libjvm.so+0xa6a70f]
V  [libjvm.so+0xa6ac01]
V  [libjvm.so+0x8b1082]

VM_Operation (0x00007fd5d221c0d0): ParallelGCFailedAllocation, mode: safepoint, requested by thread 0x00007fd5e817c800


---------------  P R O C E S S  ---------------

Java Threads: ( => current thread )
  0x00007fd5e817c800 JavaThread "pool-1-thread-1" [_thread_blocked, id=5986, stack(0x00007fd5d211d000,0x00007fd5d221e000)]
  0x00007fd5e80ba800 JavaThread "Service Thread" daemon [_thread_blocked, id=5894, stack(0x00007fd5d242f000,0x00007fd5d2530000)]
  0x00007fd5e80b3000 JavaThread "C1 CompilerThread2" daemon [_thread_blocked, id=5889, stack(0x00007fd5d2530000,0x00007fd5d2631000)]
  0x00007fd5e80b1000 JavaThread "C2 CompilerThread1" daemon [_thread_blocked, id=5888, stack(0x00007fd5d2631000,0x00007fd5d2732000)]
  0x00007fd5e80ae800 JavaThread "C2 CompilerThread0" daemon [_thread_blocked, id=5887, stack(0x00007fd5d2732000,0x00007fd5d2833000)]
  0x00007fd5e80ac000 JavaThread "Signal Dispatcher" daemon [_thread_blocked, id=5886, stack(0x00007fd5d2833000,0x00007fd5d2934000)]
  0x00007fd5e8084000 JavaThread "Finalizer" daemon [_thread_blocked, id=5879, stack(0x00007fd5d32f3000,0x00007fd5d33f4000)]
  0x00007fd5e807f800 JavaThread "Reference Handler" daemon [_thread_blocked, id=5878, stack(0x00007fd5d33f4000,0x00007fd5d34f5000)]
  0x00007fd5e800a000 JavaThread "main" [_thread_blocked, id=5864, stack(0x00007fd5f22df000,0x00007fd5f23e0000)]

Other Threads:
=>0x00007fd5e8077800 VMThread [stack: 0x00007fd5d34f5000,0x00007fd5d35f6000] [id=5877]
  0x00007fd5e80bc800 WatcherThread [stack: 0x00007fd5d232e000,0x00007fd5d242f000] [id=5898]

VM state:at safepoint (normal execution)

VM Mutex/Monitor currently owned by a thread:  ([mutex/lock_event])
[0x00007fd5e80067c0] Threads_lock - owner thread: 0x00007fd5e8077800
[0x00007fd5e8006cc0] Heap_lock - owner thread: 0x00007fd5e817c800

Heap:
 PSYoungGen      total 66048K, used 2554K [0x00000000eab00000, 0x00000000eee00000, 0x0000000100000000)
  eden space 63488K, 0% used [0x00000000eab00000,0x00000000eab00000,0x00000000ee900000)
  from space 2560K, 99% used [0x00000000ee900000,0x00000000eeb7e848,0x00000000eeb80000)
  to   space 2560K, 0% used [0x00000000eeb80000,0x00000000eeb80000,0x00000000eee00000)
 ParOldGen       total 42496K, used 21261K [0x00000000c0000000, 0x00000000c2980000, 0x00000000eab00000)
  object space 42496K, 50% used [0x00000000c0000000,0x00000000c14c35b8,0x00000000c2980000)
 Metaspace       used 6075K, capacity 7024K, committed 7296K, reserved 1056768K
  class space    used 598K, capacity 616K, committed 640K, reserved 1048576K

Card table byte_map: [0x00007fd5ee799000,0x00007fd5ee99a000] byte_map_base: 0x00007fd5ee199000

Marking Bits: (ParMarkBitMap*) 0x00007fd5f15a9220
 Begin Bits: [0x00007fd5ec23f000, 0x00007fd5ed23f000)
 End Bits:   [0x00007fd5ed23f000, 0x00007fd5ee23f000)

Polling page: 0x00007fd5f23fb000

CodeCache: size=245760Kb used=5433Kb max_used=5433Kb free=240326Kb
 bounds [0x00007fd5d9000000, 0x00007fd5d9560000, 0x00007fd5e8000000]
 total_blobs=1685 nmethods=1424 adapters=176
 compilation: enabled

Compilation events (10 events):
Event: 8,100 Thread 0x00007fd5e80b3000 1590       3       java.util.HashMap$KeySet::iterator (12 bytes)
Event: 8,100 Thread 0x00007fd5e80b3000 nmethod 1590 0x00007fd5d9549210 code [0x00007fd5d9549380, 0x00007fd5d95495e8]
Event: 8,100 Thread 0x00007fd5e80b3000 1591       3       java.util.HashMap$KeyIterator::<init> (11 bytes)
Event: 8,100 Thread 0x00007fd5e80b3000 nmethod 1591 0x00007fd5d9548e50 code [0x00007fd5d9548fc0, 0x00007fd5d9549168]
Event: 8,105 Thread 0x00007fd5e80b3000 1593       1       com.android.dx.rop.code.ThrowingInsn::getCatches (5 bytes)
Event: 8,105 Thread 0x00007fd5e80b3000 nmethod 1593 0x00007fd5d9548b90 code [0x00007fd5d9548ce0, 0x00007fd5d9548df0]
Event: 8,107 Thread 0x00007fd5e80b3000 1594       3       com.android.dx.dex.file.DebugInfoItem::<init> (36 bytes)
Event: 8,107 Thread 0x00007fd5e80b3000 nmethod 1594 0x00007fd5d9550c50 code [0x00007fd5d9550de0, 0x00007fd5d95510b8]
Event: 8,111 Thread 0x00007fd5e80b3000 1595       3       com.android.dx.rop.cst.CstType::equals (29 bytes)
Event: 8,112 Thread 0x00007fd5e80b3000 nmethod 1595 0x00007fd5d95511d0 code [0x00007fd5d9551340, 0x00007fd5d9551710]

GC Heap History (9 events):
Event: 2,219 GC heap before
{Heap before GC invocations=1 (full 0):
 PSYoungGen      total 18432K, used 15872K [0x00000000eab00000, 0x00000000ebf80000, 0x0000000100000000)
  eden space 15872K, 100% used [0x00000000eab00000,0x00000000eba80000,0x00000000eba80000)
  from space 2560K, 0% used [0x00000000ebd00000,0x00000000ebd00000,0x00000000ebf80000)
  to   space 2560K, 0% used [0x00000000eba80000,0x00000000eba80000,0x00000000ebd00000)
 ParOldGen       total 42496K, used 0K [0x00000000c0000000, 0x00000000c2980000, 0x00000000eab00000)
  object space 42496K, 0% used [0x00000000c0000000,0x00000000c0000000,0x00000000c2980000)
 Metaspace       used 5486K, capacity 6640K, committed 6784K, reserved 1056768K
  class space    used 572K, capacity 616K, committed 640K, reserved 1048576K
Event: 2,259 GC heap after
Heap after GC invocations=1 (full 0):
 PSYoungGen      total 18432K, used 2544K [0x00000000eab00000, 0x00000000ecf00000, 0x0000000100000000)
  eden space 15872K, 0% used [0x00000000eab00000,0x00000000eab00000,0x00000000eba80000)
  from space 2560K, 99% used [0x00000000eba80000,0x00000000ebcfc030,0x00000000ebd00000)
  to   space 2560K, 0% used [0x00000000ecc80000,0x00000000ecc80000,0x00000000ecf00000)
 ParOldGen       total 42496K, used 1260K [0x00000000c0000000, 0x00000000c2980000, 0x00000000eab00000)
  object space 42496K, 2% used [0x00000000c0000000,0x00000000c013b088,0x00000000c2980000)
 Metaspace       used 5486K, capacity 6640K, committed 6784K, reserved 1056768K
  class space    used 572K, capacity 616K, committed 640K, reserved 1048576K
}
Event: 3,088 GC heap before
{Heap before GC invocations=2 (full 0):
 PSYoungGen      total 18432K, used 18416K [0x00000000eab00000, 0x00000000ecf00000, 0x0000000100000000)
  eden space 15872K, 100% used [0x00000000eab00000,0x00000000eba80000,0x00000000eba80000)
  from space 2560K, 99% used [0x00000000eba80000,0x00000000ebcfc030,0x00000000ebd00000)
  to   space 2560K, 0% used [0x00000000ecc80000,0x00000000ecc80000,0x00000000ecf00000)
 ParOldGen       total 42496K, used 1260K [0x00000000c0000000, 0x00000000c2980000, 0x00000000eab00000)
  object space 42496K, 2% used [0x00000000c0000000,0x00000000c013b088,0x00000000c2980000)
 Metaspace       used 5625K, capacity 6768K, committed 7040K, reserved 1056768K
  class space    used 574K, capacity 616K, committed 640K, reserved 1048576K
Event: 3,134 GC heap after
Heap after GC invocations=2 (full 0):
 PSYoungGen      total 34304K, used 2545K [0x00000000eab00000, 0x00000000ecf00000, 0x0000000100000000)
  eden space 31744K, 0% used [0x00000000eab00000,0x00000000eab00000,0x00000000eca00000)
  from space 2560K, 99% used [0x00000000ecc80000,0x00000000ecefc4a0,0x00000000ecf00000)
  to   space 2560K, 0% used [0x00000000eca00000,0x00000000eca00000,0x00000000ecc80000)
 ParOldGen       total 42496K, used 3840K [0x00000000c0000000, 0x00000000c2980000, 0x00000000eab00000)
  object space 42496K, 9% used [0x00000000c0000000,0x00000000c03c03b8,0x00000000c2980000)
 Metaspace       used 5625K, capacity 6768K, committed 7040K, reserved 1056768K
  class space    used 574K, capacity 616K, committed 640K, reserved 1048576K
}
Event: 4,052 GC heap before
{Heap before GC invocations=3 (full 0):
 PSYoungGen      total 34304K, used 34289K [0x00000000eab00000, 0x00000000ecf00000, 0x0000000100000000)
  eden space 31744K, 100% used [0x00000000eab00000,0x00000000eca00000,0x00000000eca00000)
  from space 2560K, 99% used [0x00000000ecc80000,0x00000000ecefc4a0,0x00000000ecf00000)
  to   space 2560K, 0% used [0x00000000eca00000,0x00000000eca00000,0x00000000ecc80000)
 ParOldGen       total 42496K, used 3840K [0x00000000c0000000, 0x00000000c2980000, 0x00000000eab00000)
  object space 42496K, 9% used [0x00000000c0000000,0x00000000c03c03b8,0x00000000c2980000)
 Metaspace       used 5786K, capacity 6832K, committed 7040K, reserved 1056768K
  class space    used 592K, capacity 616K, committed 640K, reserved 1048576K
Event: 4,130 GC heap after
Heap after GC invocations=3 (full 0):
 PSYoungGen      total 34304K, used 2548K [0x00000000eab00000, 0x00000000eee00000, 0x0000000100000000)
  eden space 31744K, 0% used [0x00000000eab00000,0x00000000eab00000,0x00000000eca00000)
  from space 2560K, 99% used [0x00000000eca00000,0x00000000ecc7d198,0x00000000ecc80000)
  to   space 2560K, 0% used [0x00000000eeb80000,0x00000000eeb80000,0x00000000eee00000)
 ParOldGen       total 42496K, used 8827K [0x00000000c0000000, 0x00000000c2980000, 0x00000000eab00000)
  object space 42496K, 20% used [0x00000000c0000000,0x00000000c089ef18,0x00000000c2980000)
 Metaspace       used 5786K, capacity 6832K, committed 7040K, reserved 1056768K
  class space    used 592K, capacity 616K, committed 640K, reserved 1048576K
}
Event: 4,792 GC heap before
{Heap before GC invocations=4 (full 0):
 PSYoungGen      total 34304K, used 34292K [0x00000000eab00000, 0x00000000eee00000, 0x0000000100000000)
  eden space 31744K, 100% used [0x00000000eab00000,0x00000000eca00000,0x00000000eca00000)
  from space 2560K, 99% used [0x00000000eca00000,0x00000000ecc7d198,0x00000000ecc80000)
  to   space 2560K, 0% used [0x00000000eeb80000,0x00000000eeb80000,0x00000000eee00000)
 ParOldGen       total 42496K, used 8827K [0x00000000c0000000, 0x00000000c2980000, 0x00000000eab00000)
  object space 42496K, 20% used [0x00000000c0000000,0x00000000c089ef18,0x00000000c2980000)
 Metaspace       used 5863K, capacity 6896K, committed 7040K, reserved 1056768K
  class space    used 592K, capacity 616K, committed 640K, reserved 1048576K
Event: 4,856 GC heap after
Heap after GC invocations=4 (full 0):
 PSYoungGen      total 66048K, used 2532K [0x00000000eab00000, 0x00000000eee00000, 0x0000000100000000)
  eden space 63488K, 0% used [0x00000000eab00000,0x00000000eab00000,0x00000000ee900000)
  from space 2560K, 98% used [0x00000000eeb80000,0x00000000eedf9310,0x00000000eee00000)
  to   space 2560K, 0% used [0x00000000ee900000,0x00000000ee900000,0x00000000eeb80000)
 ParOldGen       total 42496K, used 13840K [0x00000000c0000000, 0x00000000c2980000, 0x00000000eab00000)
  object space 42496K, 32% used [0x00000000c0000000,0x00000000c0d842e0,0x00000000c2980000)
 Metaspace       used 5863K, capacity 6896K, committed 7040K, reserved 1056768K
  class space    used 592K, capacity 616K, committed 640K, reserved 1048576K
}
Event: 8,121 GC heap before
{Heap before GC invocations=5 (full 0):
 PSYoungGen      total 66048K, used 66020K [0x00000000eab00000, 0x00000000eee00000, 0x0000000100000000)
  eden space 63488K, 100% used [0x00000000eab00000,0x00000000ee900000,0x00000000ee900000)
  from space 2560K, 98% used [0x00000000eeb80000,0x00000000eedf9310,0x00000000eee00000)
  to   space 2560K, 0% used [0x00000000ee900000,0x00000000ee900000,0x00000000eeb80000)
 ParOldGen       total 42496K, used 13840K [0x00000000c0000000, 0x00000000c2980000, 0x00000000eab00000)
  object space 42496K, 32% used [0x00000000c0000000,0x00000000c0d842e0,0x00000000c2980000)
 Metaspace       used 6075K, capacity 7024K, committed 7296K, reserved 1056768K
  class space    used 598K, capacity 616K, committed 640K, reserved 1048576K

Deoptimization events (10 events):
Event: 3,028 Thread 0x00007fd5e8187000 Uncommon trap: reason=bimorphic action=maybe_recompile pc=0x00007fd5d923c918 method=java.util.HashMap.getNode(ILjava/lang/Object;)Ljava/util/HashMap$Node; @ 126
Event: 3,028 Thread 0x00007fd5e8187000 Uncommon trap: reason=bimorphic action=maybe_recompile pc=0x00007fd5d923c918 method=java.util.HashMap.getNode(ILjava/lang/Object;)Ljava/util/HashMap$Node; @ 126
Event: 3,028 Thread 0x00007fd5e8187000 Uncommon trap: reason=bimorphic action=maybe_recompile pc=0x00007fd5d923c918 method=java.util.HashMap.getNode(ILjava/lang/Object;)Ljava/util/HashMap$Node; @ 126
Event: 3,156 Thread 0x00007fd5e8187000 Uncommon trap: reason=unstable_if action=reinterpret pc=0x00007fd5d92bba90 method=com.android.dx.rop.code.RegisterSpecSet.put(Lcom/android/dx/rop/code/RegisterSpec;)V @ 77
Event: 3,295 Thread 0x00007fd5e800a000 Uncommon trap: reason=unstable_if action=reinterpret pc=0x00007fd5d92c73b8 method=com.android.dx.rop.code.LocalItem.hashCode()I @ 25
Event: 3,303 Thread 0x00007fd5e8187000 Uncommon trap: reason=null_check action=make_not_entrant pc=0x00007fd5d92b45a8 method=com.android.dx.ssa.SsaRenamer.getLocalForNewReg(I)Lcom/android/dx/rop/code/LocalItem; @ 19
Event: 3,304 Thread 0x00007fd5e8187000 Uncommon trap: reason=null_check action=make_not_entrant pc=0x00007fd5d928aaac method=com.android.dx.ssa.SsaRenamer.getLocalForNewReg(I)Lcom/android/dx/rop/code/LocalItem; @ 19
Event: 3,540 Thread 0x00007fd5e8184000 Uncommon trap: reason=unstable_if action=reinterpret pc=0x00007fd5d92bb0d4 method=com.android.dx.rop.code.RegisterSpec.equals(ILcom/android/dx/rop/type/TypeBearer;Lcom/android/dx/rop/code/LocalItem;)Z @ 42
Event: 3,560 Thread 0x00007fd5e800a000 Uncommon trap: reason=bimorphic action=maybe_recompile pc=0x00007fd5d923c918 method=java.util.HashMap.getNode(ILjava/lang/Object;)Ljava/util/HashMap$Node; @ 126
Event: 3,733 Thread 0x00007fd5e817a000 Uncommon trap: reason=unstable_if action=reinterpret pc=0x00007fd5d93367f4 method=java.util.HashMap.getNode(ILjava/lang/Object;)Ljava/util/HashMap$Node; @ 84

Internal exceptions (7 events):
Event: 0,121 Thread 0x00007fd5e800a000 Exception <a 'java/lang/NoSuchMethodError': Method sun.misc.Unsafe.defineClass(Ljava/lang/String;[BII)Ljava/lang/Class; name or signature does not match> (0x00000000eab07c78) thrown at [/build/openjdk-8-8jAw7G/openjdk-8-8u111-b14/src/hotspot/src/share/vm/
Event: 0,121 Thread 0x00007fd5e800a000 Exception <a 'java/lang/NoSuchMethodError': Method sun.misc.Unsafe.prefetchRead(Ljava/lang/Object;J)V name or signature does not match> (0x00000000eab07f60) thrown at [/build/openjdk-8-8jAw7G/openjdk-8-8u111-b14/src/hotspot/src/share/vm/prims/jni.cpp, lin
Event: 3,303 Thread 0x00007fd5e8187000 Implicit null exception at 0x00007fd5d92b1e30 to 0x00007fd5d92b455d
Event: 3,304 Thread 0x00007fd5e8187000 Implicit null exception at 0x00007fd5d9288089 to 0x00007fd5d928aa89
Event: 3,710 Thread 0x00007fd5e8187000 Exception <a 'java/lang/ArrayIndexOutOfBoundsException': 18> (0x00000000ebefff28) thrown at [/build/openjdk-8-8jAw7G/openjdk-8-8u111-b14/src/hotspot/src/share/vm/interpreter/interpreterRuntime.cpp, line 366]
Event: 3,710 Thread 0x00007fd5e8187000 Exception <a 'java/lang/ArrayIndexOutOfBoundsException': 145> (0x00000000ebf01aa8) thrown at [/build/openjdk-8-8jAw7G/openjdk-8-8u111-b14/src/hotspot/src/share/vm/interpreter/interpreterRuntime.cpp, line 366]
Event: 3,711 Thread 0x00007fd5e8187000 Exception <a 'java/lang/ArrayIndexOutOfBoundsException': 40> (0x00000000ebf02d90) thrown at [/build/openjdk-8-8jAw7G/openjdk-8-8u111-b14/src/hotspot/src/share/vm/interpreter/interpreterRuntime.cpp, line 366]

Events (10 events):
Event: 7,810 loading class java/util/SortedSet done
Event: 7,810 loading class java/util/NavigableSet done
Event: 7,810 loading class java/util/TreeMap$KeySet done
Event: 7,811 loading class java/util/TreeMap$KeyIterator
Event: 7,811 loading class java/util/TreeMap$KeyIterator done
Event: 7,812 loading class com/android/dx/rop/cst/Zeroes
Event: 7,812 loading class com/android/dx/rop/cst/Zeroes done
Event: 8,064 loading class com/android/dx/dex/file/CatchStructs
Event: 8,064 loading class com/android/dx/dex/file/CatchStructs done
Event: 8,121 Executing VM operation: ParallelGCFailedAllocation


Dynamic libraries:
00400000-00401000 r-xp 00000000 08:06 2239412                            /usr/lib/jvm/java-8-openjdk-amd64/jre/bin/java
00600000-00601000 r--p 00000000 08:06 2239412                            /usr/lib/jvm/java-8-openjdk-amd64/jre/bin/java
00601000-00602000 rw-p 00001000 08:06 2239412                            /usr/lib/jvm/java-8-openjdk-amd64/jre/bin/java
01d61000-01d82000 rw-p 00000000 00:00 0                                  [heap]
c0000000-c2980000 rw-p 00000000 00:00 0 
c2980000-eab00000 ---p 00000000 00:00 0 
eab00000-eee00000 rw-p 00000000 00:00 0 
f3d00000-100000000 ---p 00000000 00:00 0 
100000000-1000a0000 rw-p 00000000 00:00 0 
1000a0000-140000000 ---p 00000000 00:00 0 
7fd584000000-7fd584021000 rw-p 00000000 00:00 0 
7fd584021000-7fd588000000 ---p 00000000 00:00 0 
7fd58c000000-7fd58c021000 rw-p 00000000 00:00 0 
7fd58c021000-7fd590000000 ---p 00000000 00:00 0 
7fd590000000-7fd590036000 rw-p 00000000 00:00 0 
7fd590036000-7fd594000000 ---p 00000000 00:00 0 
7fd594000000-7fd594048000 rw-p 00000000 00:00 0 
7fd594048000-7fd598000000 ---p 00000000 00:00 0 
7fd598000000-7fd598021000 rw-p 00000000 00:00 0 
7fd598021000-7fd59c000000 ---p 00000000 00:00 0 
7fd59c000000-7fd59c021000 rw-p 00000000 00:00 0 
7fd59c021000-7fd5a0000000 ---p 00000000 00:00 0 
7fd5a0000000-7fd5a0021000 rw-p 00000000 00:00 0 
7fd5a0021000-7fd5a4000000 ---p 00000000 00:00 0 
7fd5a4000000-7fd5a4b9a000 rw-p 00000000 00:00 0 
7fd5a4b9a000-7fd5a8000000 ---p 00000000 00:00 0 
7fd5a8000000-7fd5a8bb7000 rw-p 00000000 00:00 0 
7fd5a8bb7000-7fd5ac000000 ---p 00000000 00:00 0 
7fd5ac000000-7fd5ac021000 rw-p 00000000 00:00 0 
7fd5ac021000-7fd5b0000000 ---p 00000000 00:00 0 
7fd5b0000000-7fd5b09c6000 rw-p 00000000 00:00 0 
7fd5b09c6000-7fd5b4000000 ---p 00000000 00:00 0 
7fd5b4000000-7fd5b4021000 rw-p 00000000 00:00 0 
7fd5b4021000-7fd5b8000000 ---p 00000000 00:00 0 
7fd5b8000000-7fd5b8021000 rw-p 00000000 00:00 0 
7fd5b8021000-7fd5bc000000 ---p 00000000 00:00 0 
7fd5bc000000-7fd5bc021000 rw-p 00000000 00:00 0 
7fd5bc021000-7fd5c0000000 ---p 00000000 00:00 0 
7fd5c0000000-7fd5c0021000 rw-p 00000000 00:00 0 
7fd5c0021000-7fd5c4000000 ---p 00000000 00:00 0 
7fd5c4000000-7fd5c402d000 rw-p 00000000 00:00 0 
7fd5c402d000-7fd5c8000000 ---p 00000000 00:00 0 
7fd5cc000000-7fd5cc021000 rw-p 00000000 00:00 0 
7fd5cc021000-7fd5d0000000 ---p 00000000 00:00 0 
7fd5d1e1a000-7fd5d1e1d000 ---p 00000000 00:00 0 
7fd5d1e1d000-7fd5d1f1b000 rw-p 00000000 00:00 0 
7fd5d1f1b000-7fd5d1f1e000 ---p 00000000 00:00 0 
7fd5d1f1e000-7fd5d201c000 rw-p 00000000 00:00 0 
7fd5d201c000-7fd5d201f000 ---p 00000000 00:00 0 
7fd5d201f000-7fd5d211d000 rw-p 00000000 00:00 0 
7fd5d211d000-7fd5d2120000 ---p 00000000 00:00 0 
7fd5d2120000-7fd5d221e000 rw-p 00000000 00:00 0 
7fd5d221e000-7fd5d2221000 ---p 00000000 00:00 0 
7fd5d2221000-7fd5d231f000 rw-p 00000000 00:00 0 
7fd5d231f000-7fd5d232e000 r--s 000df000 08:06 677257                     /home/pedro/Android/Sdk/build-tools/23.0.3/lib/dx.jar
7fd5d232e000-7fd5d232f000 ---p 00000000 00:00 0 
7fd5d232f000-7fd5d242f000 rw-p 00000000 00:00 0 
7fd5d242f000-7fd5d2432000 ---p 00000000 00:00 0 
7fd5d2432000-7fd5d2530000 rw-p 00000000 00:00 0 
7fd5d2530000-7fd5d2533000 ---p 00000000 00:00 0 
7fd5d2533000-7fd5d2631000 rw-p 00000000 00:00 0 
7fd5d2631000-7fd5d2634000 ---p 00000000 00:00 0 
7fd5d2634000-7fd5d2732000 rw-p 00000000 00:00 0 
7fd5d2732000-7fd5d2735000 ---p 00000000 00:00 0 
7fd5d2735000-7fd5d2833000 rw-p 00000000 00:00 0 
7fd5d2833000-7fd5d2836000 ---p 00000000 00:00 0 
7fd5d2836000-7fd5d2934000 rw-p 00000000 00:00 0 
7fd5d2934000-7fd5d32f3000 r--p 00000000 08:06 2236332                    /usr/lib/locale/locale-archive
7fd5d32f3000-7fd5d32f6000 ---p 00000000 00:00 0 
7fd5d32f6000-7fd5d33f4000 rw-p 00000000 00:00 0 
7fd5d33f4000-7fd5d33f7000 ---p 00000000 00:00 0 
7fd5d33f7000-7fd5d34f5000 rw-p 00000000 00:00 0 
7fd5d34f5000-7fd5d34f6000 ---p 00000000 00:00 0 
7fd5d34f6000-7fd5d4000000 rw-p 00000000 00:00 0 
7fd5d4000000-7fd5d4021000 rw-p 00000000 00:00 0 
7fd5d4021000-7fd5d8000000 ---p 00000000 00:00 0 
7fd5d8008000-7fd5d800d000 r--s 0003b000 08:06 2236619                    /usr/lib/jvm/java-8-openjdk-amd64/jre/lib/ext/sunjce_provider.jar
7fd5d800d000-7fd5d8028000 r--s 00394000 08:06 2236603                    /usr/lib/jvm/java-8-openjdk-amd64/jre/lib/ext/cldrdata.jar
7fd5d8028000-7fd5d85bc000 rw-p 00000000 00:00 0 
7fd5d85bc000-7fd5d878a000 r--s 03bf1000 08:06 2238589                    /usr/lib/jvm/java-8-openjdk-amd64/jre/lib/rt.jar
7fd5d878a000-7fd5d8e80000 rw-p 00000000 00:00 0 
7fd5d8e80000-7fd5d9000000 ---p 00000000 00:00 0 
7fd5d9000000-7fd5d9560000 rwxp 00000000 00:00 0 
7fd5d9560000-7fd5e8000000 ---p 00000000 00:00 0 
7fd5e8000000-7fd5e81aa000 rw-p 00000000 00:00 0 
7fd5e81aa000-7fd5ec000000 ---p 00000000 00:00 0 
7fd5ec000000-7fd5ec001000 r--s 0000a000 08:06 2237423                    /usr/lib/jvm/java-8-openjdk-amd64/jre/lib/ext/jaccess.jar
7fd5ec001000-7fd5ec003000 r--s 00001000 08:06 2237437                    /usr/lib/jvm/java-8-openjdk-amd64/jre/lib/ext/dnsns.jar
7fd5ec003000-7fd5ec01e000 r--s 001d5000 08:06 2236604                    /usr/lib/jvm/java-8-openjdk-amd64/jre/lib/ext/nashorn.jar
7fd5ec01e000-7fd5ee23f000 rw-p 00000000 00:00 0 
7fd5ee23f000-7fd5ee240000 ---p 00000000 00:00 0 
7fd5ee240000-7fd5ee340000 rw-p 00000000 00:00 0 
7fd5ee340000-7fd5ee341000 ---p 00000000 00:00 0 
7fd5ee341000-7fd5ee441000 rw-p 00000000 00:00 0 
7fd5ee441000-7fd5ee442000 ---p 00000000 00:00 0 
7fd5ee442000-7fd5ee542000 rw-p 00000000 00:00 0 
7fd5ee542000-7fd5ee543000 ---p 00000000 00:00 0 
7fd5ee543000-7fd5ee658000 rw-p 00000000 00:00 0 
7fd5ee658000-7fd5ee799000 ---p 00000000 00:00 0 
7fd5ee799000-7fd5ee7ae000 rw-p 00000000 00:00 0 
7fd5ee7ae000-7fd5ee8ee000 ---p 00000000 00:00 0 
7fd5ee8ee000-7fd5ee910000 rw-p 00000000 00:00 0 
7fd5ee910000-7fd5ee999000 ---p 00000000 00:00 0 
7fd5ee999000-7fd5ee9b0000 rw-p 00000000 00:00 0 
7fd5ee9b0000-7fd5eed5a000 ---p 00000000 00:00 0 
7fd5eed5a000-7fd5eed62000 r-xp 00000000 08:06 2235101                    /usr/lib/jvm/java-8-openjdk-amd64/jre/lib/amd64/libzip.so
7fd5eed62000-7fd5eef61000 ---p 00008000 08:06 2235101                    /usr/lib/jvm/java-8-openjdk-amd64/jre/lib/amd64/libzip.so
7fd5eef61000-7fd5eef62000 r--p 00007000 08:06 2235101                    /usr/lib/jvm/java-8-openjdk-amd64/jre/lib/amd64/libzip.so
7fd5eef62000-7fd5eef63000 rw-p 00008000 08:06 2235101                    /usr/lib/jvm/java-8-openjdk-amd64/jre/lib/amd64/libzip.so
7fd5eef63000-7fd5eef6e000 r-xp 00000000 08:06 2890961                    /lib/x86_64-linux-gnu/libnss_files-2.23.so
7fd5eef6e000-7fd5ef16d000 ---p 0000b000 08:06 2890961                    /lib/x86_64-linux-gnu/libnss_files-2.23.so
7fd5ef16d000-7fd5ef16e000 r--p 0000a000 08:06 2890961                    /lib/x86_64-linux-gnu/libnss_files-2.23.so
7fd5ef16e000-7fd5ef16f000 rw-p 0000b000 08:06 2890961                    /lib/x86_64-linux-gnu/libnss_files-2.23.so
7fd5ef16f000-7fd5ef175000 rw-p 00000000 00:00 0 
7fd5ef175000-7fd5ef180000 r-xp 00000000 08:06 2890958                    /lib/x86_64-linux-gnu/libnss_nis-2.23.so
7fd5ef180000-7fd5ef37f000 ---p 0000b000 08:06 2890958                    /lib/x86_64-linux-gnu/libnss_nis-2.23.so
7fd5ef37f000-7fd5ef380000 r--p 0000a000 08:06 2890958                    /lib/x86_64-linux-gnu/libnss_nis-2.23.so
7fd5ef380000-7fd5ef381000 rw-p 0000b000 08:06 2890958                    /lib/x86_64-linux-gnu/libnss_nis-2.23.so
7fd5ef381000-7fd5ef397000 r-xp 00000000 08:06 2890956                    /lib/x86_64-linux-gnu/libnsl-2.23.so
7fd5ef397000-7fd5ef596000 ---p 00016000 08:06 2890956                    /lib/x86_64-linux-gnu/libnsl-2.23.so
7fd5ef596000-7fd5ef597000 r--p 00015000 08:06 2890956                    /lib/x86_64-linux-gnu/libnsl-2.23.so
7fd5ef597000-7fd5ef598000 rw-p 00016000 08:06 2890956                    /lib/x86_64-linux-gnu/libnsl-2.23.so
7fd5ef598000-7fd5ef59a000 rw-p 00000000 00:00 0 
7fd5ef59a000-7fd5ef5a2000 r-xp 00000000 08:06 2890954                    /lib/x86_64-linux-gnu/libnss_compat-2.23.so
7fd5ef5a2000-7fd5ef7a1000 ---p 00008000 08:06 2890954                    /lib/x86_64-linux-gnu/libnss_compat-2.23.so
7fd5ef7a1000-7fd5ef7a2000 r--p 00007000 08:06 2890954                    /lib/x86_64-linux-gnu/libnss_compat-2.23.so
7fd5ef7a2000-7fd5ef7a3000 rw-p 00008000 08:06 2890954                    /lib/x86_64-linux-gnu/libnss_compat-2.23.so
7fd5ef7a3000-7fd5ef7d0000 r-xp 00000000 08:06 2234896                    /usr/lib/jvm/java-8-openjdk-amd64/jre/lib/amd64/libjava.so
7fd5ef7d0000-7fd5ef9cf000 ---p 0002d000 08:06 2234896                    /usr/lib/jvm/java-8-openjdk-amd64/jre/lib/amd64/libjava.so
7fd5ef9cf000-7fd5ef9d0000 r--p 0002c000 08:06 2234896                    /usr/lib/jvm/java-8-openjdk-amd64/jre/lib/amd64/libjava.so
7fd5ef9d0000-7fd5ef9d2000 rw-p 0002d000 08:06 2234896                    /usr/lib/jvm/java-8-openjdk-amd64/jre/lib/amd64/libjava.so
7fd5ef9d2000-7fd5ef9e1000 r-xp 00000000 08:06 2235039                    /usr/lib/jvm/java-8-openjdk-amd64/jre/lib/amd64/libverify.so
7fd5ef9e1000-7fd5efbe0000 ---p 0000f000 08:06 2235039                    /usr/lib/jvm/java-8-openjdk-amd64/jre/lib/amd64/libverify.so
7fd5efbe0000-7fd5efbe2000 r--p 0000e000 08:06 2235039                    /usr/lib/jvm/java-8-openjdk-amd64/jre/lib/amd64/libverify.so
7fd5efbe2000-7fd5efbe3000 rw-p 00010000 08:06 2235039                    /usr/lib/jvm/java-8-openjdk-amd64/jre/lib/amd64/libverify.so
7fd5efbe3000-7fd5efbea000 r-xp 00000000 08:06 2890970                    /lib/x86_64-linux-gnu/librt-2.23.so
7fd5efbea000-7fd5efde9000 ---p 00007000 08:06 2890970                    /lib/x86_64-linux-gnu/librt-2.23.so
7fd5efde9000-7fd5efdea000 r--p 00006000 08:06 2890970                    /lib/x86_64-linux-gnu/librt-2.23.so
7fd5efdea000-7fd5efdeb000 rw-p 00007000 08:06 2890970                    /lib/x86_64-linux-gnu/librt-2.23.so
7fd5efdeb000-7fd5efe01000 r-xp 00000000 08:06 2888468                    /lib/x86_64-linux-gnu/libgcc_s.so.1
7fd5efe01000-7fd5f0000000 ---p 00016000 08:06 2888468                    /lib/x86_64-linux-gnu/libgcc_s.so.1
7fd5f0000000-7fd5f0001000 rw-p 00015000 08:06 2888468                    /lib/x86_64-linux-gnu/libgcc_s.so.1
7fd5f0001000-7fd5f0109000 r-xp 00000000 08:06 2890967                    /lib/x86_64-linux-gnu/libm-2.23.so
7fd5f0109000-7fd5f0308000 ---p 00108000 08:06 2890967                    /lib/x86_64-linux-gnu/libm-2.23.so
7fd5f0308000-7fd5f0309000 r--p 00107000 08:06 2890967                    /lib/x86_64-linux-gnu/libm-2.23.so
7fd5f0309000-7fd5f030a000 rw-p 00108000 08:06 2890967                    /lib/x86_64-linux-gnu/libm-2.23.so
7fd5f030a000-7fd5f047c000 r-xp 00000000 08:06 2230272                    /usr/lib/x86_64-linux-gnu/libstdc++.so.6.0.21
7fd5f047c000-7fd5f067c000 ---p 00172000 08:06 2230272                    /usr/lib/x86_64-linux-gnu/libstdc++.so.6.0.21
7fd5f067c000-7fd5f0686000 r--p 00172000 08:06 2230272                    /usr/lib/x86_64-linux-gnu/libstdc++.so.6.0.21
7fd5f0686000-7fd5f0688000 rw-p 0017c000 08:06 2230272                    /usr/lib/x86_64-linux-gnu/libstdc++.so.6.0.21
7fd5f0688000-7fd5f068c000 rw-p 00000000 00:00 0 
7fd5f068c000-7fd5f12db000 r-xp 00000000 08:06 2235248                    /usr/lib/jvm/java-8-openjdk-amd64/jre/lib/amd64/server/libjvm.so
7fd5f12db000-7fd5f14da000 ---p 00c4f000 08:06 2235248                    /usr/lib/jvm/java-8-openjdk-amd64/jre/lib/amd64/server/libjvm.so
7fd5f14da000-7fd5f156d000 r--p 00c4e000 08:06 2235248                    /usr/lib/jvm/java-8-openjdk-amd64/jre/lib/amd64/server/libjvm.so
7fd5f156d000-7fd5f1596000 rw-p 00ce1000 08:06 2235248                    /usr/lib/jvm/java-8-openjdk-amd64/jre/lib/amd64/server/libjvm.so
7fd5f1596000-7fd5f15c6000 rw-p 00000000 00:00 0 
7fd5f15c6000-7fd5f15de000 r-xp 00000000 08:06 2890974                    /lib/x86_64-linux-gnu/libpthread-2.23.so
7fd5f15de000-7fd5f17dd000 ---p 00018000 08:06 2890974                    /lib/x86_64-linux-gnu/libpthread-2.23.so
7fd5f17dd000-7fd5f17de000 r--p 00017000 08:06 2890974                    /lib/x86_64-linux-gnu/libpthread-2.23.so
7fd5f17de000-7fd5f17df000 rw-p 00018000 08:06 2890974                    /lib/x86_64-linux-gnu/libpthread-2.23.so
7fd5f17df000-7fd5f17e3000 rw-p 00000000 00:00 0 
7fd5f17e3000-7fd5f17e6000 r-xp 00000000 08:06 2890976                    /lib/x86_64-linux-gnu/libdl-2.23.so
7fd5f17e6000-7fd5f19e5000 ---p 00003000 08:06 2890976                    /lib/x86_64-linux-gnu/libdl-2.23.so
7fd5f19e5000-7fd5f19e6000 r--p 00002000 08:06 2890976                    /lib/x86_64-linux-gnu/libdl-2.23.so
7fd5f19e6000-7fd5f19e7000 rw-p 00003000 08:06 2890976                    /lib/x86_64-linux-gnu/libdl-2.23.so
7fd5f19e7000-7fd5f1a00000 r-xp 00000000 08:06 2888621                    /lib/x86_64-linux-gnu/libz.so.1.2.8
7fd5f1a00000-7fd5f1bff000 ---p 00019000 08:06 2888621                    /lib/x86_64-linux-gnu/libz.so.1.2.8
7fd5f1bff000-7fd5f1c00000 r--p 00018000 08:06 2888621                    /lib/x86_64-linux-gnu/libz.so.1.2.8
7fd5f1c00000-7fd5f1c01000 rw-p 00019000 08:06 2888621                    /lib/x86_64-linux-gnu/libz.so.1.2.8
7fd5f1c01000-7fd5f1dc0000 r-xp 00000000 08:06 2890975                    /lib/x86_64-linux-gnu/libc-2.23.so
7fd5f1dc0000-7fd5f1fc0000 ---p 001bf000 08:06 2890975                    /lib/x86_64-linux-gnu/libc-2.23.so
7fd5f1fc0000-7fd5f1fc4000 r--p 001bf000 08:06 2890975                    /lib/x86_64-linux-gnu/libc-2.23.so
7fd5f1fc4000-7fd5f1fc6000 rw-p 001c3000 08:06 2890975                    /lib/x86_64-linux-gnu/libc-2.23.so
7fd5f1fc6000-7fd5f1fca000 rw-p 00000000 00:00 0 
7fd5f1fca000-7fd5f1fd7000 r-xp 00000000 08:06 2235020                    /usr/lib/jvm/java-8-openjdk-amd64/jre/lib/amd64/jli/libjli.so
7fd5f1fd7000-7fd5f21d7000 ---p 0000d000 08:06 2235020                    /usr/lib/jvm/java-8-openjdk-amd64/jre/lib/amd64/jli/libjli.so
7fd5f21d7000-7fd5f21d8000 r--p 0000d000 08:06 2235020                    /usr/lib/jvm/java-8-openjdk-amd64/jre/lib/amd64/jli/libjli.so
7fd5f21d8000-7fd5f21d9000 rw-p 0000e000 08:06 2235020                    /usr/lib/jvm/java-8-openjdk-amd64/jre/lib/amd64/jli/libjli.so
7fd5f21d9000-7fd5f21ff000 r-xp 00000000 08:06 2890971                    /lib/x86_64-linux-gnu/ld-2.23.so
7fd5f21ff000-7fd5f2202000 r--s 0000f000 08:06 2237436                    /usr/lib/jvm/java-8-openjdk-amd64/jre/lib/ext/icedtea-sound.jar
7fd5f2202000-7fd5f2206000 r--s 00037000 08:06 2236620                    /usr/lib/jvm/java-8-openjdk-amd64/jre/lib/ext/sunpkcs11.jar
7fd5f2206000-7fd5f22df000 rw-p 00000000 00:00 0 
7fd5f22df000-7fd5f22e2000 ---p 00000000 00:00 0 
7fd5f22e2000-7fd5f23e5000 rw-p 00000000 00:00 0 
7fd5f23e5000-7fd5f23e6000 r--s 00010000 08:06 2237435                    /usr/lib/jvm/java-8-openjdk-amd64/jre/lib/ext/zipfs.jar
7fd5f23e6000-7fd5f23f0000 r--s 00116000 08:06 2237434                    /usr/lib/jvm/java-8-openjdk-amd64/jre/lib/ext/localedata.jar
7fd5f23f0000-7fd5f23f2000 r--s 00008000 08:06 2237426                    /usr/lib/jvm/java-8-openjdk-amd64/jre/lib/ext/sunec.jar
7fd5f23f2000-7fd5f23fa000 rw-s 00000000 08:06 664933                     /tmp/hsperfdata_pedro/5857
7fd5f23fa000-7fd5f23fb000 rw-p 00000000 00:00 0 
7fd5f23fb000-7fd5f23fc000 ---p 00000000 00:00 0 
7fd5f23fc000-7fd5f23fe000 rw-p 00000000 00:00 0 
7fd5f23fe000-7fd5f23ff000 r--p 00025000 08:06 2890971                    /lib/x86_64-linux-gnu/ld-2.23.so
7fd5f23ff000-7fd5f2400000 rw-p 00026000 08:06 2890971                    /lib/x86_64-linux-gnu/ld-2.23.so
7fd5f2400000-7fd5f2401000 rw-p 00000000 00:00 0 
7ffe07368000-7ffe0738a000 rw-p 00000000 00:00 0                          [stack]
7ffe073a1000-7ffe073a3000 r--p 00000000 00:00 0                          [vvar]
7ffe073a3000-7ffe073a5000 r-xp 00000000 00:00 0                          [vdso]
ffffffffff600000-ffffffffff601000 r-xp 00000000 00:00 0                  [vsyscall]

VM Arguments:
jvm_args: -Djava.awt.headless=true -Xmx1024M -Dfile.encoding=UTF-8 -Duser.country=US -Duser.language=en -Duser.variant 
java_command: com.android.dx.command.Main --dex --force-jumbo --num-threads=4 --multi-dex --output /home/pedro/TW314/tw314Mobile/app/build/intermediates/transforms/dex/debug/folders/1000/10/com.android.support-support-core-ui-24.2.1_e12b8db81f2f2d266dba065fa74bcaf96259f171 /home/pedro/TW314/tw314Mobile/app/build/intermediates/exploded-aar/com.android.support/support-core-ui/24.2.1/jars/classes.jar
java_class_path (initial): /home/pedro/Android/Sdk/build-tools/23.0.3/lib/dx.jar
Launcher Type: SUN_STANDARD

Environment Variables:
PATH=/home/pedro/bin:/home/pedro/.local/bin:/usr/local/sbin:/usr/local/bin:/usr/sbin:/usr/bin:/sbin:/bin:/usr/games:/usr/local/games:/snap/bin
LD_LIBRARY_PATH=.:
SHELL=/bin/bash
DISPLAY=:0

Signal Handlers:
SIGSEGV: [libjvm.so+0xa65880], sa_mask[0]=11111111011111111101111111111110, sa_flags=SA_RESTART|SA_SIGINFO
SIGBUS: [libjvm.so+0xa65880], sa_mask[0]=11111111011111111101111111111110, sa_flags=SA_RESTART|SA_SIGINFO
SIGFPE: [libjvm.so+0x8af1c0], sa_mask[0]=11111111011111111101111111111110, sa_flags=SA_RESTART|SA_SIGINFO
SIGPIPE: [libjvm.so+0x8af1c0], sa_mask[0]=11111111011111111101111111111110, sa_flags=SA_RESTART|SA_SIGINFO
SIGXFSZ: [libjvm.so+0x8af1c0], sa_mask[0]=11111111011111111101111111111110, sa_flags=SA_RESTART|SA_SIGINFO
SIGILL: [libjvm.so+0x8af1c0], sa_mask[0]=11111111011111111101111111111110, sa_flags=SA_RESTART|SA_SIGINFO
SIGUSR1: SIG_DFL, sa_mask[0]=00000000000000000000000000000000, sa_flags=none
SIGUSR2: [libjvm.so+0x8af070], sa_mask[0]=00100000000000000000000000000000, sa_flags=SA_RESTART|SA_SIGINFO
SIGHUP: [libjvm.so+0x8af540], sa_mask[0]=11111111011111111101111111111110, sa_flags=SA_RESTART|SA_SIGINFO
SIGINT: [libjvm.so+0x8af540], sa_mask[0]=11111111011111111101111111111110, sa_flags=SA_RESTART|SA_SIGINFO
SIGTERM: [libjvm.so+0x8af540], sa_mask[0]=11111111011111111101111111111110, sa_flags=SA_RESTART|SA_SIGINFO
SIGQUIT: [libjvm.so+0x8af540], sa_mask[0]=11111111011111111101111111111110, sa_flags=SA_RESTART|SA_SIGINFO


---------------  S Y S T E M  ---------------

OS:DISTRIB_ID=Ubuntu
DISTRIB_RELEASE=16.04
DISTRIB_CODENAME=xenial
DISTRIB_DESCRIPTION="Ubuntu 16.04.1 LTS"

uname:Linux 4.4.0-45-generic #66-Ubuntu SMP Wed Oct 19 14:12:37 UTC 2016 x86_64
libc:glibc 2.23 NPTL 2.23 
rlimit: STACK 8192k, CORE 0k, NPROC 14949, NOFILE 65536, AS infinity
load average:11,86 3,82 2,04

/proc/meminfo:
MemTotal:        3935876 kB
MemFree:          125676 kB
MemAvailable:      29616 kB
Buffers:             692 kB
Cached:           234524 kB
SwapCached:            0 kB
Active:          3432968 kB
Inactive:         209120 kB
Active(anon):    3429788 kB
Inactive(anon):   198360 kB
Active(file):       3180 kB
Inactive(file):    10760 kB
Unevictable:          52 kB
Mlocked:              52 kB
SwapTotal:             0 kB
SwapFree:              0 kB
Dirty:               148 kB
Writeback:             0 kB
AnonPages:       3407672 kB
Mapped:            64320 kB
Shmem:            220528 kB
Slab:              74868 kB
SReclaimable:      36620 kB
SUnreclaim:        38248 kB
KernelStack:       11872 kB
PageTables:        37252 kB
NFS_Unstable:          0 kB
Bounce:                0 kB
WritebackTmp:          0 kB
CommitLimit:     1967936 kB
Committed_AS:    7812684 kB
VmallocTotal:   34359738367 kB
VmallocUsed:           0 kB
VmallocChunk:          0 kB
HardwareCorrupted:     0 kB
AnonHugePages:   1308672 kB
CmaTotal:              0 kB
CmaFree:               0 kB
HugePages_Total:       0
HugePages_Free:        0
HugePages_Rsvd:        0
HugePages_Surp:        0
Hugepagesize:       2048 kB
DirectMap4k:      158464 kB
DirectMap2M:     3926016 kB
DirectMap1G:     1048576 kB


CPU:total 4 (2 cores per cpu, 2 threads per core) family 6 model 69 stepping 1, cmov, cx8, fxsr, mmx, sse, sse2, sse3, ssse3, sse4.1, sse4.2, popcnt, avx, avx2, aes, clmul, erms, lzcnt, ht, tsc, tscinvbit, bmi1, bmi2

/proc/cpuinfo:
processor	: 0
vendor_id	: GenuineIntel
cpu family	: 6
model		: 69
model name	: Intel(R) Core(TM) i5-4200U CPU @ 1.60GHz
stepping	: 1
microcode	: 0x1c
cpu MHz		: 896.730
cache size	: 3072 KB
physical id	: 0
siblings	: 4
core id		: 0
cpu cores	: 2
apicid		: 0
initial apicid	: 0
fpu		: yes
fpu_exception	: yes
cpuid level	: 13
wp		: yes
flags		: fpu vme de pse tsc msr pae mce cx8 apic sep mtrr pge mca cmov pat pse36 clflush dts acpi mmx fxsr sse sse2 ss ht tm pbe syscall nx pdpe1gb rdtscp lm constant_tsc arch_perfmon pebs bts rep_good nopl xtopology nonstop_tsc aperfmperf eagerfpu pni pclmulqdq dtes64 monitor ds_cpl vmx est tm2 ssse3 sdbg fma cx16 xtpr pdcm pcid sse4_1 sse4_2 movbe popcnt tsc_deadline_timer aes xsave avx f16c rdrand lahf_lm abm epb tpr_shadow vnmi flexpriority ept vpid fsgsbase tsc_adjust bmi1 avx2 smep bmi2 erms invpcid xsaveopt dtherm ida arat pln pts
bugs		:
bogomips	: 4589.16
clflush size	: 64
cache_alignment	: 64
address sizes	: 39 bits physical, 48 bits virtual
power management:

processor	: 1
vendor_id	: GenuineIntel
cpu family	: 6
model		: 69
model name	: Intel(R) Core(TM) i5-4200U CPU @ 1.60GHz
stepping	: 1
microcode	: 0x1c
cpu MHz		: 801.136
cache size	: 3072 KB
physical id	: 0
siblings	: 4
core id		: 0
cpu cores	: 2
apicid		: 1
initial apicid	: 1
fpu		: yes
fpu_exception	: yes
cpuid level	: 13
wp		: yes
flags		: fpu vme de pse tsc msr pae mce cx8 apic sep mtrr pge mca cmov pat pse36 clflush dts acpi mmx fxsr sse sse2 ss ht tm pbe syscall nx pdpe1gb rdtscp lm constant_tsc arch_perfmon pebs bts rep_good nopl xtopology nonstop_tsc aperfmperf eagerfpu pni pclmulqdq dtes64 monitor ds_cpl vmx est tm2 ssse3 sdbg fma cx16 xtpr pdcm pcid sse4_1 sse4_2 movbe popcnt tsc_deadline_timer aes xsave avx f16c rdrand lahf_lm abm epb tpr_shadow vnmi flexpriority ept vpid fsgsbase tsc_adjust bmi1 avx2 smep bmi2 erms invpcid xsaveopt dtherm ida arat pln pts
bugs		:
bogomips	: 4589.16
clflush size	: 64
cache_alignment	: 64
address sizes	: 39 bits physical, 48 bits virtual
power management:

processor	: 2
vendor_id	: GenuineIntel
cpu family	: 6
model		: 69
model name	: Intel(R) Core(TM) i5-4200U CPU @ 1.60GHz
stepping	: 1
microcode	: 0x1c
cpu MHz		: 810.570
cache size	: 3072 KB
physical id	: 0
siblings	: 4
core id		: 1
cpu cores	: 2
apicid		: 2
initial apicid	: 2
fpu		: yes
fpu_exception	: yes
cpuid level	: 13
wp		: yes
flags		: fpu vme de pse tsc msr pae mce cx8 apic sep mtrr pge mca cmov pat pse36 clflush dts acpi mmx fxsr sse sse2 ss ht tm pbe syscall nx pdpe1gb rdtscp lm constant_tsc arch_perfmon pebs bts rep_good nopl xtopology nonstop_tsc aperfmperf eagerfpu pni pclmulqdq dtes64 monitor ds_cpl vmx est tm2 ssse3 sdbg fma cx16 xtpr pdcm pcid sse4_1 sse4_2 movbe popcnt tsc_deadline_timer aes xsave avx f16c rdrand lahf_lm abm epb tpr_shadow vnmi flexpriority ept vpid fsgsbase tsc_adjust bmi1 avx2 smep bmi2 erms invpcid xsaveopt dtherm ida arat pln pts
bugs		:
bogomips	: 4589.16
clflush size	: 64
cache_alignment	: 64
address sizes	: 39 bits physical, 48 bits virtual
power management:

processor	: 3
vendor_id	: GenuineIntel
cpu family	: 6
model		: 69
model name	: Intel(R) Core(TM) i5-4200U CPU @ 1.60GHz
stepping	: 1
microcode	: 0x1c
cpu MHz		: 813.894
cache size	: 3072 KB
physical id	: 0
siblings	: 4
core id		: 1
cpu cores	: 2
apicid		: 3
initial apicid	: 3
fpu		: yes
fpu_exception	: yes
cpuid level	: 13
wp		: yes
flags		: fpu vme de pse tsc msr pae mce cx8 apic sep mtrr pge mca cmov pat pse36 clflush dts acpi mmx fxsr sse sse2 ss ht tm pbe syscall nx pdpe1gb rdtscp lm constant_tsc arch_perfmon pebs bts rep_good nopl xtopology nonstop_tsc aperfmperf eagerfpu pni pclmulqdq dtes64 monitor ds_cpl vmx est tm2 ssse3 sdbg fma cx16 xtpr pdcm pcid sse4_1 sse4_2 movbe popcnt tsc_deadline_timer aes xsave avx f16c rdrand lahf_lm abm epb tpr_shadow vnmi flexpriority ept vpid fsgsbase tsc_adjust bmi1 avx2 smep bmi2 erms invpcid xsaveopt dtherm ida arat pln pts
bugs		:
bogomips	: 4589.16
clflush size	: 64
cache_alignment	: 64
address sizes	: 39 bits physical, 48 bits virtual
power management:



Memory: 4k page, physical 3935876k(125676k free), swap 0k(0k free)

vm_info: OpenJDK 64-Bit Server VM (25.111-b14) for linux-amd64 JRE (1.8.0_111-8u111-b14-2ubuntu0.16.04.2-b14), built on Oct 27 2016 18:10:19 by "buildd" with gcc 5.4.0 20160609

time: Wed Nov  9 19:30:12 2016
elapsed time: 27 seconds (0d 0h 0m 27s)

